<?xml version="1.0"?><coverage lines-covered="2805" lines-valid="7912" line-rate="0.3545247724974722" branches-covered="0" branches-valid="0" branch-rate="0" complexity="0" version="1.9" timestamp="1752056280"><sources><source>/Users/aiq/work/wezterm-parallel</source></sources><packages><package name="src/error" line-rate="0.328125" branch-rate="0" complexity="0"><classes><class name="mod" filename="src/error/mod.rs" line-rate="0.37341772151898733" branch-rate="0" complexity="0"><methods/><lines><line number="19" hits="5"/><line number="20" hits="10"/><line number="21" hits="30"/><line number="22" hits="30"/><line number="23" hits="30"/><line number="24" hits="30"/><line number="27" hits="10"/><line number="44" hits="4"/><line number="46" hits="4"/><line number="48" hits="4"/><line number="66" hits="4"/><line number="68" hits="4"/><line number="69" hits="4"/><line number="105" hits="0"/><line number="106" hits="0"/><line number="113" hits="8"/><line number="116" hits="24"/><line number="117" hits="24"/><line number="118" hits="24"/><line number="119" hits="16"/><line number="131" hits="8"/><line number="135" hits="5"/><line number="138" hits="15"/><line number="139" hits="15"/><line number="140" hits="15"/><line number="141" hits="15"/><line number="146" hits="5"/><line number="150" hits="16"/><line number="153" hits="48"/><line number="154" hits="48"/><line number="155" hits="48"/><line number="156" hits="32"/><line number="168" hits="16"/><line number="172" hits="1"/><line number="175" hits="3"/><line number="176" hits="3"/><line number="177" hits="3"/><line number="178" hits="3"/><line number="183" hits="1"/><line number="187" hits="0"/><line number="190" hits="0"/><line number="191" hits="0"/><line number="192" hits="0"/><line number="193" hits="0"/><line number="205" hits="0"/><line number="209" hits="0"/><line number="212" hits="0"/><line number="213" hits="0"/><line number="214" hits="0"/><line number="215" hits="0"/><line number="220" hits="0"/><line number="224" hits="0"/><line number="227" hits="0"/><line number="228" hits="0"/><line number="229" hits="0"/><line number="230" hits="0"/><line number="235" hits="0"/><line number="239" hits="0"/><line number="242" hits="0"/><line number="243" hits="0"/><line number="244" hits="0"/><line number="245" hits="0"/><line number="250" hits="0"/><line number="254" hits="0"/><line number="257" hits="0"/><line number="258" hits="0"/><line number="259" hits="0"/><line number="261" hits="0"/><line number="273" hits="0"/><line number="277" hits="0"/><line number="280" hits="0"/><line number="281" hits="0"/><line number="282" hits="0"/><line number="284" hits="0"/><line number="296" hits="0"/><line number="300" hits="0"/><line number="303" hits="0"/><line number="306" hits="0"/><line number="307" hits="0"/><line number="308" hits="0"/><line number="313" hits="0"/><line number="318" hits="6"/><line number="319" hits="6"/><line number="320" hits="0"/><line number="321" hits="4"/><line number="322" hits="2"/><line number="323" hits="0"/><line number="328" hits="1"/><line number="329" hits="2"/><line number="333" hits="5"/><line number="334" hits="15"/><line number="336" hits="10"/><line number="337" hits="20"/><line number="338" hits="20"/><line number="339" hits="25"/><line number="342" hits="13"/><line number="343" hits="8"/><line number="346" hits="15"/><line number="348" hits="5"/><line number="349" hits="5"/><line number="350" hits="10"/><line number="360" hits="5"/><line number="364" hits="1"/><line number="369" hits="1"/><line number="373" hits="1"/><line number="417" hits="0"/><line number="421" hits="0"/><line number="422" hits="0"/><line number="423" hits="0"/><line number="424" hits="0"/><line number="425" hits="0"/><line number="426" hits="0"/><line number="427" hits="0"/><line number="428" hits="0"/><line number="436" hits="0"/><line number="440" hits="0"/><line number="441" hits="0"/><line number="442" hits="0"/><line number="443" hits="0"/><line number="444" hits="0"/><line number="451" hits="0"/><line number="455" hits="0"/><line number="456" hits="0"/><line number="457" hits="0"/><line number="458" hits="0"/><line number="459" hits="0"/><line number="460" hits="0"/><line number="467" hits="0"/><line number="472" hits="0"/><line number="473" hits="0"/><line number="474" hits="0"/><line number="475" hits="0"/><line number="476" hits="0"/><line number="477" hits="0"/><line number="485" hits="0"/><line number="486" hits="0"/><line number="491" hits="0"/><line number="492" hits="0"/><line number="497" hits="0"/><line number="498" hits="0"/><line number="503" hits="0"/><line number="504" hits="0"/><line number="505" hits="0"/><line number="506" hits="0"/><line number="507" hits="0"/><line number="508" hits="0"/><line number="510" hits="0"/><line number="511" hits="0"/><line number="513" hits="0"/><line number="514" hits="0"/><line number="516" hits="0"/><line number="517" hits="0"/><line number="519" hits="0"/><line number="520" hits="0"/><line number="522" hits="0"/><line number="523" hits="0"/><line number="525" hits="0"/><line number="526" hits="0"/></lines></class><class name="recovery" filename="src/error/recovery.rs" line-rate="0.29646017699115046" branch-rate="0" complexity="0"><methods/><lines><line number="22" hits="3"/><line number="23" hits="6"/><line number="24" hits="6"/><line number="29" hits="6"/><line number="35" hits="0"/><line number="39" hits="0"/><line number="44" hits="0"/><line number="50" hits="1"/><line number="51" hits="2"/><line number="55" hits="0"/><line number="56" hits="0"/><line number="59" hits="0"/><line number="60" hits="0"/><line number="64" hits="12"/><line number="66" hits="6"/><line number="67" hits="0"/><line number="68" hits="0"/><line number="69" hits="0"/><line number="70" hits="0"/><line number="71" hits="0"/><line number="74" hits="0"/><line number="77" hits="24"/><line number="80" hits="30"/><line number="81" hits="6"/><line number="82" hits="8"/><line number="83" hits="6"/><line number="86" hits="2"/><line number="88" hits="2"/><line number="89" hits="2"/><line number="90" hits="2"/><line number="94" hits="2"/><line number="98" hits="0"/><line number="99" hits="0"/><line number="102" hits="0"/><line number="103" hits="0"/><line number="104" hits="0"/><line number="107" hits="0"/><line number="110" hits="0"/><line number="111" hits="4"/><line number="112" hits="4"/><line number="113" hits="4"/><line number="115" hits="4"/><line number="118" hits="8"/><line number="119" hits="20"/><line number="120" hits="16"/><line number="121" hits="8"/><line number="122" hits="8"/><line number="123" hits="8"/><line number="124" hits="8"/><line number="128" hits="0"/><line number="129" hits="0"/><line number="130" hits="0"/><line number="131" hits="0"/><line number="132" hits="0"/><line number="133" hits="0"/><line number="137" hits="4"/><line number="138" hits="1"/><line number="139" hits="9"/><line number="140" hits="0"/><line number="141" hits="0"/><line number="142" hits="0"/><line number="143" hits="0"/><line number="146" hits="3"/><line number="147" hits="15"/><line number="148" hits="12"/><line number="149" hits="6"/><line number="150" hits="3"/><line number="151" hits="3"/><line number="152" hits="3"/><line number="157" hits="1"/><line number="158" hits="1"/><line number="159" hits="1"/><line number="160" hits="1"/><line number="161" hits="1"/><line number="162" hits="1"/><line number="166" hits="0"/><line number="169" hits="2"/><line number="170" hits="1"/><line number="171" hits="1"/><line number="173" hits="1"/><line number="175" hits="0"/><line number="177" hits="0"/><line number="178" hits="0"/><line number="179" hits="0"/><line number="180" hits="0"/><line number="181" hits="0"/><line number="182" hits="0"/><line number="184" hits="0"/><line number="186" hits="0"/><line number="190" hits="6"/><line number="191" hits="6"/><line number="192" hits="0"/><line number="193" hits="0"/><line number="195" hits="3"/><line number="196" hits="9"/><line number="197" hits="9"/><line number="198" hits="3"/><line number="199" hits="3"/><line number="200" hits="3"/><line number="202" hits="6"/><line number="205" hits="3"/><line number="207" hits="0"/><line number="209" hits="0"/><line number="210" hits="0"/><line number="211" hits="0"/><line number="212" hits="0"/><line number="213" hits="0"/><line number="215" hits="0"/><line number="218" hits="0"/><line number="222" hits="0"/><line number="224" hits="0"/><line number="225" hits="0"/><line number="226" hits="0"/><line number="227" hits="0"/><line number="229" hits="0"/><line number="232" hits="0"/><line number="234" hits="0"/><line number="236" hits="0"/><line number="237" hits="0"/><line number="238" hits="0"/><line number="239" hits="0"/><line number="240" hits="0"/><line number="243" hits="0"/><line number="245" hits="0"/><line number="249" hits="0"/><line number="250" hits="0"/><line number="251" hits="0"/><line number="253" hits="0"/><line number="254" hits="0"/><line number="255" hits="0"/><line number="256" hits="0"/><line number="257" hits="0"/><line number="258" hits="0"/><line number="260" hits="0"/><line number="262" hits="0"/><line number="266" hits="0"/><line number="268" hits="0"/><line number="269" hits="0"/><line number="270" hits="0"/><line number="271" hits="0"/><line number="273" hits="0"/><line number="274" hits="0"/><line number="277" hits="0"/><line number="279" hits="0"/><line number="281" hits="0"/><line number="282" hits="0"/><line number="283" hits="0"/><line number="286" hits="0"/><line number="287" hits="0"/><line number="288" hits="0"/><line number="289" hits="0"/><line number="290" hits="0"/><line number="291" hits="0"/><line number="294" hits="0"/><line number="295" hits="0"/><line number="296" hits="0"/><line number="297" hits="0"/><line number="299" hits="0"/><line number="300" hits="0"/><line number="301" hits="0"/><line number="302" hits="0"/><line number="303" hits="0"/><line number="311" hits="0"/><line number="312" hits="0"/><line number="314" hits="0"/><line number="315" hits="0"/><line number="316" hits="0"/><line number="317" hits="0"/><line number="320" hits="0"/><line number="322" hits="0"/><line number="323" hits="0"/><line number="324" hits="0"/><line number="330" hits="0"/><line number="331" hits="0"/><line number="334" hits="0"/><line number="336" hits="0"/><line number="337" hits="0"/><line number="338" hits="0"/><line number="339" hits="0"/><line number="346" hits="0"/><line number="347" hits="0"/><line number="348" hits="0"/><line number="350" hits="0"/><line number="353" hits="0"/><line number="355" hits="0"/><line number="356" hits="0"/><line number="357" hits="0"/><line number="361" hits="0"/><line number="364" hits="0"/><line number="366" hits="0"/><line number="367" hits="0"/><line number="368" hits="0"/><line number="369" hits="0"/><line number="372" hits="0"/><line number="373" hits="0"/><line number="374" hits="0"/><line number="375" hits="0"/><line number="376" hits="0"/><line number="377" hits="0"/><line number="378" hits="0"/><line number="379" hits="0"/><line number="380" hits="0"/><line number="385" hits="0"/><line number="387" hits="0"/><line number="388" hits="0"/><line number="389" hits="0"/><line number="392" hits="0"/><line number="396" hits="0"/><line number="399" hits="0"/><line number="401" hits="0"/><line number="402" hits="0"/><line number="403" hits="0"/><line number="404" hits="0"/><line number="408" hits="1"/><line number="409" hits="3"/><line number="410" hits="3"/><line number="412" hits="1"/><line number="413" hits="1"/><line number="414" hits="2"/><line number="416" hits="0"/><line number="422" hits="3"/><line number="423" hits="1"/><line number="427" hits="0"/><line number="429" hits="0"/><line number="430" hits="0"/><line number="431" hits="0"/></lines></class></classes></package><package name="src" line-rate="0.3545247724974722" branch-rate="0" complexity="0"><classes><class name="lib" filename="src/lib.rs" line-rate="1" branch-rate="0" complexity="0"><methods/><lines><line number="90" hits="7"/><line number="94" hits="7"/></lines></class><class name="main" filename="src/main.rs" line-rate="0" branch-rate="0" complexity="0"><methods/><lines><line number="24" hits="0"/><line number="25" hits="0"/><line number="28" hits="0"/><line number="29" hits="0"/><line number="30" hits="0"/><line number="31" hits="0"/><line number="34" hits="0"/><line number="35" hits="0"/><line number="36" hits="0"/><line number="37" hits="0"/><line number="38" hits="0"/><line number="39" hits="0"/><line number="40" hits="0"/><line number="41" hits="0"/><line number="42" hits="0"/><line number="43" hits="0"/><line number="44" hits="0"/><line number="48" hits="0"/><line number="50" hits="0"/><line number="51" hits="0"/><line number="52" hits="0"/><line number="53" hits="0"/><line number="54" hits="0"/><line number="62" hits="0"/><line number="70" hits="0"/><line number="73" hits="0"/><line number="76" hits="0"/><line number="79" hits="0"/><line number="80" hits="0"/><line number="84" hits="0"/><line number="87" hits="0"/><line number="89" hits="0"/><line number="92" hits="0"/><line number="93" hits="0"/><line number="96" hits="0"/><line number="97" hits="0"/><line number="100" hits="0"/><line number="101" hits="0"/><line number="102" hits="0"/><line number="103" hits="0"/><line number="104" hits="0"/><line number="105" hits="0"/><line number="106" hits="0"/><line number="112" hits="0"/><line number="113" hits="0"/><line number="114" hits="0"/><line number="129" hits="0"/><line number="130" hits="0"/><line number="131" hits="0"/><line number="134" hits="0"/><line number="135" hits="0"/><line number="136" hits="0"/><line number="137" hits="0"/><line number="138" hits="0"/><line number="142" hits="0"/><line number="143" hits="0"/><line number="144" hits="0"/><line number="148" hits="0"/><line number="149" hits="0"/><line number="150" hits="0"/><line number="151" hits="0"/><line number="153" hits="0"/><line number="154" hits="0"/><line number="155" hits="0"/><line number="156" hits="0"/><line number="157" hits="0"/><line number="173" hits="0"/><line number="174" hits="0"/><line number="177" hits="0"/><line number="178" hits="0"/><line number="179" hits="0"/><line number="180" hits="0"/><line number="181" hits="0"/><line number="185" hits="0"/><line number="186" hits="0"/><line number="187" hits="0"/><line number="188" hits="0"/><line number="189" hits="0"/><line number="193" hits="0"/><line number="196" hits="0"/><line number="199" hits="0"/><line number="200" hits="0"/><line number="202" hits="0"/><line number="204" hits="0"/><line number="205" hits="0"/><line number="206" hits="0"/><line number="210" hits="0"/><line number="211" hits="0"/><line number="212" hits="0"/><line number="213" hits="0"/><line number="217" hits="0"/><line number="220" hits="0"/><line number="221" hits="0"/><line number="225" hits="0"/><line number="226" hits="0"/><line number="227" hits="0"/><line number="228" hits="0"/><line number="231" hits="0"/><line number="232" hits="0"/><line number="234" hits="0"/><line number="235" hits="0"/><line number="237" hits="0"/><line number="240" hits="0"/><line number="241" hits="0"/><line number="242" hits="0"/><line number="247" hits="0"/><line number="248" hits="0"/><line number="251" hits="0"/><line number="252" hits="0"/><line number="258" hits="0"/><line number="259" hits="0"/><line number="260" hits="0"/><line number="261" hits="0"/><line number="262" hits="0"/><line number="267" hits="0"/><line number="268" hits="0"/><line number="269" hits="0"/><line number="270" hits="0"/><line number="271" hits="0"/><line number="272" hits="0"/><line number="273" hits="0"/><line number="274" hits="0"/><line number="275" hits="0"/><line number="276" hits="0"/><line number="277" hits="0"/><line number="278" hits="0"/><line number="279" hits="0"/><line number="280" hits="0"/><line number="281" hits="0"/><line number="284" hits="0"/><line number="285" hits="0"/><line number="286" hits="0"/><line number="287" hits="0"/><line number="288" hits="0"/><line number="289" hits="0"/><line number="296" hits="0"/><line number="303" hits="0"/><line number="306" hits="0"/><line number="308" hits="0"/><line number="309" hits="0"/><line number="310" hits="0"/><line number="312" hits="0"/><line number="313" hits="0"/><line number="316" hits="0"/><line number="317" hits="0"/><line number="318" hits="0"/><line number="321" hits="0"/><line number="323" hits="0"/><line number="326" hits="0"/><line number="328" hits="0"/><line number="329" hits="0"/><line number="330" hits="0"/><line number="331" hits="0"/><line number="333" hits="0"/><line number="334" hits="0"/><line number="337" hits="0"/><line number="338" hits="0"/><line number="342" hits="0"/><line number="343" hits="0"/><line number="344" hits="0"/><line number="345" hits="0"/><line number="346" hits="0"/><line number="347" hits="0"/><line number="351" hits="0"/><line number="352" hits="0"/><line number="353" hits="0"/><line number="357" hits="0"/><line number="358" hits="0"/><line number="361" hits="0"/><line number="362" hits="0"/><line number="367" hits="0"/><line number="368" hits="0"/><line number="369" hits="0"/><line number="370" hits="0"/><line number="376" hits="0"/><line number="384" hits="0"/><line number="386" hits="0"/><line number="387" hits="0"/><line number="388" hits="0"/><line number="390" hits="0"/><line number="391" hits="0"/><line number="392" hits="0"/><line number="393" hits="0"/><line number="394" hits="0"/><line number="395" hits="0"/><line number="396" hits="0"/><line number="401" hits="0"/><line number="403" hits="0"/><line number="404" hits="0"/><line number="405" hits="0"/><line number="407" hits="0"/><line number="408" hits="0"/><line number="413" hits="0"/><line number="414" hits="0"/><line number="415" hits="0"/><line number="416" hits="0"/><line number="417" hits="0"/><line number="418" hits="0"/><line number="423" hits="0"/><line number="424" hits="0"/><line number="429" hits="0"/><line number="430" hits="0"/><line number="431" hits="0"/><line number="432" hits="0"/><line number="433" hits="0"/><line number="434" hits="0"/><line number="435" hits="0"/><line number="441" hits="0"/><line number="442" hits="0"/><line number="443" hits="0"/><line number="448" hits="0"/><line number="449" hits="0"/><line number="452" hits="0"/><line number="453" hits="0"/><line number="454" hits="0"/><line number="455" hits="0"/><line number="456" hits="0"/><line number="460" hits="0"/><line number="461" hits="0"/><line number="466" hits="0"/><line number="467" hits="0"/><line number="468" hits="0"/><line number="470" hits="0"/><line number="471" hits="0"/><line number="472" hits="0"/><line number="473" hits="0"/><line number="474" hits="0"/><line number="475" hits="0"/><line number="476" hits="0"/><line number="484" hits="0"/><line number="485" hits="0"/><line number="489" hits="0"/><line number="490" hits="0"/><line number="491" hits="0"/><line number="492" hits="0"/><line number="493" hits="0"/><line number="494" hits="0"/><line number="498" hits="0"/><line number="499" hits="0"/><line number="503" hits="0"/><line number="504" hits="0"/><line number="505" hits="0"/><line number="506" hits="0"/><line number="507" hits="0"/><line number="508" hits="0"/><line number="509" hits="0"/><line number="510" hits="0"/><line number="515" hits="0"/><line number="516" hits="0"/><line number="519" hits="0"/><line number="520" hits="0"/><line number="521" hits="0"/><line number="522" hits="0"/><line number="523" hits="0"/><line number="524" hits="0"/><line number="529" hits="0"/><line number="530" hits="0"/><line number="536" hits="0"/><line number="537" hits="0"/><line number="538" hits="0"/><line number="539" hits="0"/><line number="540" hits="0"/><line number="542" hits="0"/><line number="543" hits="0"/><line number="544" hits="0"/><line number="545" hits="0"/><line number="546" hits="0"/><line number="547" hits="0"/><line number="548" hits="0"/><line number="549" hits="0"/><line number="550" hits="0"/><line number="558" hits="0"/><line number="559" hits="0"/><line number="560" hits="0"/><line number="561" hits="0"/><line number="562" hits="0"/><line number="563" hits="0"/><line number="564" hits="0"/><line number="566" hits="0"/><line number="568" hits="0"/><line number="569" hits="0"/><line number="570" hits="0"/><line number="571" hits="0"/><line number="572" hits="0"/><line number="573" hits="0"/><line number="574" hits="0"/><line number="584" hits="0"/><line number="585" hits="0"/><line number="586" hits="0"/><line number="587" hits="0"/><line number="589" hits="0"/><line number="590" hits="0"/><line number="592" hits="0"/><line number="593" hits="0"/><line number="594" hits="0"/><line number="595" hits="0"/><line number="596" hits="0"/><line number="597" hits="0"/><line number="598" hits="0"/><line number="599" hits="0"/><line number="607" hits="0"/><line number="608" hits="0"/><line number="609" hits="0"/><line number="610" hits="0"/><line number="613" hits="0"/><line number="622" hits="0"/><line number="625" hits="0"/><line number="626" hits="0"/><line number="627" hits="0"/><line number="628" hits="0"/><line number="630" hits="0"/><line number="631" hits="0"/></lines></class></classes></package><package name="src/config" line-rate="0.34767025089605735" branch-rate="0" complexity="0"><classes><class name="hot_reload" filename="src/config/hot_reload.rs" line-rate="0" branch-rate="0" complexity="0"><methods/><lines><line number="18" hits="0"/><line number="19" hits="0"/><line number="29" hits="0"/><line number="30" hits="0"/><line number="31" hits="0"/><line number="33" hits="0"/><line number="34" hits="0"/><line number="37" hits="0"/><line number="38" hits="0"/><line number="39" hits="0"/><line number="40" hits="0"/><line number="42" hits="0"/><line number="43" hits="0"/><line number="44" hits="0"/><line number="47" hits="0"/><line number="48" hits="0"/><line number="49" hits="0"/><line number="50" hits="0"/><line number="51" hits="0"/><line number="52" hits="0"/><line number="53" hits="0"/><line number="56" hits="0"/><line number="57" hits="0"/><line number="58" hits="0"/><line number="59" hits="0"/><line number="60" hits="0"/><line number="61" hits="0"/><line number="64" hits="0"/><line number="67" hits="0"/><line number="68" hits="0"/><line number="69" hits="0"/><line number="70" hits="0"/><line number="71" hits="0"/><line number="72" hits="0"/><line number="73" hits="0"/><line number="74" hits="0"/><line number="82" hits="0"/><line number="86" hits="0"/><line number="89" hits="0"/><line number="90" hits="0"/></lines></class><class name="loader" filename="src/config/loader.rs" line-rate="0.37222222222222223" branch-rate="0" complexity="0"><methods/><lines><line number="45" hits="0"/><line number="46" hits="0"/><line number="47" hits="0"/><line number="48" hits="0"/><line number="50" hits="0"/><line number="51" hits="0"/><line number="52" hits="0"/><line number="53" hits="0"/><line number="61" hits="0"/><line number="62" hits="0"/><line number="67" hits="0"/><line number="68" hits="0"/><line number="74" hits="1"/><line number="75" hits="2"/><line number="78" hits="2"/><line number="85" hits="3"/><line number="86" hits="3"/><line number="89" hits="3"/><line number="93" hits="1"/><line number="94" hits="1"/><line number="99" hits="3"/><line number="102" hits="3"/><line number="103" hits="3"/><line number="108" hits="0"/><line number="109" hits="0"/><line number="113" hits="0"/><line number="114" hits="0"/><line number="118" hits="3"/><line number="119" hits="12"/><line number="120" hits="9"/><line number="121" hits="3"/><line number="122" hits="3"/><line number="123" hits="3"/><line number="128" hits="9"/><line number="129" hits="1"/><line number="131" hits="2"/><line number="138" hits="0"/><line number="142" hits="0"/><line number="145" hits="3"/><line number="148" hits="3"/><line number="150" hits="3"/><line number="159" hits="0"/><line number="160" hits="0"/><line number="161" hits="0"/><line number="162" hits="0"/><line number="163" hits="0"/><line number="164" hits="0"/><line number="169" hits="0"/><line number="170" hits="0"/><line number="172" hits="0"/><line number="173" hits="0"/><line number="174" hits="0"/><line number="175" hits="0"/><line number="177" hits="0"/><line number="179" hits="0"/><line number="183" hits="0"/><line number="186" hits="0"/><line number="189" hits="0"/><line number="191" hits="0"/><line number="192" hits="0"/><line number="193" hits="0"/><line number="194" hits="0"/><line number="196" hits="0"/><line number="200" hits="3"/><line number="201" hits="6"/><line number="203" hits="4"/><line number="204" hits="1"/><line number="205" hits="1"/><line number="214" hits="1"/><line number="216" hits="0"/><line number="217" hits="0"/><line number="220" hits="1"/><line number="222" hits="0"/><line number="223" hits="0"/><line number="235" hits="2"/><line number="245" hits="0"/><line number="246" hits="0"/><line number="247" hits="0"/><line number="248" hits="0"/><line number="249" hits="0"/><line number="250" hits="0"/><line number="251" hits="0"/><line number="252" hits="0"/><line number="253" hits="0"/><line number="255" hits="0"/><line number="256" hits="0"/><line number="257" hits="0"/><line number="261" hits="0"/><line number="262" hits="0"/><line number="267" hits="4"/><line number="268" hits="8"/><line number="271" hits="8"/><line number="272" hits="8"/><line number="274" hits="8"/><line number="275" hits="8"/><line number="277" hits="8"/><line number="279" hits="4"/><line number="280" hits="4"/><line number="284" hits="36"/><line number="285" hits="1"/><line number="290" hits="4"/><line number="294" hits="3"/><line number="295" hits="6"/><line number="296" hits="5"/><line number="298" hits="3"/><line number="302" hits="3"/><line number="303" hits="3"/><line number="304" hits="0"/><line number="306" hits="3"/><line number="310" hits="1"/><line number="316" hits="4"/><line number="317" hits="3"/><line number="318" hits="3"/><line number="319" hits="3"/><line number="321" hits="1"/><line number="322" hits="3"/><line number="323" hits="0"/><line number="324" hits="0"/><line number="325" hits="0"/><line number="328" hits="0"/><line number="329" hits="0"/><line number="330" hits="0"/><line number="333" hits="0"/><line number="334" hits="0"/><line number="335" hits="0"/><line number="336" hits="0"/><line number="339" hits="0"/><line number="340" hits="0"/><line number="341" hits="0"/><line number="342" hits="0"/><line number="345" hits="0"/><line number="346" hits="0"/><line number="347" hits="0"/><line number="348" hits="0"/><line number="349" hits="0"/><line number="350" hits="0"/><line number="351" hits="0"/><line number="356" hits="1"/><line number="360" hits="3"/><line number="362" hits="6"/><line number="363" hits="0"/><line number="364" hits="0"/><line number="369" hits="0"/><line number="370" hits="0"/><line number="376" hits="0"/><line number="377" hits="0"/><line number="382" hits="0"/><line number="383" hits="0"/><line number="389" hits="0"/><line number="390" hits="0"/><line number="397" hits="0"/><line number="398" hits="0"/><line number="399" hits="0"/><line number="404" hits="3"/><line number="405" hits="0"/><line number="406" hits="0"/><line number="412" hits="0"/><line number="413" hits="0"/><line number="414" hits="0"/><line number="418" hits="3"/><line number="422" hits="1"/><line number="423" hits="3"/><line number="426" hits="1"/><line number="427" hits="0"/><line number="430" hits="1"/><line number="431" hits="1"/><line number="439" hits="0"/><line number="440" hits="0"/><line number="443" hits="0"/><line number="444" hits="0"/><line number="447" hits="0"/><line number="448" hits="0"/><line number="449" hits="0"/><line number="450" hits="0"/><line number="451" hits="0"/><line number="452" hits="0"/><line number="453" hits="0"/><line number="456" hits="0"/><line number="461" hits="0"/><line number="462" hits="0"/></lines></class><class name="mod" filename="src/config/mod.rs" line-rate="1" branch-rate="0" complexity="0"><methods/><lines><line number="212" hits="3"/><line number="214" hits="3"/><line number="224" hits="3"/><line number="227" hits="9"/><line number="228" hits="3"/><line number="230" hits="3"/><line number="236" hits="3"/><line number="243" hits="6"/><line number="244" hits="3"/><line number="250" hits="3"/><line number="254" hits="3"/><line number="262" hits="3"/><line number="264" hits="9"/><line number="265" hits="9"/><line number="266" hits="9"/><line number="267" hits="9"/><line number="268" hits="9"/><line number="269" hits="9"/><line number="270" hits="9"/><line number="271" hits="3"/><line number="277" hits="3"/><line number="279" hits="9"/><line number="280" hits="9"/><line number="281" hits="9"/><line number="282" hits="9"/><line number="283" hits="3"/><line number="289" hits="3"/><line number="291" hits="9"/><line number="292" hits="6"/><line number="298" hits="3"/></lines></class><class name="validator" filename="src/config/validator.rs" line-rate="0" branch-rate="0" complexity="0"><methods/><lines><line number="6" hits="0"/><line number="7" hits="0"/><line number="8" hits="0"/><line number="9" hits="0"/><line number="10" hits="0"/><line number="11" hits="0"/><line number="12" hits="0"/><line number="15" hits="0"/><line number="16" hits="0"/><line number="17" hits="0"/><line number="19" hits="0"/><line number="20" hits="0"/><line number="22" hits="0"/><line number="25" hits="0"/><line number="26" hits="0"/><line number="27" hits="0"/><line number="29" hits="0"/><line number="30" hits="0"/><line number="32" hits="0"/><line number="35" hits="0"/><line number="36" hits="0"/><line number="37" hits="0"/><line number="39" hits="0"/><line number="42" hits="0"/><line number="43" hits="0"/><line number="46" hits="0"/><line number="47" hits="0"/><line number="48" hits="0"/><line number="49" hits="0"/></lines></class></classes></package><package name="src/task" line-rate="0.44921552436003304" branch-rate="0" complexity="0"><classes><class name="distributor" filename="src/task/distributor.rs" line-rate="0.5706214689265536" branch-rate="0" complexity="0"><methods/><lines><line number="25" hits="43"/><line number="28" hits="172"/><line number="29" hits="43"/><line number="32" hits="86"/><line number="40" hits="4"/><line number="49" hits="16"/><line number="50" hits="4"/><line number="54" hits="8"/><line number="62" hits="20"/><line number="63" hits="20"/><line number="65" hits="36"/><line number="68" hits="0"/><line number="69" hits="0"/><line number="71" hits="0"/><line number="74" hits="0"/><line number="75" hits="0"/><line number="78" hits="17"/><line number="79" hits="17"/><line number="82" hits="9"/><line number="83" hits="9"/><line number="95" hits="9"/><line number="97" hits="9"/><line number="100" hits="14"/><line number="101" hits="14"/><line number="102" hits="10"/><line number="114" hits="27"/><line number="116" hits="54"/><line number="117" hits="54"/><line number="118" hits="27"/><line number="119" hits="27"/><line number="123" hits="20"/><line number="124" hits="40"/><line number="125" hits="60"/><line number="126" hits="80"/><line number="129" hits="10"/><line number="130" hits="40"/><line number="133" hits="8"/><line number="135" hits="32"/><line number="136" hits="2"/><line number="140" hits="12"/><line number="141" hits="8"/><line number="142" hits="10"/><line number="143" hits="4"/><line number="144" hits="0"/><line number="145" hits="2"/><line number="152" hits="4"/><line number="155" hits="6"/><line number="156" hits="12"/><line number="157" hits="12"/><line number="159" hits="34"/><line number="160" hits="0"/><line number="161" hits="6"/><line number="165" hits="16"/><line number="166" hits="8"/><line number="167" hits="0"/><line number="168" hits="0"/><line number="169" hits="0"/><line number="170" hits="0"/><line number="171" hits="0"/><line number="177" hits="8"/><line number="178" hits="0"/><line number="181" hits="0"/><line number="182" hits="6"/><line number="183" hits="6"/><line number="184" hits="6"/><line number="188" hits="12"/><line number="191" hits="4"/><line number="192" hits="8"/><line number="193" hits="8"/><line number="194" hits="24"/><line number="197" hits="8"/><line number="199" hits="10"/><line number="200" hits="8"/><line number="202" hits="52"/><line number="203" hits="22"/><line number="204" hits="8"/><line number="205" hits="16"/><line number="210" hits="0"/><line number="212" hits="2"/><line number="213" hits="2"/><line number="215" hits="0"/><line number="219" hits="2"/><line number="220" hits="4"/><line number="221" hits="4"/><line number="222" hits="6"/><line number="225" hits="22"/><line number="226" hits="0"/><line number="227" hits="0"/><line number="228" hits="0"/><line number="232" hits="2"/><line number="235" hits="2"/><line number="236" hits="6"/><line number="237" hits="2"/><line number="239" hits="14"/><line number="242" hits="4"/><line number="243" hits="0"/><line number="247" hits="12"/><line number="249" hits="0"/><line number="252" hits="20"/><line number="253" hits="40"/><line number="255" hits="48"/><line number="256" hits="14"/><line number="257" hits="0"/><line number="261" hits="20"/><line number="262" hits="60"/><line number="265" hits="22"/><line number="266" hits="52"/><line number="267" hits="22"/><line number="268" hits="22"/><line number="269" hits="0"/><line number="270" hits="14"/><line number="275" hits="0"/><line number="279" hits="0"/><line number="283" hits="8"/><line number="286" hits="2"/><line number="291" hits="4"/><line number="292" hits="6"/><line number="293" hits="0"/><line number="296" hits="10"/><line number="297" hits="2"/><line number="300" hits="0"/><line number="303" hits="8"/><line number="309" hits="24"/><line number="310" hits="2"/><line number="313" hits="0"/><line number="314" hits="0"/><line number="317" hits="0"/><line number="319" hits="6"/><line number="320" hits="12"/><line number="321" hits="30"/><line number="322" hits="6"/><line number="327" hits="0"/><line number="328" hits="0"/><line number="330" hits="0"/><line number="333" hits="0"/><line number="334" hits="0"/><line number="335" hits="0"/><line number="336" hits="0"/><line number="337" hits="0"/><line number="338" hits="0"/><line number="343" hits="0"/><line number="344" hits="0"/><line number="347" hits="0"/><line number="348" hits="0"/><line number="349" hits="0"/><line number="350" hits="0"/><line number="351" hits="0"/><line number="352" hits="0"/><line number="357" hits="0"/><line number="358" hits="0"/><line number="361" hits="0"/><line number="362" hits="0"/><line number="363" hits="0"/><line number="365" hits="0"/><line number="366" hits="0"/><line number="367" hits="0"/><line number="370" hits="0"/><line number="371" hits="0"/><line number="374" hits="0"/><line number="375" hits="0"/><line number="376" hits="0"/><line number="379" hits="0"/><line number="380" hits="0"/><line number="382" hits="0"/><line number="384" hits="0"/><line number="385" hits="0"/><line number="386" hits="0"/><line number="387" hits="0"/><line number="388" hits="0"/><line number="389" hits="0"/><line number="393" hits="0"/><line number="394" hits="0"/><line number="395" hits="0"/><line number="400" hits="0"/><line number="403" hits="0"/><line number="408" hits="0"/><line number="409" hits="0"/></lines></class><class name="manager" filename="src/task/manager.rs" line-rate="0.3938053097345133" branch-rate="0" complexity="0"><methods/><lines><line number="57" hits="11"/><line number="59" hits="11"/><line number="63" hits="44"/><line number="64" hits="33"/><line number="68" hits="33"/><line number="71" hits="44"/><line number="72" hits="33"/><line number="73" hits="33"/><line number="76" hits="11"/><line number="81" hits="0"/><line number="82" hits="0"/><line number="83" hits="0"/><line number="87" hits="0"/><line number="88" hits="0"/><line number="89" hits="0"/><line number="93" hits="0"/><line number="94" hits="0"/><line number="96" hits="0"/><line number="97" hits="0"/><line number="98" hits="0"/><line number="99" hits="0"/><line number="101" hits="0"/><line number="102" hits="0"/><line number="103" hits="0"/><line number="106" hits="0"/><line number="107" hits="0"/><line number="108" hits="0"/><line number="110" hits="0"/><line number="111" hits="0"/><line number="117" hits="0"/><line number="121" hits="0"/><line number="128" hits="0"/><line number="129" hits="0"/><line number="130" hits="0"/><line number="133" hits="0"/><line number="134" hits="0"/><line number="138" hits="0"/><line number="139" hits="0"/><line number="142" hits="0"/><line number="143" hits="0"/><line number="144" hits="0"/><line number="148" hits="0"/><line number="152" hits="0"/><line number="153" hits="0"/><line number="157" hits="0"/><line number="158" hits="0"/><line number="159" hits="0"/><line number="161" hits="0"/><line number="162" hits="0"/><line number="166" hits="0"/><line number="167" hits="0"/><line number="171" hits="0"/><line number="173" hits="0"/><line number="179" hits="0"/><line number="180" hits="0"/><line number="183" hits="0"/><line number="187" hits="0"/><line number="188" hits="0"/><line number="192" hits="0"/><line number="193" hits="0"/><line number="194" hits="0"/><line number="195" hits="0"/><line number="196" hits="0"/><line number="197" hits="0"/><line number="202" hits="0"/><line number="207" hits="0"/><line number="208" hits="0"/><line number="212" hits="0"/><line number="216" hits="0"/><line number="217" hits="0"/><line number="221" hits="0"/><line number="223" hits="0"/><line number="227" hits="0"/><line number="231" hits="0"/><line number="232" hits="0"/><line number="236" hits="0"/><line number="237" hits="0"/><line number="238" hits="0"/><line number="239" hits="0"/><line number="240" hits="0"/><line number="247" hits="0"/><line number="248" hits="0"/><line number="249" hits="0"/><line number="250" hits="0"/><line number="251" hits="0"/><line number="257" hits="20"/><line number="258" hits="30"/><line number="261" hits="30"/><line number="264" hits="10"/><line number="268" hits="10"/><line number="269" hits="50"/><line number="273" hits="20"/><line number="274" hits="10"/><line number="279" hits="20"/><line number="280" hits="10"/><line number="281" hits="10"/><line number="285" hits="30"/><line number="286" hits="10"/><line number="288" hits="10"/><line number="289" hits="10"/><line number="293" hits="1"/><line number="299" hits="1"/><line number="300" hits="3"/><line number="301" hits="2"/><line number="302" hits="1"/><line number="303" hits="1"/><line number="304" hits="0"/><line number="309" hits="0"/><line number="310" hits="0"/><line number="311" hits="0"/><line number="312" hits="0"/><line number="313" hits="0"/><line number="314" hits="0"/><line number="315" hits="0"/><line number="317" hits="0"/><line number="321" hits="8"/><line number="322" hits="12"/><line number="325" hits="12"/><line number="327" hits="4"/><line number="331" hits="4"/><line number="332" hits="12"/><line number="333" hits="20"/><line number="335" hits="0"/><line number="340" hits="12"/><line number="343" hits="12"/><line number="344" hits="4"/><line number="346" hits="4"/><line number="347" hits="4"/><line number="351" hits="2"/><line number="353" hits="1"/><line number="354" hits="3"/><line number="355" hits="2"/><line number="356" hits="1"/><line number="357" hits="1"/><line number="361" hits="0"/><line number="365" hits="2"/><line number="366" hits="2"/><line number="370" hits="2"/><line number="373" hits="3"/><line number="374" hits="1"/><line number="376" hits="1"/><line number="377" hits="1"/><line number="381" hits="20"/><line number="382" hits="30"/><line number="383" hits="0"/><line number="387" hits="0"/><line number="388" hits="0"/><line number="389" hits="0"/><line number="393" hits="16"/><line number="394" hits="24"/><line number="395" hits="40"/><line number="398" hits="10"/><line number="399" hits="0"/><line number="402" hits="8"/><line number="406" hits="4"/><line number="407" hits="10"/><line number="411" hits="4"/><line number="412" hits="2"/><line number="415" hits="2"/><line number="416" hits="2"/><line number="418" hits="0"/><line number="422" hits="28"/><line number="423" hits="28"/><line number="424" hits="0"/><line number="425" hits="0"/><line number="430" hits="14"/><line number="431" hits="0"/><line number="432" hits="0"/><line number="436" hits="14"/><line number="440" hits="0"/><line number="441" hits="0"/><line number="442" hits="0"/><line number="443" hits="0"/><line number="444" hits="0"/><line number="447" hits="0"/><line number="450" hits="0"/><line number="454" hits="2"/><line number="455" hits="2"/><line number="456" hits="0"/><line number="459" hits="3"/><line number="460" hits="4"/><line number="463" hits="3"/><line number="464" hits="4"/><line number="467" hits="2"/><line number="468" hits="0"/><line number="471" hits="2"/><line number="472" hits="0"/><line number="475" hits="2"/><line number="476" hits="0"/><line number="479" hits="2"/><line number="480" hits="0"/><line number="483" hits="2"/><line number="485" hits="0"/><line number="486" hits="0"/><line number="487" hits="0"/><line number="488" hits="0"/><line number="490" hits="0"/><line number="494" hits="2"/><line number="498" hits="0"/><line number="499" hits="0"/><line number="500" hits="0"/><line number="504" hits="30"/><line number="505" hits="45"/><line number="506" hits="30"/><line number="507" hits="0"/><line number="512" hits="2"/><line number="513" hits="3"/><line number="514" hits="0"/><line number="518" hits="0"/><line number="519" hits="0"/><line number="523" hits="0"/><line number="524" hits="0"/><line number="528" hits="0"/><line number="532" hits="0"/><line number="533" hits="0"/><line number="534" hits="0"/><line number="538" hits="0"/><line number="542" hits="0"/><line number="546" hits="0"/><line number="547" hits="0"/><line number="551" hits="0"/><line number="552" hits="0"/><line number="556" hits="0"/><line number="557" hits="0"/><line number="561" hits="0"/><line number="562" hits="0"/></lines></class><class name="mod" filename="src/task/mod.rs" line-rate="0.5769230769230769" branch-rate="0" complexity="0"><methods/><lines><line number="54" hits="2"/><line number="98" hits="0"/><line number="99" hits="0"/><line number="104" hits="12"/><line number="105" hits="24"/><line number="106" hits="12"/><line number="107" hits="12"/><line number="108" hits="0"/><line number="109" hits="0"/><line number="125" hits="13"/><line number="126" hits="13"/><line number="127" hits="13"/><line number="128" hits="13"/><line number="129" hits="0"/><line number="130" hits="0"/><line number="132" hits="13"/><line number="168" hits="2"/><line number="169" hits="2"/><line number="170" hits="1"/><line number="171" hits="3"/><line number="172" hits="0"/><line number="173" hits="0"/><line number="174" hits="0"/><line number="175" hits="0"/><line number="176" hits="0"/><line number="177" hits="0"/><line number="178" hits="0"/><line number="189" hits="80"/><line number="190" hits="160"/><line number="194" hits="99"/><line number="195" hits="99"/><line number="196" hits="99"/><line number="197" hits="99"/><line number="198" hits="0"/><line number="199" hits="0"/><line number="205" hits="0"/><line number="206" hits="0"/><line number="207" hits="0"/><line number="208" hits="0"/><line number="209" hits="0"/><line number="210" hits="0"/><line number="212" hits="0"/><line number="216" hits="3"/><line number="217" hits="9"/><line number="218" hits="6"/><line number="219" hits="6"/><line number="220" hits="6"/><line number="222" hits="3"/><line number="223" hits="2"/><line number="224" hits="2"/><line number="225" hits="2"/><line number="227" hits="1"/></lines></class><class name="queue" filename="src/task/queue.rs" line-rate="0.5375722543352601" branch-rate="0" complexity="0"><methods/><lines><line number="35" hits="17"/><line number="90" hits="17"/><line number="93" hits="51"/><line number="94" hits="51"/><line number="95" hits="51"/><line number="96" hits="17"/><line number="101" hits="38"/><line number="103" hits="57"/><line number="104" hits="19"/><line number="105" hits="1"/><line number="108" hits="0"/><line number="109" hits="0"/><line number="112" hits="0"/><line number="114" hits="18"/><line number="115" hits="9"/><line number="116" hits="6"/><line number="118" hits="30"/><line number="119" hits="30"/><line number="123" hits="0"/><line number="124" hits="0"/><line number="125" hits="0"/><line number="127" hits="0"/><line number="132" hits="0"/><line number="133" hits="0"/><line number="139" hits="36"/><line number="140" hits="72"/><line number="145" hits="54"/><line number="146" hits="18"/><line number="147" hits="18"/><line number="150" hits="18"/><line number="151" hits="18"/><line number="155" hits="10"/><line number="157" hits="1"/><line number="158" hits="15"/><line number="159" hits="5"/><line number="161" hits="0"/><line number="165" hits="4"/><line number="166" hits="12"/><line number="167" hits="4"/><line number="169" hits="0"/><line number="172" hits="0"/><line number="176" hits="10"/><line number="177" hits="15"/><line number="180" hits="5"/><line number="181" hits="15"/><line number="182" hits="10"/><line number="185" hits="10"/><line number="188" hits="5"/><line number="189" hits="5"/><line number="190" hits="10"/><line number="193" hits="5"/><line number="194" hits="5"/><line number="196" hits="0"/><line number="197" hits="0"/><line number="202" hits="0"/><line number="204" hits="0"/><line number="205" hits="0"/><line number="206" hits="0"/><line number="209" hits="0"/><line number="210" hits="0"/><line number="211" hits="0"/><line number="212" hits="0"/><line number="217" hits="0"/><line number="218" hits="0"/><line number="219" hits="0"/><line number="222" hits="0"/><line number="223" hits="0"/><line number="224" hits="0"/><line number="225" hits="0"/><line number="229" hits="0"/><line number="233" hits="4"/><line number="235" hits="2"/><line number="236" hits="6"/><line number="237" hits="4"/><line number="238" hits="2"/><line number="239" hits="2"/><line number="243" hits="0"/><line number="247" hits="6"/><line number="248" hits="2"/><line number="249" hits="4"/><line number="252" hits="2"/><line number="253" hits="2"/><line number="257" hits="4"/><line number="260" hits="6"/><line number="261" hits="8"/><line number="262" hits="4"/><line number="263" hits="2"/><line number="264" hits="2"/><line number="265" hits="2"/><line number="270" hits="6"/><line number="271" hits="4"/><line number="276" hits="58"/><line number="277" hits="87"/><line number="278" hits="0"/><line number="282" hits="6"/><line number="283" hits="6"/><line number="287" hits="6"/><line number="288" hits="9"/><line number="289" hits="0"/><line number="293" hits="0"/><line number="294" hits="0"/><line number="295" hits="0"/><line number="299" hits="0"/><line number="300" hits="0"/><line number="301" hits="0"/><line number="305" hits="0"/><line number="306" hits="0"/><line number="307" hits="0"/><line number="311" hits="8"/><line number="312" hits="12"/><line number="315" hits="12"/><line number="316" hits="12"/><line number="317" hits="16"/><line number="319" hits="0"/><line number="323" hits="4"/><line number="324" hits="4"/><line number="328" hits="0"/><line number="330" hits="0"/><line number="331" hits="0"/><line number="335" hits="0"/><line number="336" hits="0"/><line number="340" hits="0"/><line number="341" hits="0"/><line number="345" hits="0"/><line number="346" hits="0"/><line number="347" hits="0"/><line number="350" hits="0"/><line number="354" hits="0"/><line number="355" hits="0"/><line number="356" hits="0"/><line number="359" hits="0"/><line number="360" hits="0"/><line number="363" hits="0"/><line number="365" hits="0"/><line number="366" hits="0"/><line number="370" hits="0"/><line number="372" hits="0"/><line number="377" hits="0"/><line number="378" hits="0"/><line number="399" hits="18"/><line number="400" hits="72"/><line number="403" hits="36"/><line number="404" hits="36"/><line number="405" hits="36"/><line number="406" hits="36"/><line number="407" hits="18"/><line number="412" hits="18"/><line number="413" hits="36"/><line number="416" hits="18"/><line number="417" hits="18"/><line number="418" hits="0"/><line number="419" hits="0"/><line number="420" hits="3"/><line number="421" hits="13"/><line number="422" hits="2"/><line number="427" hits="18"/><line number="428" hits="18"/><line number="430" hits="0"/><line number="431" hits="0"/><line number="433" hits="0"/><line number="434" hits="0"/><line number="440" hits="19"/><line number="444" hits="18"/><line number="449" hits="0"/><line number="450" hits="0"/><line number="457" hits="0"/><line number="458" hits="0"/><line number="463" hits="0"/><line number="464" hits="0"/><line number="465" hits="0"/><line number="466" hits="0"/><line number="499" hits="17"/><line number="508" hits="17"/></lines></class><class name="scheduler" filename="src/task/scheduler.rs" line-rate="0.5076923076923077" branch-rate="0" complexity="0"><methods/><lines><line number="33" hits="5"/><line number="36" hits="15"/><line number="37" hits="15"/><line number="38" hits="15"/><line number="39" hits="5"/><line number="44" hits="12"/><line number="45" hits="18"/><line number="48" hits="18"/><line number="52" hits="0"/><line number="53" hits="0"/><line number="54" hits="0"/><line number="62" hits="6"/><line number="63" hits="24"/><line number="68" hits="18"/><line number="69" hits="30"/><line number="74" hits="18"/><line number="75" hits="6"/><line number="78" hits="6"/><line number="79" hits="6"/><line number="83" hits="0"/><line number="84" hits="0"/><line number="85" hits="0"/><line number="86" hits="0"/><line number="87" hits="0"/><line number="88" hits="0"/><line number="93" hits="0"/><line number="94" hits="0"/><line number="99" hits="0"/><line number="100" hits="0"/><line number="103" hits="0"/><line number="104" hits="0"/><line number="108" hits="2"/><line number="109" hits="2"/><line number="110" hits="2"/><line number="112" hits="3"/><line number="113" hits="6"/><line number="114" hits="4"/><line number="116" hits="7"/><line number="117" hits="3"/><line number="123" hits="1"/><line number="124" hits="0"/><line number="125" hits="0"/><line number="126" hits="0"/><line number="127" hits="0"/><line number="131" hits="0"/><line number="135" hits="6"/><line number="136" hits="9"/><line number="137" hits="9"/><line number="138" hits="0"/><line number="139" hits="0"/><line number="140" hits="0"/><line number="143" hits="0"/><line number="146" hits="0"/><line number="147" hits="0"/><line number="148" hits="0"/><line number="150" hits="3"/><line number="151" hits="4"/><line number="152" hits="1"/><line number="155" hits="0"/><line number="162" hits="3"/><line number="163" hits="3"/><line number="166" hits="3"/><line number="167" hits="0"/><line number="170" hits="3"/><line number="172" hits="0"/><line number="177" hits="2"/><line number="178" hits="4"/><line number="181" hits="2"/><line number="183" hits="3"/><line number="184" hits="5"/><line number="185" hits="6"/><line number="186" hits="0"/><line number="188" hits="0"/><line number="194" hits="2"/><line number="197" hits="0"/><line number="200" hits="0"/><line number="201" hits="0"/><line number="204" hits="0"/><line number="210" hits="1"/><line number="211" hits="4"/><line number="214" hits="1"/><line number="215" hits="1"/><line number="219" hits="0"/><line number="220" hits="0"/><line number="221" hits="0"/><line number="225" hits="0"/><line number="231" hits="0"/><line number="232" hits="0"/><line number="237" hits="0"/><line number="238" hits="0"/><line number="239" hits="0"/><line number="243" hits="0"/><line number="244" hits="0"/><line number="248" hits="4"/><line number="249" hits="6"/><line number="250" hits="6"/><line number="252" hits="6"/><line number="253" hits="3"/><line number="254" hits="3"/><line number="255" hits="0"/><line number="256" hits="1"/><line number="259" hits="0"/><line number="264" hits="1"/><line number="268" hits="2"/><line number="269" hits="3"/><line number="272" hits="3"/><line number="273" hits="3"/><line number="275" hits="5"/><line number="276" hits="0"/><line number="277" hits="0"/><line number="278" hits="0"/><line number="280" hits="0"/><line number="283" hits="0"/><line number="287" hits="2"/><line number="288" hits="3"/><line number="289" hits="3"/><line number="292" hits="5"/><line number="293" hits="0"/><line number="296" hits="4"/><line number="297" hits="2"/><line number="298" hits="0"/><line number="299" hits="0"/><line number="305" hits="5"/><line number="306" hits="2"/><line number="307" hits="6"/><line number="312" hits="5"/><line number="313" hits="0"/><line number="316" hits="2"/><line number="317" hits="2"/><line number="318" hits="0"/><line number="319" hits="0"/><line number="320" hits="0"/><line number="321" hits="0"/><line number="329" hits="3"/><line number="330" hits="0"/><line number="331" hits="0"/><line number="335" hits="0"/><line number="339" hits="1"/><line number="342" hits="1"/><line number="346" hits="12"/><line number="347" hits="6"/><line number="348" hits="0"/><line number="349" hits="0"/><line number="350" hits="0"/><line number="351" hits="0"/><line number="355" hits="0"/><line number="357" hits="0"/><line number="358" hits="0"/><line number="361" hits="6"/><line number="364" hits="6"/><line number="368" hits="9"/><line number="369" hits="18"/><line number="371" hits="9"/><line number="372" hits="5"/><line number="373" hits="0"/><line number="376" hits="0"/><line number="380" hits="0"/><line number="382" hits="0"/><line number="384" hits="0"/><line number="386" hits="12"/><line number="391" hits="4"/><line number="392" hits="10"/><line number="395" hits="6"/><line number="396" hits="0"/><line number="398" hits="0"/><line number="402" hits="0"/><line number="403" hits="0"/><line number="404" hits="0"/><line number="408" hits="4"/><line number="409" hits="6"/><line number="410" hits="0"/><line number="434" hits="0"/><line number="545" hits="5"/><line number="547" hits="5"/><line number="548" hits="5"/><line number="552" hits="6"/><line number="554" hits="30"/><line number="555" hits="36"/><line number="558" hits="8"/><line number="566" hits="0"/><line number="568" hits="0"/><line number="570" hits="0"/><line number="571" hits="0"/><line number="572" hits="0"/><line number="578" hits="0"/><line number="581" hits="0"/><line number="583" hits="0"/><line number="584" hits="0"/><line number="585" hits="0"/><line number="586" hits="0"/><line number="592" hits="0"/><line number="595" hits="2"/><line number="596" hits="6"/><line number="611" hits="5"/><line number="617" hits="5"/></lines></class><class name="tracker" filename="src/task/tracker.rs" line-rate="0.2727272727272727" branch-rate="0" complexity="0"><methods/><lines><line number="32" hits="0"/><line number="33" hits="0"/><line number="39" hits="16"/><line number="41" hits="48"/><line number="42" hits="48"/><line number="43" hits="48"/><line number="44" hits="48"/><line number="45" hits="16"/><line number="50" hits="8"/><line number="52" hits="12"/><line number="53" hits="8"/><line number="54" hits="4"/><line number="59" hits="4"/><line number="63" hits="12"/><line number="64" hits="16"/><line number="68" hits="12"/><line number="69" hits="4"/><line number="72" hits="4"/><line number="76" hits="6"/><line number="77" hits="3"/><line number="78" hits="9"/><line number="79" hits="6"/><line number="82" hits="5"/><line number="83" hits="0"/><line number="84" hits="0"/><line number="87" hits="0"/><line number="89" hits="0"/><line number="90" hits="0"/><line number="92" hits="0"/><line number="93" hits="0"/><line number="94" hits="0"/><line number="95" hits="0"/><line number="96" hits="0"/><line number="100" hits="0"/><line number="104" hits="2"/><line number="105" hits="6"/><line number="109" hits="6"/><line number="112" hits="8"/><line number="116" hits="6"/><line number="117" hits="2"/><line number="118" hits="2"/><line number="121" hits="2"/><line number="122" hits="0"/><line number="124" hits="0"/><line number="126" hits="2"/><line number="128" hits="1"/><line number="133" hits="2"/><line number="134" hits="3"/><line number="135" hits="3"/><line number="136" hits="0"/><line number="137" hits="1"/><line number="138" hits="0"/><line number="139" hits="0"/><line number="142" hits="0"/><line number="143" hits="0"/><line number="144" hits="0"/><line number="145" hits="0"/><line number="148" hits="0"/><line number="149" hits="0"/><line number="152" hits="0"/><line number="156" hits="2"/><line number="157" hits="3"/><line number="158" hits="3"/><line number="159" hits="0"/><line number="160" hits="2"/><line number="161" hits="1"/><line number="162" hits="1"/><line number="163" hits="1"/><line number="165" hits="1"/><line number="166" hits="1"/><line number="169" hits="0"/><line number="173" hits="2"/><line number="174" hits="3"/><line number="175" hits="3"/><line number="176" hits="0"/><line number="177" hits="0"/><line number="180" hits="0"/><line number="181" hits="0"/><line number="182" hits="0"/><line number="183" hits="0"/><line number="184" hits="0"/><line number="187" hits="0"/><line number="188" hits="0"/><line number="195" hits="0"/><line number="196" hits="0"/><line number="197" hits="0"/><line number="198" hits="0"/><line number="199" hits="0"/><line number="205" hits="8"/><line number="206" hits="12"/><line number="207" hits="0"/><line number="211" hits="4"/><line number="212" hits="6"/><line number="213" hits="0"/><line number="217" hits="0"/><line number="218" hits="0"/><line number="219" hits="0"/><line number="221" hits="0"/><line number="227" hits="2"/><line number="228" hits="3"/><line number="229" hits="0"/><line number="233" hits="0"/><line number="234" hits="0"/><line number="235" hits="0"/><line number="239" hits="4"/><line number="240" hits="6"/><line number="241" hits="0"/><line number="245" hits="0"/><line number="249" hits="0"/><line number="250" hits="0"/><line number="251" hits="0"/><line number="254" hits="0"/><line number="255" hits="0"/><line number="257" hits="0"/><line number="260" hits="0"/><line number="261" hits="0"/><line number="262" hits="0"/><line number="263" hits="0"/><line number="264" hits="0"/><line number="265" hits="0"/><line number="266" hits="0"/><line number="267" hits="0"/><line number="268" hits="0"/><line number="270" hits="0"/><line number="271" hits="0"/><line number="272" hits="0"/><line number="273" hits="0"/><line number="274" hits="0"/><line number="275" hits="0"/><line number="276" hits="0"/><line number="277" hits="0"/><line number="279" hits="0"/><line number="280" hits="0"/><line number="281" hits="0"/><line number="282" hits="0"/><line number="283" hits="0"/><line number="285" hits="0"/><line number="286" hits="0"/><line number="287" hits="0"/><line number="288" hits="0"/><line number="289" hits="0"/><line number="292" hits="0"/><line number="293" hits="0"/><line number="295" hits="0"/><line number="298" hits="0"/><line number="299" hits="0"/><line number="301" hits="0"/><line number="304" hits="0"/><line number="305" hits="0"/><line number="307" hits="0"/><line number="311" hits="0"/><line number="312" hits="0"/><line number="313" hits="0"/><line number="314" hits="0"/><line number="315" hits="0"/><line number="316" hits="0"/><line number="317" hits="0"/><line number="318" hits="0"/><line number="319" hits="0"/><line number="321" hits="0"/><line number="322" hits="0"/><line number="323" hits="0"/><line number="324" hits="0"/><line number="327" hits="0"/><line number="331" hits="0"/><line number="332" hits="0"/><line number="336" hits="0"/><line number="345" hits="0"/><line number="346" hits="0"/><line number="347" hits="0"/><line number="349" hits="0"/><line number="351" hits="0"/><line number="352" hits="0"/><line number="355" hits="0"/><line number="356" hits="0"/><line number="357" hits="0"/><line number="360" hits="0"/><line number="361" hits="0"/><line number="363" hits="0"/><line number="364" hits="0"/><line number="365" hits="0"/><line number="368" hits="0"/><line number="371" hits="0"/><line number="373" hits="0"/><line number="374" hits="0"/><line number="376" hits="0"/><line number="379" hits="0"/><line number="380" hits="0"/><line number="382" hits="0"/><line number="385" hits="0"/><line number="386" hits="0"/><line number="387" hits="0"/><line number="388" hits="0"/><line number="389" hits="0"/><line number="390" hits="0"/><line number="391" hits="0"/><line number="392" hits="0"/><line number="393" hits="0"/><line number="398" hits="0"/><line number="403" hits="0"/><line number="405" hits="0"/><line number="406" hits="0"/><line number="407" hits="0"/><line number="408" hits="0"/><line number="410" hits="0"/><line number="411" hits="0"/><line number="412" hits="0"/><line number="413" hits="0"/><line number="414" hits="0"/><line number="415" hits="0"/><line number="420" hits="0"/><line number="421" hits="0"/><line number="423" hits="0"/><line number="424" hits="0"/><line number="427" hits="0"/><line number="433" hits="0"/><line number="438" hits="0"/><line number="443" hits="2"/><line number="444" hits="2"/><line number="445" hits="0"/><line number="459" hits="0"/><line number="461" hits="0"/><line number="469" hits="0"/><line number="470" hits="0"/><line number="471" hits="0"/><line number="474" hits="0"/><line number="475" hits="0"/><line number="479" hits="4"/><line number="480" hits="6"/><line number="482" hits="6"/><line number="483" hits="0"/><line number="484" hits="0"/><line number="485" hits="0"/><line number="486" hits="4"/><line number="493" hits="2"/><line number="496" hits="0"/><line number="497" hits="0"/><line number="498" hits="0"/><line number="499" hits="0"/><line number="500" hits="0"/><line number="503" hits="0"/><line number="504" hits="0"/><line number="505" hits="0"/><line number="506" hits="0"/><line number="509" hits="0"/><line number="513" hits="4"/><line number="514" hits="6"/><line number="515" hits="0"/><line number="516" hits="0"/><line number="517" hits="0"/><line number="518" hits="4"/><line number="528" hits="0"/><line number="529" hits="0"/><line number="530" hits="0"/><line number="531" hits="0"/><line number="532" hits="0"/><line number="533" hits="0"/><line number="534" hits="0"/><line number="535" hits="0"/><line number="538" hits="0"/><line number="539" hits="0"/><line number="540" hits="0"/><line number="541" hits="0"/><line number="560" hits="0"/><line number="561" hits="0"/><line number="562" hits="0"/><line number="563" hits="0"/><line number="565" hits="0"/><line number="570" hits="0"/><line number="572" hits="0"/><line number="573" hits="0"/><line number="593" hits="0"/><line number="594" hits="0"/><line number="598" hits="0"/><line number="600" hits="0"/><line number="601" hits="0"/><line number="697" hits="16"/><line number="703" hits="16"/><line number="715" hits="0"/><line number="716" hits="0"/><line number="721" hits="1"/><line number="725" hits="1"/><line number="726" hits="1"/><line number="729" hits="1"/><line number="730" hits="2"/><line number="734" hits="0"/><line number="738" hits="2"/><line number="739" hits="3"/><line number="743" hits="1"/><line number="747" hits="3"/><line number="748" hits="6"/><line number="753" hits="3"/><line number="754" hits="6"/><line number="755" hits="9"/><line number="756" hits="9"/><line number="760" hits="0"/><line number="763" hits="0"/></lines></class><class name="types" filename="src/task/types.rs" line-rate="0.5604395604395604" branch-rate="0" complexity="0"><methods/><lines><line number="83" hits="77"/><line number="84" hits="231"/><line number="85" hits="77"/><line number="90" hits="154"/><line number="104" hits="154"/><line number="106" hits="154"/><line number="107" hits="154"/><line number="108" hits="154"/><line number="110" hits="77"/><line number="111" hits="77"/><line number="116" hits="15"/><line number="117" hits="30"/><line number="118" hits="15"/><line number="119" hits="15"/><line number="120" hits="15"/><line number="122" hits="15"/><line number="124" hits="6"/><line number="125" hits="3"/><line number="129" hits="2"/><line number="130" hits="3"/><line number="133" hits="2"/><line number="136" hits="0"/><line number="137" hits="0"/><line number="141" hits="10"/><line number="144" hits="15"/><line number="148" hits="1"/><line number="150" hits="2"/><line number="153" hits="2"/><line number="158" hits="3"/><line number="159" hits="2"/><line number="160" hits="1"/><line number="161" hits="1"/><line number="162" hits="1"/><line number="166" hits="3"/><line number="167" hits="3"/><line number="168" hits="6"/><line number="169" hits="3"/><line number="170" hits="3"/><line number="171" hits="3"/><line number="173" hits="4"/><line number="174" hits="2"/><line number="179" hits="0"/><line number="180" hits="0"/><line number="185" hits="0"/><line number="187" hits="0"/><line number="192" hits="0"/><line number="193" hits="0"/><line number="197" hits="0"/><line number="198" hits="0"/><line number="202" hits="2"/><line number="203" hits="2"/><line number="205" hits="8"/><line number="209" hits="0"/><line number="210" hits="0"/><line number="211" hits="0"/><line number="213" hits="0"/><line number="247" hits="3"/><line number="248" hits="3"/><line number="249" hits="1"/><line number="250" hits="3"/><line number="251" hits="0"/><line number="252" hits="0"/><line number="253" hits="0"/><line number="254" hits="3"/><line number="255" hits="0"/><line number="256" hits="0"/><line number="281" hits="0"/><line number="282" hits="0"/><line number="283" hits="0"/><line number="284" hits="0"/><line number="285" hits="0"/><line number="286" hits="0"/><line number="287" hits="0"/><line number="333" hits="0"/><line number="334" hits="0"/><line number="335" hits="0"/><line number="336" hits="0"/><line number="337" hits="0"/><line number="338" hits="0"/><line number="339" hits="0"/><line number="340" hits="0"/><line number="341" hits="0"/><line number="342" hits="0"/><line number="343" hits="0"/><line number="344" hits="0"/><line number="345" hits="0"/><line number="346" hits="0"/><line number="377" hits="78"/><line number="381" hits="156"/><line number="383" hits="78"/><line number="407" hits="78"/></lines></class></classes></package><package name="src/room" line-rate="0.5720081135902637" branch-rate="0" complexity="0"><classes><class name="integration" filename="src/room/integration.rs" line-rate="0.7456140350877193" branch-rate="0" complexity="0"><methods/><lines><line number="25" hits="12"/><line number="29" hits="24"/><line number="31" hits="12"/><line number="35" hits="7"/><line number="36" hits="7"/><line number="37" hits="7"/><line number="38" hits="7"/><line number="42" hits="10"/><line number="47" hits="10"/><line number="50" hits="20"/><line number="51" hits="30"/><line number="52" hits="10"/><line number="55" hits="10"/><line number="58" hits="0"/><line number="60" hits="0"/><line number="61" hits="0"/><line number="62" hits="0"/><line number="63" hits="0"/><line number="67" hits="20"/><line number="68" hits="50"/><line number="70" hits="10"/><line number="71" hits="0"/><line number="74" hits="10"/><line number="76" hits="0"/><line number="78" hits="0"/><line number="79" hits="0"/><line number="80" hits="0"/><line number="86" hits="3"/><line number="90" hits="3"/><line number="93" hits="3"/><line number="94" hits="9"/><line number="95" hits="9"/><line number="99" hits="6"/><line number="100" hits="0"/><line number="101" hits="0"/><line number="102" hits="0"/><line number="109" hits="3"/><line number="112" hits="6"/><line number="113" hits="6"/><line number="115" hits="3"/><line number="116" hits="3"/><line number="120" hits="8"/><line number="122" hits="8"/><line number="123" hits="8"/><line number="124" hits="4"/><line number="125" hits="4"/><line number="129" hits="20"/><line number="131" hits="8"/><line number="132" hits="30"/><line number="133" hits="32"/><line number="137" hits="0"/><line number="141" hits="1"/><line number="145" hits="1"/><line number="148" hits="1"/><line number="149" hits="3"/><line number="150" hits="2"/><line number="151" hits="1"/><line number="153" hits="1"/><line number="157" hits="0"/><line number="158" hits="0"/><line number="162" hits="5"/><line number="163" hits="6"/><line number="165" hits="2"/><line number="166" hits="6"/><line number="167" hits="1"/><line number="168" hits="1"/><line number="171" hits="2"/><line number="172" hits="5"/><line number="174" hits="1"/><line number="175" hits="0"/><line number="178" hits="1"/><line number="182" hits="2"/><line number="185" hits="2"/><line number="186" hits="1"/><line number="190" hits="2"/><line number="192" hits="2"/><line number="193" hits="0"/><line number="194" hits="0"/><line number="199" hits="0"/><line number="207" hits="1"/><line number="211" hits="6"/><line number="212" hits="6"/><line number="214" hits="3"/><line number="215" hits="9"/><line number="216" hits="3"/><line number="219" hits="9"/><line number="220" hits="10"/><line number="221" hits="0"/><line number="223" hits="0"/><line number="227" hits="3"/><line number="231" hits="4"/><line number="232" hits="4"/><line number="234" hits="2"/><line number="235" hits="6"/><line number="236" hits="2"/><line number="239" hits="5"/><line number="240" hits="4"/><line number="241" hits="0"/><line number="244" hits="2"/><line number="248" hits="1"/><line number="252" hits="1"/><line number="253" hits="3"/><line number="254" hits="2"/><line number="255" hits="1"/><line number="257" hits="1"/><line number="261" hits="0"/><line number="262" hits="0"/><line number="263" hits="0"/><line number="264" hits="1"/><line number="268" hits="0"/><line number="269" hits="0"/><line number="275" hits="8"/><line number="276" hits="12"/><line number="277" hits="0"/></lines></class><class name="manager" filename="src/room/manager.rs" line-rate="0.42248062015503873" branch-rate="0" complexity="0"><methods/><lines><line number="39" hits="51"/><line number="40" hits="154"/><line number="41" hits="3"/><line number="42" hits="0"/><line number="43" hits="0"/><line number="45" hits="2"/><line number="46" hits="2"/><line number="47" hits="1"/><line number="51" hits="102"/><line number="52" hits="0"/><line number="55" hits="51"/><line number="69" hits="0"/><line number="70" hits="0"/><line number="74" hits="51"/><line number="78" hits="0"/><line number="83" hits="50"/><line number="84" hits="0"/><line number="88" hits="51"/><line number="91" hits="102"/><line number="92" hits="0"/><line number="93" hits="0"/><line number="94" hits="0"/><line number="97" hits="0"/><line number="104" hits="109"/><line number="105" hits="80"/><line number="106" hits="0"/><line number="111" hits="40"/><line number="112" hits="80"/><line number="113" hits="2"/><line number="114" hits="1"/><line number="115" hits="1"/><line number="120" hits="0"/><line number="121" hits="2"/><line number="122" hits="2"/><line number="123" hits="1"/><line number="129" hits="37"/><line number="130" hits="0"/><line number="131" hits="0"/><line number="132" hits="1"/><line number="133" hits="3"/><line number="137" hits="0"/><line number="141" hits="37"/><line number="142" hits="148"/><line number="145" hits="37"/><line number="146" hits="0"/><line number="151" hits="37"/><line number="152" hits="155"/><line number="153" hits="0"/><line number="158" hits="37"/><line number="159" hits="116"/><line number="160" hits="0"/><line number="164" hits="37"/><line number="167" hits="46"/><line number="168" hits="16"/><line number="169" hits="2"/><line number="170" hits="1"/><line number="171" hits="1"/><line number="175" hits="15"/><line number="176" hits="15"/><line number="177" hits="30"/><line number="180" hits="15"/><line number="181" hits="14"/><line number="182" hits="14"/><line number="183" hits="0"/><line number="185" hits="0"/><line number="189" hits="14"/><line number="190" hits="43"/><line number="191" hits="0"/><line number="195" hits="14"/><line number="197" hits="1"/><line number="201" hits="2"/><line number="202" hits="3"/><line number="205" hits="2"/><line number="206" hits="0"/><line number="210" hits="4"/><line number="211" hits="0"/><line number="215" hits="2"/><line number="216" hits="1"/><line number="217" hits="2"/><line number="218" hits="1"/><line number="219" hits="1"/><line number="221" hits="0"/><line number="225" hits="50"/><line number="226" hits="54"/><line number="227" hits="0"/><line number="230" hits="123"/><line number="231" hits="132"/><line number="232" hits="0"/><line number="235" hits="2"/><line number="236" hits="3"/><line number="237" hits="0"/><line number="239" hits="0"/><line number="240" hits="4"/><line number="243" hits="0"/><line number="247" hits="0"/><line number="249" hits="0"/><line number="250" hits="0"/><line number="251" hits="0"/><line number="254" hits="0"/><line number="255" hits="0"/><line number="256" hits="0"/><line number="257" hits="0"/><line number="261" hits="0"/><line number="263" hits="0"/><line number="267" hits="0"/><line number="268" hits="0"/><line number="271" hits="0"/><line number="272" hits="0"/><line number="275" hits="0"/><line number="276" hits="0"/><line number="279" hits="145"/><line number="280" hits="156"/><line number="283" hits="104"/><line number="284" hits="104"/><line number="285" hits="52"/><line number="288" hits="156"/><line number="291" hits="0"/><line number="292" hits="6"/><line number="293" hits="46"/><line number="295" hits="46"/><line number="296" hits="0"/><line number="299" hits="51"/><line number="300" hits="51"/><line number="301" hits="50"/><line number="305" hits="3"/><line number="306" hits="1"/><line number="311" hits="0"/><line number="312" hits="0"/><line number="318" hits="1"/><line number="321" hits="0"/><line number="325" hits="0"/><line number="329" hits="50"/><line number="330" hits="100"/><line number="331" hits="50"/><line number="333" hits="50"/><line number="337" hits="50"/><line number="340" hits="0"/><line number="344" hits="0"/><line number="348" hits="0"/><line number="349" hits="0"/><line number="350" hits="0"/><line number="351" hits="0"/><line number="353" hits="0"/><line number="354" hits="0"/><line number="357" hits="0"/><line number="358" hits="0"/><line number="359" hits="0"/><line number="360" hits="0"/><line number="361" hits="0"/><line number="364" hits="0"/><line number="366" hits="0"/><line number="367" hits="0"/><line number="370" hits="0"/><line number="371" hits="0"/><line number="372" hits="0"/><line number="373" hits="0"/><line number="378" hits="0"/><line number="381" hits="0"/><line number="382" hits="0"/><line number="385" hits="1"/><line number="386" hits="1"/><line number="389" hits="0"/><line number="390" hits="0"/><line number="391" hits="0"/><line number="394" hits="0"/><line number="395" hits="0"/><line number="396" hits="0"/><line number="402" hits="12"/><line number="403" hits="24"/><line number="407" hits="12"/><line number="408" hits="12"/><line number="412" hits="102"/><line number="414" hits="74"/><line number="415" hits="0"/><line number="416" hits="0"/><line number="417" hits="0"/><line number="418" hits="0"/><line number="423" hits="0"/><line number="426" hits="37"/><line number="427" hits="0"/><line number="428" hits="0"/><line number="429" hits="37"/><line number="432" hits="0"/><line number="433" hits="0"/><line number="434" hits="0"/><line number="438" hits="37"/><line number="439" hits="0"/><line number="440" hits="0"/><line number="441" hits="0"/><line number="442" hits="0"/><line number="443" hits="0"/><line number="444" hits="0"/><line number="445" hits="0"/><line number="447" hits="0"/><line number="448" hits="0"/><line number="449" hits="0"/><line number="450" hits="0"/><line number="455" hits="0"/><line number="456" hits="0"/><line number="457" hits="0"/><line number="461" hits="7"/><line number="462" hits="0"/><line number="463" hits="0"/><line number="464" hits="0"/><line number="466" hits="0"/><line number="467" hits="0"/><line number="468" hits="0"/><line number="473" hits="0"/><line number="474" hits="0"/><line number="475" hits="0"/><line number="476" hits="0"/><line number="477" hits="0"/><line number="478" hits="0"/><line number="479" hits="0"/><line number="480" hits="0"/><line number="481" hits="0"/><line number="482" hits="0"/><line number="483" hits="0"/><line number="484" hits="0"/><line number="485" hits="0"/><line number="489" hits="0"/><line number="491" hits="0"/><line number="493" hits="21"/><line number="494" hits="7"/><line number="498" hits="30"/><line number="499" hits="0"/><line number="502" hits="30"/><line number="507" hits="14"/><line number="514" hits="14"/><line number="517" hits="14"/><line number="521" hits="28"/><line number="522" hits="28"/><line number="525" hits="7"/><line number="526" hits="42"/><line number="527" hits="7"/><line number="530" hits="0"/><line number="531" hits="0"/><line number="533" hits="14"/><line number="538" hits="0"/><line number="539" hits="0"/><line number="540" hits="0"/><line number="542" hits="0"/><line number="546" hits="0"/><line number="547" hits="0"/><line number="548" hits="0"/><line number="549" hits="0"/><line number="550" hits="0"/><line number="551" hits="0"/><line number="554" hits="0"/><line number="555" hits="0"/><line number="556" hits="0"/><line number="561" hits="0"/><line number="562" hits="0"/><line number="564" hits="0"/><line number="566" hits="0"/><line number="567" hits="0"/><line number="570" hits="0"/><line number="572" hits="0"/></lines></class><class name="state" filename="src/room/state.rs" line-rate="0.5454545454545454" branch-rate="0" complexity="0"><methods/><lines><line number="163" hits="120"/><line number="167" hits="120"/><line number="174" hits="4"/><line number="176" hits="8"/><line number="177" hits="8"/><line number="180" hits="4"/><line number="184" hits="4"/><line number="185" hits="12"/><line number="186" hits="4"/><line number="193" hits="119"/><line number="194" hits="238"/><line number="197" hits="357"/><line number="198" hits="357"/><line number="199" hits="238"/><line number="200" hits="238"/><line number="201" hits="238"/><line number="202" hits="238"/><line number="206" hits="238"/><line number="216" hits="0"/><line number="217" hits="0"/><line number="218" hits="0"/><line number="219" hits="0"/><line number="220" hits="0"/><line number="222" hits="0"/><line number="223" hits="0"/><line number="224" hits="0"/><line number="226" hits="0"/><line number="229" hits="0"/><line number="230" hits="0"/><line number="234" hits="0"/><line number="236" hits="0"/><line number="237" hits="0"/><line number="238" hits="0"/><line number="239" hits="0"/><line number="240" hits="0"/><line number="248" hits="2"/><line number="249" hits="2"/><line number="250" hits="2"/><line number="253" hits="3"/><line number="254" hits="3"/><line number="257" hits="1"/><line number="258" hits="5"/><line number="261" hits="1"/><line number="262" hits="3"/><line number="265" hits="1"/><line number="266" hits="1"/><line number="268" hits="2"/><line number="272" hits="0"/><line number="273" hits="0"/><line number="276" hits="0"/><line number="277" hits="0"/><line number="278" hits="0"/><line number="279" hits="0"/><line number="285" hits="0"/><line number="286" hits="0"/><line number="288" hits="0"/><line number="292" hits="1"/><line number="293" hits="3"/><line number="296" hits="1"/><line number="297" hits="5"/><line number="300" hits="0"/><line number="304" hits="1"/><line number="305" hits="2"/><line number="308" hits="0"/><line number="309" hits="0"/><line number="310" hits="0"/></lines></class><class name="template" filename="src/room/template.rs" line-rate="0.9454545454545454" branch-rate="0" complexity="0"><methods/><lines><line number="43" hits="57"/><line number="45" hits="57"/><line number="49" hits="114"/><line number="50" hits="57"/><line number="53" hits="229"/><line number="54" hits="1145"/><line number="57" hits="122"/><line number="58" hits="366"/><line number="61" hits="1"/><line
[...]
" hits="0"/><line number="149" hits="2"/><line number="151" hits="0"/><line number="157" hits="0"/><line number="158" hits="0"/><line number="168" hits="115"/><line number="169" hits="230"/><line number="171" hits="230"/><line number="176" hits="0"/></lines></class><class name="manager" filename="src/process/manager.rs" line-rate="0.3262411347517731" branch-rate="0" complexity="0"><methods/><lines><line number="88" hits="25"/><line number="89" hits="50"/><line number="90" hits="150"/><line number="93" hits="75"/><line number="99" hits="50"/><line number="108" hits="0"/><line number="111" hits="0"/><line number="118" hits="0"/><line number="125" hits="53"/><line number="126" hits="159"/><line number="129" hits="159"/><line number="134" hits="53"/><line number="137" hits="47"/><line number="145" hits="96"/><line number="146" hits="64"/><line number="147" hits="1"/><line number="153" hits="31"/><line number="154" hits="31"/><line number="155" hits="1"/><line number="156" hits="1"/><line number="157" hits="1"/><line number="163" hits="0"/><line number="166" hits="0"/><line number="168" hits="0"/><line number="170" hits="0"/><line number="171" hits="0"/><line number="172" hits="0"/><line number="173" hits="0"/><line number="174" hits="0"/><line number="175" hits="0"/><line number="180" hits="0"/><line number="181" hits="0"/><line number="182" hits="0"/><line number="183" hits="0"/><line number="184" hits="0"/><line number="187" hits="54"/><line number="188" hits="0"/><line number="192" hits="0"/><line number="193" hits="0"/><line number="197" hits="0"/><line number="198" hits="0"/><line number="200" hits="0"/><line number="201" hits="30"/><line number="202" hits="42"/><line number="203" hits="21"/><line number="205" hits="21"/><line number="206" hits="14"/><line number="209" hits="0"/><line number="210" hits="0"/><line number="213" hits="0"/><line number="214" hits="0"/><line number="215" hits="0"/><line number="216" hits="0"/><line number="217" hits="0"/><line number="218" hits="0"/><line number="222" hits="0"/><line number="223" hits="0"/><line number="228" hits="0"/><line number="231" hits="0"/><line number="232" hits="0"/><line number="233" hits="0"/><line number="238" hits="23"/><line number="239" hits="92"/><line number="243" hits="46"/><line number="244" hits="46"/><line number="245" hits="46"/><line number="246" hits="23"/><line number="251" hits="69"/><line number="252" hits="92"/><line number="256" hits="92"/><line number="257" hits="23"/><line number="260" hits="69"/><line number="261" hits="46"/><line number="262" hits="23"/><line number="263" hits="23"/><line number="266" hits="23"/><line number="269" hits="15"/><line number="271" hits="30"/><line number="272" hits="15"/><line number="274" hits="30"/><line number="275" hits="15"/><line number="277" hits="15"/><line number="279" hits="15"/><line number="281" hits="5"/><line number="282" hits="0"/><line number="284" hits="5"/><line number="285" hits="0"/><line number="289" hits="5"/><line number="290" hits="0"/><line number="291" hits="0"/><line number="292" hits="0"/><line number="293" hits="0"/><line number="294" hits="0"/><line number="295" hits="0"/><line number="296" hits="0"/><line number="297" hits="0"/><line number="300" hits="0"/><line number="303" hits="10"/><line number="307" hits="5"/><line number="309" hits="0"/><line number="310" hits="0"/><line number="311" hits="0"/><line number="312" hits="0"/><line number="315" hits="0"/><line number="318" hits="0"/><line number="319" hits="0"/><line number="320" hits="0"/><line number="324" hits="0"/><line number="325" hits="0"/><line number="326" hits="0"/><line number="329" hits="0"/><line number="330" hits="0"/><line number="331" hits="0"/><line number="332" hits="0"/><line number="333" hits="0"/><line number="334" hits="0"/><line number="337" hits="0"/><line number="341" hits="0"/><line number="342" hits="0"/><line number="343" hits="0"/><line number="346" hits="0"/><line number="351" hits="0"/><line number="352" hits="0"/><line number="353" hits="0"/><line number="357" hits="0"/><line number="361" hits="0"/><line number="362" hits="0"/><line number="366" hits="0"/><line number="369" hits="0"/><line number="370" hits="0"/><line number="374" hits="0"/><line number="375" hits="0"/><line number="376" hits="0"/><line number="380" hits="0"/><line number="383" hits="33"/><line number="384" hits="36"/><line number="385" hits="24"/><line number="388" hits="8"/><line number="389" hits="12"/><line number="390" hits="14"/><line number="393" hits="2"/><line number="394" hits="3"/><line number="395" hits="0"/><line number="397" hits="4"/><line number="398" hits="2"/><line number="402" hits="54"/><line number="403" hits="69"/><line number="404" hits="69"/><line number="405" hits="0"/><line number="406" hits="0"/><line number="410" hits="31"/><line number="415" hits="69"/><line number="416" hits="69"/><line number="418" hits="92"/><line number="419" hits="92"/><line number="421" hits="26"/><line number="422" hits="12"/><line number="423" hits="12"/><line number="426" hits="6"/><line number="427" hits="16"/><line number="428" hits="4"/><line number="429" hits="3"/><line number="430" hits="0"/><line number="431" hits="0"/><line number="432" hits="0"/><line number="433" hits="0"/><line number="434" hits="0"/><line number="435" hits="0"/><line number="436" hits="0"/><line number="439" hits="1"/><line number="440" hits="0"/><line number="441" hits="0"/><line number="442" hits="0"/><line number="443" hits="0"/><line number="444" hits="0"/><line number="448" hits="14"/><line number="449" hits="2"/><line number="450" hits="0"/><line number="451" hits="0"/><line number="452" hits="0"/><line number="453" hits="0"/><line number="454" hits="0"/><line number="455" hits="0"/><line number="456" hits="0"/><line number="457" hits="0"/><line number="460" hits="2"/><line number="461" hits="0"/><line number="462" hits="0"/><line number="463" hits="0"/><line number="464" hits="0"/><line number="465" hits="0"/><line number="472" hits="3"/><line number="473" hits="0"/><line number="474" hits="0"/><line number="475" hits="0"/><line number="476" hits="0"/><line number="482" hits="54"/><line number="483" hits="69"/><line number="484" hits="69"/><line number="485" hits="69"/><line number="487" hits="26"/><line number="488" hits="9"/><line number="491" hits="12"/><line number="494" hits="3"/><line number="496" hits="0"/><line number="497" hits="0"/><line number="498" hits="0"/><line number="501" hits="0"/><line number="502" hits="0"/><line number="503" hits="0"/><line number="504" hits="0"/><line number="505" hits="0"/><line number="506" hits="0"/><line number="508" hits="3"/><line number="514" hits="0"/><line number="515" hits="0"/><line number="516" hits="0"/><line number="519" hits="0"/><line number="521" hits="0"/><line number="522" hits="0"/><line number="523" hits="0"/><line number="524" hits="0"/><line number="525" hits="0"/><line number="526" hits="0"/><line number="529" hits="0"/><line number="531" hits="0"/><line number="532" hits="0"/><line number="533" hits="0"/><line number="538" hits="0"/><line number="539" hits="0"/><line number="541" hits="0"/><line number="544" hits="0"/><line number="545" hits="0"/><line number="546" hits="0"/><line number="547" hits="0"/><line number="550" hits="0"/><line number="552" hits="0"/><line number="555" hits="0"/><line number="556" hits="0"/><line number="557" hits="0"/><line number="558" hits="0"/><line number="559" hits="0"/><line number="560" hits="0"/><line number="561" hits="0"/><line number="562" hits="0"/><line number="564" hits="0"/><line number="565" hits="0"/><line number="572" hits="0"/><line number="573" hits="0"/><line number="575" hits="0"/><line number="576" hits="0"/><line number="578" hits="0"/><line number="579" hits="0"/><line number="584" hits="0"/><line number="585" hits="0"/><line number="586" hits="0"/><line number="587" hits="0"/><line number="588" hits="0"/><line number="589" hits="0"/><line number="590" hits="0"/><line number="591" hits="0"/><line number="595" hits="0"/><line number="598" hits="10"/><line number="599" hits="15"/><line number="600" hits="0"/><line number="603" hits="0"/><line number="604" hits="0"/><line number="605" hits="0"/><line number="607" hits="0"/><line number="608" hits="0"/><line number="609" hits="0"/><line number="612" hits="0"/><line number="613" hits="0"/><line number="614" hits="0"/><line number="615" hits="0"/><line number="616" hits="0"/><line number="617" hits="0"/><line number="618" hits="0"/><line number="619" hits="0"/><line number="620" hits="0"/><line number="626" hits="0"/><line number="629" hits="0"/></lines></class><class name="monitor" filename="src/process/monitor.rs" line-rate="0.15" branch-rate="0" complexity="0"><methods/><lines><line number="79" hits="2"/><line number="94" hits="2"/><line number="97" hits="6"/><line number="99" hits="2"/><line number="103" hits="0"/><line number="104" hits="0"/><line number="105" hits="0"/><line number="109" hits="0"/><line number="112" hits="0"/><line number="113" hits="0"/><line number="114" hits="0"/><line number="116" hits="0"/><line number="120" hits="0"/><line number="121" hits="0"/><line number="122" hits="0"/><line number="124" hits="0"/><line number="125" hits="0"/><line number="127" hits="0"/><line number="128" hits="0"/><line number="129" hits="0"/><line number="137" hits="0"/><line number="141" hits="0"/><line number="142" hits="0"/><line number="143" hits="0"/><line number="146" hits="0"/><line number="147" hits="0"/><line number="148" hits="0"/><line number="149" hits="0"/><line number="154" hits="0"/><line number="155" hits="0"/><line number="156" hits="0"/><line number="161" hits="0"/><line number="162" hits="0"/><line number="163" hits="0"/><line number="166" hits="0"/><line number="167" hits="0"/><line number="172" hits="0"/><line number="173" hits="0"/><line number="175" hits="0"/><line number="185" hits="0"/><line number="189" hits="0"/><line number="199" hits="0"/><line number="212" hits="0"/><line number="218" hits="0"/><line number="219" hits="0"/><line number="220" hits="0"/><line number="221" hits="0"/><line number="222" hits="0"/><line number="223" hits="0"/><line number="224" hits="0"/><line number="225" hits="0"/><line number="226" hits="0"/><line number="230" hits="0"/><line number="231" hits="0"/><line number="233" hits="0"/><line number="236" hits="0"/><line number="237" hits="0"/><line number="239" hits="0"/><line number="242" hits="0"/><line number="243" hits="0"/><line number="244" hits="0"/><line number="246" hits="0"/><line number="248" hits="0"/><line number="251" hits="0"/><line number="252" hits="0"/><line number="254" hits="0"/><line number="255" hits="0"/><line number="256" hits="0"/><line number="257" hits="0"/><line number="258" hits="0"/><line number="262" hits="0"/><line number="263" hits="0"/><line number="264" hits="0"/><line number="265" hits="0"/><line number="266" hits="0"/><line number="269" hits="0"/><line number="274" hits="0"/><line number="276" hits="0"/><line number="282" hits="0"/><line number="287" hits="0"/><line number="291" hits="0"/><line number="295" hits="0"/><line number="296" hits="0"/><line number="297" hits="0"/><line number="298" hits="0"/><line number="299" hits="0"/><line number="302" hits="0"/><line number="307" hits="0"/><line number="309" hits="0"/><line number="313" hits="0"/><line number="318" hits="0"/><line number="322" hits="0"/><line number="326" hits="0"/><line number="327" hits="0"/><line number="328" hits="0"/><line number="329" hits="0"/><line number="330" hits="0"/><line number="333" hits="0"/><line number="338" hits="0"/><line number="340" hits="0"/><line number="345" hits="0"/><line number="349" hits="0"/><line number="352" hits="0"/><line number="353" hits="0"/><line number="355" hits="0"/><line number="356" hits="0"/><line number="360" hits="0"/><line number="361" hits="0"/><line number="362" hits="0"/><line number="370" hits="0"/><line number="371" hits="0"/><line number="373" hits="0"/><line number="374" hits="0"/><line number="375" hits="0"/><line number="378" hits="0"/><line number="383" hits="0"/><line number="385" hits="0"/><line number="390" hits="0"/><line number="394" hits="0"/><line number="399" hits="0"/><line number="400" hits="0"/><line number="401" hits="0"/><line number="402" hits="0"/><line number="404" hits="0"/><line number="405" hits="0"/><line number="406" hits="0"/><line number="407" hits="0"/><line number="411" hits="2"/><line number="412" hits="1"/><line number="413" hits="0"/><line number="414" hits="1"/><line number="415" hits="0"/><line number="418" hits="3"/><line number="419" hits="0"/><line number="422" hits="0"/><line number="423" hits="0"/><line number="424" hits="0"/><line number="426" hits="0"/><line number="427" hits="0"/><line number="429" hits="0"/><line number="430" hits="0"/><line number="431" hits="0"/><line number="435" hits="0"/><line number="436" hits="0"/><line number="437" hits="0"/><line number="440" hits="0"/><line number="441" hits="0"/><line number="442" hits="0"/><line number="445" hits="4"/><line number="446" hits="6"/><line number="447" hits="0"/><line number="449" hits="2"/><line number="454" hits="2"/><line number="455" hits="3"/><line number="457" hits="5"/><line number="458" hits="0"/><line number="459" hits="0"/><line number="460" hits="0"/><line number="462" hits="0"/><line number="466" hits="2"/><line number="467" hits="3"/><line number="468" hits="3"/><line number="470" hits="2"/><line number="471" hits="4"/><line number="473" hits="2"/><line number="474" hits="0"/><line number="476" hits="1"/><line number="479" hits="4"/><line number="481" hits="2"/><line number="483" hits="1"/><line number="486" hits="2"/><line number="488" hits="1"/><line number="498" hits="1"/><line number="532" hits="0"/><line number="533" hits="0"/><line number="536" hits="0"/><line number="537" hits="0"/><line number="538" hits="0"/><line number="539" hits="0"/><line number="540" hits="0"/></lines></class><class name="pool" filename="src/process/pool.rs" line-rate="0.3710691823899371" branch-rate="0" complexity="0"><methods/><lines><line number="58" hits="3"/><line number="72" hits="3"/><line number="77" hits="3"/><line number="78" hits="0"/><line number="84" hits="9"/><line number="90" hits="6"/><line number="92" hits="3"/><line number="95" hits="4"/><line number="96" hits="2"/><line number="101" hits="2"/><line number="105" hits="6"/><line number="106" hits="4"/><line number="110" hits="4"/><line number="112" hits="2"/><line number="115" hits="4"/><line number="116" hits="6"/><line number="118" hits="2"/><line number="119" hits="0"/><line number="122" hits="0"/><line number="124" hits="2"/><line number="125" hits="8"/><line number="127" hits="4"/><line number="128" hits="0"/><line number="129" hits="0"/><line number="131" hits="0"/><line number="132" hits="0"/><line number="134" hits="0"/><line number="138" hits="0"/><line number="139" hits="0"/><line number="141" hits="6"/><line number="142" hits="2"/><line number="143" hits="0"/><line number="144" hits="0"/><line number="146" hits="0"/><line number="147" hits="0"/><line number="149" hits="0"/><line number="153" hits="4"/><line number="154" hits="4"/><line number="157" hits="6"/><line number="158" hits="2"/><line number="159" hits="0"/><line number="160" hits="0"/><line number="166" hits="0"/><line number="167" hits="0"/><line number="174" hits="4"/><line number="175" hits="2"/><line number="177" hits="5"/><line number="182" hits="2"/><line number="187" hits="4"/><line number="188" hits="0"/><line number="191" hits="0"/><line number="194" hits="1"/><line number="199" hits="0"/><line number="203" hits="0"/><line number="204" hits="0"/><line number="208" hits="3"/><line number="210" hits="5"/><line number="213" hits="1"/><line number="214" hits="0"/><line number="217" hits="1"/><line number="223" hits="0"/><line number="224" hits="0"/><line number="225" hits="0"/><line number="228" hits="0"/><line number="229" hits="0"/><line number="230" hits="0"/><line number="233" hits="0"/><line number="234" hits="0"/><line number="236" hits="0"/><line number="237" hits="0"/><line number="238" hits="0"/><line number="241" hits="0"/><line number="244" hits="0"/><line number="245" hits="0"/><line number="247" hits="0"/><line number="250" hits="0"/><line number="251" hits="0"/><line number="252" hits="0"/><line number="254" hits="0"/><line number="255" hits="0"/><line number="256" hits="0"/><line number="257" hits="0"/><line number="259" hits="0"/><line number="263" hits="0"/><line number="264" hits="0"/><line number="265" hits="0"/><line number="267" hits="0"/><line number="270" hits="0"/><line number="271" hits="0"/><line number="272" hits="0"/><line number="275" hits="0"/><line number="276" hits="0"/><line number="277" hits="0"/><line number="278" hits="0"/><line number="281" hits="0"/><line number="285" hits="0"/><line number="287" hits="0"/><line number="290" hits="0"/><line number="291" hits="0"/><line number="295" hits="0"/><line number="296" hits="0"/><line number="300" hits="6"/><line number="301" hits="9"/><line number="303" hits="11"/><line number="304" hits="20"/><line number="305" hits="15"/><line number="306" hits="20"/><line number="308" hits="5"/><line number="309" hits="5"/><line number="310" hits="20"/><line number="311" hits="5"/><line number="313" hits="0"/><line number="314" hits="0"/><line number="319" hits="0"/><line number="320" hits="0"/><line number="323" hits="0"/><line number="324" hits="0"/><line number="325" hits="0"/><line number="326" hits="0"/><line number="330" hits="0"/><line number="332" hits="0"/><line number="333" hits="0"/><line number="334" hits="0"/><line number="336" hits="0"/><line number="337" hits="0"/><line number="338" hits="0"/><line number="339" hits="0"/><line number="341" hits="0"/><line number="345" hits="0"/><line number="348" hits="2"/><line number="349" hits="2"/><line number="350" hits="0"/><line number="353" hits="0"/><line number="355" hits="2"/><line number="358" hits="0"/><line number="361" hits="2"/><line number="362" hits="3"/><line number="363" hits="1"/><line number="364" hits="3"/><line number="365" hits="1"/><line number="368" hits="2"/><line number="370" hits="3"/><line number="373" hits="2"/><line number="375" hits="3"/><line number="379" hits="2"/><line number="383" hits="3"/><line number="387" hits="0"/><line number="388" hits="0"/><line number="389" hits="0"/><line number="392" hits="0"/><line number="393" hits="0"/><line number="397" hits="0"/><line number="398" hits="0"/><line number="402" hits="0"/><line number="403" hits="0"/><line number="407" hits="0"/><line number="522" hits="0"/><line number="523" hits="0"/><line number="528" hits="0"/></lines></class><class name="router" filename="src/process/router.rs" line-rate="0.5405405405405406" branch-rate="0" complexity="0"><methods/><lines><line number="15" hits="0"/><line number="16" hits="0"/><line number="22" hits="7"/><line number="24" hits="14"/><line number="29" hits="20"/><line number="30" hits="18"/><line number="31" hits="0"/><line number="35" hits="2"/><line number="36" hits="2"/><line number="37" hits="0"/><line number="41" hits="4"/><line number="45" hits="6"/><line number="48" hits="8"/><line number="49" hits="3"/><line number="50" hits="5"/><line number="54" hits="0"/><line number="55" hits="0"/><line number="60" hits="1"/><line number="65" hits="2"/><line number="66" hits="2"/><line number="68" hits="5"/><line number="69" hits="3"/><line number="70" hits="1"/><line number="74" hits="0"/><line number="75" hits="0"/><line number="76" hits="0"/><line number="77" hits="0"/><line number="81" hits="0"/><line number="82" hits="0"/><line number="85" hits="0"/><line number="88" hits="1"/><line number="92" hits="0"/><line number="93" hits="0"/><line number="94" hits="0"/><line number="98" hits="10"/><line number="99" hits="10"/><line number="100" hits="0"/></lines></class></classes></package></packages></coverage>