SF:/Users/aiq/work/wezterm-parallel/src/config/hot_reload.rs
FN:29,_RNvMNtNtCsezqlaDlZ1Zy_16wezterm_parallel6config10hot_reloadNtB2_11HotReloader14start_watching
FN:89,_RNvMNtNtCsezqlaDlZ1Zy_16wezterm_parallel6config10hot_reloadNtB2_11HotReloader15try_recv_config
FN:18,_RNvMNtNtCsezqlaDlZ1Zy_16wezterm_parallel6config10hot_reloadNtB2_11HotReloader3new
FN:43,_RNCNCNCNvMNtNtCsezqlaDlZ1Zy_16wezterm_parallel6config10hot_reloadNtB8_11HotReloader14start_watching000Bc_
FN:42,_RNCNCNvMNtNtCsezqlaDlZ1Zy_16wezterm_parallel6config10hot_reloadNtB6_11HotReloader14start_watching00Ba_
FN:33,_RNCNvMNtNtCsezqlaDlZ1Zy_16wezterm_parallel6config10hot_reloadNtB4_11HotReloader14start_watching0B8_
FN:43,_RNCNCNCNvMNtNtCsbBf3qmLqCJ0_16wezterm_parallel6config10hot_reloadNtB8_11HotReloader14start_watching000Bc_
FN:42,_RNCNCNvMNtNtCsbBf3qmLqCJ0_16wezterm_parallel6config10hot_reloadNtB6_11HotReloader14start_watching00Ba_
FN:33,_RNCNvMNtNtCsbBf3qmLqCJ0_16wezterm_parallel6config10hot_reloadNtB4_11HotReloader14start_watching0B8_
FN:29,_RNvMNtNtCsbBf3qmLqCJ0_16wezterm_parallel6config10hot_reloadNtB2_11HotReloader14start_watching
FN:89,_RNvMNtNtCsbBf3qmLqCJ0_16wezterm_parallel6config10hot_reloadNtB2_11HotReloader15try_recv_config
FN:18,_RNvMNtNtCsbBf3qmLqCJ0_16wezterm_parallel6config10hot_reloadNtB2_11HotReloader3new
FNDA:0,_RNvMNtNtCsezqlaDlZ1Zy_16wezterm_parallel6config10hot_reloadNtB2_11HotReloader14start_watching
FNDA:0,_RNvMNtNtCsezqlaDlZ1Zy_16wezterm_parallel6config10hot_reloadNtB2_11HotReloader15try_recv_config
FNDA:0,_RNvMNtNtCsezqlaDlZ1Zy_16wezterm_parallel6config10hot_reloadNtB2_11HotReloader3new
FNDA:0,_RNCNCNCNvMNtNtCsezqlaDlZ1Zy_16wezterm_parallel6config10hot_reloadNtB8_11HotReloader14start_watching000Bc_
FNDA:0,_RNCNCNvMNtNtCsezqlaDlZ1Zy_16wezterm_parallel6config10hot_reloadNtB6_11HotReloader14start_watching00Ba_
FNDA:0,_RNCNvMNtNtCsezqlaDlZ1Zy_16wezterm_parallel6config10hot_reloadNtB4_11HotReloader14start_watching0B8_
FNDA:0,_RNCNCNCNvMNtNtCsbBf3qmLqCJ0_16wezterm_parallel6config10hot_reloadNtB8_11HotReloader14start_watching000Bc_
FNDA:0,_RNCNCNvMNtNtCsbBf3qmLqCJ0_16wezterm_parallel6config10hot_reloadNtB6_11HotReloader14start_watching00Ba_
FNDA:0,_RNCNvMNtNtCsbBf3qmLqCJ0_16wezterm_parallel6config10hot_reloadNtB4_11HotReloader14start_watching0B8_
FNDA:0,_RNvMNtNtCsbBf3qmLqCJ0_16wezterm_parallel6config10hot_reloadNtB2_11HotReloader14start_watching
FNDA:0,_RNvMNtNtCsbBf3qmLqCJ0_16wezterm_parallel6config10hot_reloadNtB2_11HotReloader15try_recv_config
FNDA:0,_RNvMNtNtCsbBf3qmLqCJ0_16wezterm_parallel6config10hot_reloadNtB2_11HotReloader3new
FNF:6
FNH:0
DA:18,0
DA:19,0
DA:21,0
DA:22,0
DA:23,0
DA:24,0
DA:25,0
DA:26,0
DA:27,0
DA:29,0
DA:30,0
DA:31,0
DA:33,0
DA:34,0
DA:37,0
DA:38,0
DA:39,0
DA:40,0
DA:42,0
DA:43,0
DA:44,0
DA:45,0
DA:46,0
DA:47,0
DA:48,0
DA:49,0
DA:50,0
DA:51,0
DA:52,0
DA:53,0
DA:56,0
DA:57,0
DA:58,0
DA:59,0
DA:60,0
DA:61,0
DA:64,0
DA:65,0
DA:67,0
DA:68,0
DA:69,0
DA:70,0
DA:71,0
DA:72,0
DA:73,0
DA:74,0
DA:75,0
DA:76,0
DA:78,0
DA:79,0
DA:80,0
DA:82,0
DA:84,0
DA:86,0
DA:87,0
DA:89,0
DA:90,0
DA:91,0
BRF:0
BRH:0
LF:61
LH:0
end_of_record
SF:/Users/aiq/work/wezterm-parallel/src/config/loader.rs
FN:159,_RNvMs2_NtNtCsezqlaDlZ1Zy_16wezterm_parallel6config6loaderNtB5_12ConfigLoader10load_async
FN:422,_RNvMs2_NtNtCsezqlaDlZ1Zy_16wezterm_parallel6config6loaderNtB5_12ConfigLoader11save_config
FN:310,_RNvMs2_NtNtCsezqlaDlZ1Zy_16wezterm_parallel6config6loaderNtB5_12ConfigLoader14apply_override
FN:108,_RNvMs2_NtNtCsezqlaDlZ1Zy_16wezterm_parallel6config6loaderNtB5_12ConfigLoader15add_search_path
FN:360,_RNvMs2_NtNtCsezqlaDlZ1Zy_16wezterm_parallel6config6loaderNtB5_12ConfigLoader15validate_config
FN:439,_RNvMs2_NtNtCsezqlaDlZ1Zy_16wezterm_parallel6config6loaderNtB5_12ConfigLoader17save_config_async
FN:113,_RNvMs2_NtNtCsezqlaDlZ1Zy_16wezterm_parallel6config6loaderNtB5_12ConfigLoader17set_cli_overrides
FN:99,_RNvMs2_NtNtCsezqlaDlZ1Zy_16wezterm_parallel6config6loaderNtB5_12ConfigLoader17with_search_paths
FN:267,_RNvMs2_NtNtCsezqlaDlZ1Zy_16wezterm_parallel6config6loaderNtB5_12ConfigLoader18load_env_overrides
FN:302,_RNvMs2_NtNtCsezqlaDlZ1Zy_16wezterm_parallel6config6loaderNtB5_12ConfigLoader19apply_cli_overrides
FN:294,_RNvMs2_NtNtCsezqlaDlZ1Zy_16wezterm_parallel6config6loaderNtB5_12ConfigLoader19apply_env_overrides
FN:200,_RNvMs2_NtNtCsezqlaDlZ1Zy_16wezterm_parallel6config6loaderNtB5_12ConfigLoader20find_and_load_config
FN:245,_RNvMs2_NtNtCsezqlaDlZ1Zy_16wezterm_parallel6config6loaderNtB5_12ConfigLoader26find_and_load_config_async
FN:74,_RNvMs2_NtNtCsezqlaDlZ1Zy_16wezterm_parallel6config6loaderNtB5_12ConfigLoader3new
FN:118,_RNvMs2_NtNtCsezqlaDlZ1Zy_16wezterm_parallel6config6loaderNtB5_12ConfigLoader4load
FN:45,_RNvXNtNtCsezqlaDlZ1Zy_16wezterm_parallel6config6loaderNtB2_11ConfigErrorNtNtCsd2KPTObkMr_4core3fmt7Display3fmt
FN:61,_RNvXs0_NtNtCsezqlaDlZ1Zy_16wezterm_parallel6config6loaderNtB5_11ConfigErrorINtNtCsd2KPTObkMr_4core7convert4FromNtNtNtCs9QY0sRQ9KnX_3std2io5error5ErrorE4from
FN:67,_RNvXs1_NtNtCsezqlaDlZ1Zy_16wezterm_parallel6config6loaderNtB5_11ConfigErrorINtNtCsd2KPTObkMr_4core7convert4FromNtNtCs3u5ZBO8f4qD_10serde_yaml5error5ErrorE4from
FN:461,_RNvXs3_NtNtCsezqlaDlZ1Zy_16wezterm_parallel6config6loaderNtB5_12ConfigLoaderNtNtCsd2KPTObkMr_4core7default7Default7default
FN:159,_RNCNvMs2_NtNtCsezqlaDlZ1Zy_16wezterm_parallel6config6loaderNtB7_12ConfigLoader10load_async0Bb_
FN:439,_RNCNvMs2_NtNtCsezqlaDlZ1Zy_16wezterm_parallel6config6loaderNtB7_12ConfigLoader17save_config_async0Bb_
FN:245,_RNCNvMs2_NtNtCsezqlaDlZ1Zy_16wezterm_parallel6config6loaderNtB7_12ConfigLoader26find_and_load_config_async0Bb_
FN:324,_RNCNvMs2_NtNtCsezqlaDlZ1Zy_16wezterm_parallel6config6loaderNtB7_12ConfigLoader14apply_override0Bb_
FN:335,_RNCNvMs2_NtNtCsezqlaDlZ1Zy_16wezterm_parallel6config6loaderNtB7_12ConfigLoader14apply_overrides0_0Bb_
FN:341,_RNCNvMs2_NtNtCsezqlaDlZ1Zy_16wezterm_parallel6config6loaderNtB7_12ConfigLoader14apply_overrides1_0Bb_
FN:329,_RNCNvMs2_NtNtCsezqlaDlZ1Zy_16wezterm_parallel6config6loaderNtB7_12ConfigLoader14apply_overrides_0Bb_
FN:214,_RNCNvMs2_NtNtCsezqlaDlZ1Zy_16wezterm_parallel6config6loaderNtB7_12ConfigLoader20find_and_load_config0Bb_
FN:220,_RNCNvMs2_NtNtCsezqlaDlZ1Zy_16wezterm_parallel6config6loaderNtB7_12ConfigLoader20find_and_load_configs_0Bb_
FN:159,_RNCNvMs2_NtNtCsbBf3qmLqCJ0_16wezterm_parallel6config6loaderNtB7_12ConfigLoader10load_async0Bb_
FN:439,_RNCNvMs2_NtNtCsbBf3qmLqCJ0_16wezterm_parallel6config6loaderNtB7_12ConfigLoader17save_config_async0Bb_
FN:245,_RNCNvMs2_NtNtCsbBf3qmLqCJ0_16wezterm_parallel6config6loaderNtB7_12ConfigLoader26find_and_load_config_async0Bb_
FN:159,_RNvMs2_NtNtCsbBf3qmLqCJ0_16wezterm_parallel6config6loaderNtB5_12ConfigLoader10load_async
FN:108,_RNvMs2_NtNtCsbBf3qmLqCJ0_16wezterm_parallel6config6loaderNtB5_12ConfigLoader15add_search_path
FN:439,_RNvMs2_NtNtCsbBf3qmLqCJ0_16wezterm_parallel6config6loaderNtB5_12ConfigLoader17save_config_async
FN:113,_RNvMs2_NtNtCsbBf3qmLqCJ0_16wezterm_parallel6config6loaderNtB5_12ConfigLoader17set_cli_overrides
FN:245,_RNvMs2_NtNtCsbBf3qmLqCJ0_16wezterm_parallel6config6loaderNtB5_12ConfigLoader26find_and_load_config_async
FN:45,_RNvXNtNtCsbBf3qmLqCJ0_16wezterm_parallel6config6loaderNtB2_11ConfigErrorNtNtCsd2KPTObkMr_4core3fmt7Display3fmt
FN:461,_RNvXs3_NtNtCsbBf3qmLqCJ0_16wezterm_parallel6config6loaderNtB5_12ConfigLoaderNtNtCsd2KPTObkMr_4core7default7Default7default
FN:324,_RNCNvMs2_NtNtCsbBf3qmLqCJ0_16wezterm_parallel6config6loaderNtB7_12ConfigLoader14apply_override0Bb_
FN:335,_RNCNvMs2_NtNtCsbBf3qmLqCJ0_16wezterm_parallel6config6loaderNtB7_12ConfigLoader14apply_overrides0_0Bb_
FN:341,_RNCNvMs2_NtNtCsbBf3qmLqCJ0_16wezterm_parallel6config6loaderNtB7_12ConfigLoader14apply_overrides1_0Bb_
FN:329,_RNCNvMs2_NtNtCsbBf3qmLqCJ0_16wezterm_parallel6config6loaderNtB7_12ConfigLoader14apply_overrides_0Bb_
FN:214,_RNCNvMs2_NtNtCsbBf3qmLqCJ0_16wezterm_parallel6config6loaderNtB7_12ConfigLoader20find_and_load_config0Bb_
FN:220,_RNCNvMs2_NtNtCsbBf3qmLqCJ0_16wezterm_parallel6config6loaderNtB7_12ConfigLoader20find_and_load_configs_0Bb_
FN:515,_RNCNvNtNtNtCsbBf3qmLqCJ0_16wezterm_parallel6config6loader5testss_18test_env_overrides0B9_
FN:474,_RNCNvNtNtNtCsbBf3qmLqCJ0_16wezterm_parallel6config6loader5testss_24test_load_default_config0B9_
FN:498,_RNCNvNtNtNtCsbBf3qmLqCJ0_16wezterm_parallel6config6loader5testss_25test_save_and_load_config0B9_
FN:422,_RNvMs2_NtNtCsbBf3qmLqCJ0_16wezterm_parallel6config6loaderNtB5_12ConfigLoader11save_config
FN:310,_RNvMs2_NtNtCsbBf3qmLqCJ0_16wezterm_parallel6config6loaderNtB5_12ConfigLoader14apply_override
FN:360,_RNvMs2_NtNtCsbBf3qmLqCJ0_16wezterm_parallel6config6loaderNtB5_12ConfigLoader15validate_config
FN:99,_RNvMs2_NtNtCsbBf3qmLqCJ0_16wezterm_parallel6config6loaderNtB5_12ConfigLoader17with_search_paths
FN:267,_RNvMs2_NtNtCsbBf3qmLqCJ0_16wezterm_parallel6config6loaderNtB5_12ConfigLoader18load_env_overrides
FN:302,_RNvMs2_NtNtCsbBf3qmLqCJ0_16wezterm_parallel6config6loaderNtB5_12ConfigLoader19apply_cli_overrides
FN:294,_RNvMs2_NtNtCsbBf3qmLqCJ0_16wezterm_parallel6config6loaderNtB5_12ConfigLoader19apply_env_overrides
FN:200,_RNvMs2_NtNtCsbBf3qmLqCJ0_16wezterm_parallel6config6loaderNtB5_12ConfigLoader20find_and_load_config
FN:74,_RNvMs2_NtNtCsbBf3qmLqCJ0_16wezterm_parallel6config6loaderNtB5_12ConfigLoader3new
FN:118,_RNvMs2_NtNtCsbBf3qmLqCJ0_16wezterm_parallel6config6loaderNtB5_12ConfigLoader4load
FN:61,_RNvXs0_NtNtCsbBf3qmLqCJ0_16wezterm_parallel6config6loaderNtB5_11ConfigErrorINtNtCsd2KPTObkMr_4core7convert4FromNtNtNtCs9QY0sRQ9KnX_3std2io5error5ErrorE4from
FN:67,_RNvXs1_NtNtCsbBf3qmLqCJ0_16wezterm_parallel6config6loaderNtB5_11ConfigErrorINtNtCsd2KPTObkMr_4core7convert4FromNtNtCs3u5ZBO8f4qD_10serde_yaml5error5ErrorE4from
FNDA:0,_RNvMs2_NtNtCsezqlaDlZ1Zy_16wezterm_parallel6config6loaderNtB5_12ConfigLoader10load_async
FNDA:0,_RNvMs2_NtNtCsezqlaDlZ1Zy_16wezterm_parallel6config6loaderNtB5_12ConfigLoader11save_config
FNDA:0,_RNvMs2_NtNtCsezqlaDlZ1Zy_16wezterm_parallel6config6loaderNtB5_12ConfigLoader14apply_override
FNDA:0,_RNvMs2_NtNtCsezqlaDlZ1Zy_16wezterm_parallel6config6loaderNtB5_12ConfigLoader15add_search_path
FNDA:0,_RNvMs2_NtNtCsezqlaDlZ1Zy_16wezterm_parallel6config6loaderNtB5_12ConfigLoader15validate_config
FNDA:0,_RNvMs2_NtNtCsezqlaDlZ1Zy_16wezterm_parallel6config6loaderNtB5_12ConfigLoader17save_config_async
FNDA:0,_RNvMs2_NtNtCsezqlaDlZ1Zy_16wezterm_parallel6config6loaderNtB5_12ConfigLoader17set_cli_overrides
FNDA:0,_RNvMs2_NtNtCsezqlaDlZ1Zy_16wezterm_parallel6config6loaderNtB5_12ConfigLoader17with_search_paths
FNDA:0,_RNvMs2_NtNtCsezqlaDlZ1Zy_16wezterm_parallel6config6loaderNtB5_12ConfigLoader18load_env_overrides
FNDA:0,_RNvMs2_NtNtCsezqlaDlZ1Zy_16wezterm_parallel6config6loaderNtB5_12ConfigLoader19apply_cli_overrides
FNDA:0,_RNvMs2_NtNtCsezqlaDlZ1Zy_16wezterm_parallel6config6loaderNtB5_12ConfigLoader19apply_env_overrides
FNDA:0,_RNvMs2_NtNtCsezqlaDlZ1Zy_16wezterm_parallel6config6loaderNtB5_12ConfigLoader20find_and_load_config
FNDA:0,_RNvMs2_NtNtCsezqlaDlZ1Zy_16wezterm_parallel6config6loaderNtB5_12ConfigLoader26find_and_load_config_async
FNDA:0,_RNvMs2_NtNtCsezqlaDlZ1Zy_16wezterm_parallel6config6loaderNtB5_12ConfigLoader3new
FNDA:0,_RNvMs2_NtNtCsezqlaDlZ1Zy_16wezterm_parallel6config6loaderNtB5_12ConfigLoader4load
FNDA:0,_RNvXNtNtCsezqlaDlZ1Zy_16wezterm_parallel6config6loaderNtB2_11ConfigErrorNtNtCsd2KPTObkMr_4core3fmt7Display3fmt
FNDA:0,_RNvXs0_NtNtCsezqlaDlZ1Zy_16wezterm_parallel6config6loaderNtB5_11ConfigErrorINtNtCsd2KPTObkMr_4core7convert4FromNtNtNtCs9QY0sRQ9KnX_3std2io5error5ErrorE4from
FNDA:0,_RNvXs1_NtNtCsezqlaDlZ1Zy_16wezterm_parallel6config6loaderNtB5_11ConfigErrorINtNtCsd2KPTObkMr_4core7convert4FromNtNtCs3u5ZBO8f4qD_10serde_yaml5error5ErrorE4from
FNDA:0,_RNvXs3_NtNtCsezqlaDlZ1Zy_16wezterm_parallel6config6loaderNtB5_12ConfigLoaderNtNtCsd2KPTObkMr_4core7default7Default7default
FNDA:0,_RNCNvMs2_NtNtCsezqlaDlZ1Zy_16wezterm_parallel6config6loaderNtB7_12ConfigLoader10load_async0Bb_
FNDA:0,_RNCNvMs2_NtNtCsezqlaDlZ1Zy_16wezterm_parallel6config6loaderNtB7_12ConfigLoader17save_config_async0Bb_
FNDA:0,_RNCNvMs2_NtNtCsezqlaDlZ1Zy_16wezterm_parallel6config6loaderNtB7_12ConfigLoader26find_and_load_config_async0Bb_
FNDA:0,_RNCNvMs2_NtNtCsezqlaDlZ1Zy_16wezterm_parallel6config6loaderNtB7_12ConfigLoader14apply_override0Bb_
FNDA:0,_RNCNvMs2_NtNtCsezqlaDlZ1Zy_16wezterm_parallel6config6loaderNtB7_12ConfigLoader14apply_overrides0_0Bb_
FNDA:0,_RNCNvMs2_NtNtCsezqlaDlZ1Zy_16wezterm_parallel6config6loaderNtB7_12ConfigLoader14apply_overrides1_0Bb_
FNDA:0,_RNCNvMs2_NtNtCsezqlaDlZ1Zy_16wezterm_parallel6config6loaderNtB7_12ConfigLoader14apply_overrides_0Bb_
FNDA:0,_RNCNvMs2_NtNtCsezqlaDlZ1Zy_16wezterm_parallel6config6loaderNtB7_12ConfigLoader20find_and_load_config0Bb_
FNDA:0,_RNCNvMs2_NtNtCsezqlaDlZ1Zy_16wezterm_parallel6config6loaderNtB7_12ConfigLoader20find_and_load_configs_0Bb_
FNDA:0,_RNCNvMs2_NtNtCsbBf3qmLqCJ0_16wezterm_parallel6config6loaderNtB7_12ConfigLoader10load_async0Bb_
FNDA:0,_RNCNvMs2_NtNtCsbBf3qmLqCJ0_16wezterm_parallel6config6loaderNtB7_12ConfigLoader17save_config_async0Bb_
FNDA:0,_RNCNvMs2_NtNtCsbBf3qmLqCJ0_16wezterm_parallel6config6loaderNtB7_12ConfigLoader26find_and_load_config_async0Bb_
FNDA:0,_RNvMs2_NtNtCsbBf3qmLqCJ0_16wezterm_parallel6config6loaderNtB5_12ConfigLoader10load_async
FNDA:0,_RNvMs2_NtNtCsbBf3qmLqCJ0_16wezterm_parallel6config6loaderNtB5_12ConfigLoader15add_search_path
FNDA:0,_RNvMs2_NtNtCsbBf3qmLqCJ0_16wezterm_parallel6config6loaderNtB5_12ConfigLoader17save_config_async
FNDA:0,_RNvMs2_NtNtCsbBf3qmLqCJ0_16wezterm_parallel6config6loaderNtB5_12ConfigLoader17set_cli_overrides
FNDA:0,_RNvMs2_NtNtCsbBf3qmLqCJ0_16wezterm_parallel6config6loaderNtB5_12ConfigLoader26find_and_load_config_async
FNDA:0,_RNvXNtNtCsbBf3qmLqCJ0_16wezterm_parallel6config6loaderNtB2_11ConfigErrorNtNtCsd2KPTObkMr_4core3fmt7Display3fmt
FNDA:0,_RNvXs3_NtNtCsbBf3qmLqCJ0_16wezterm_parallel6config6loaderNtB5_12ConfigLoaderNtNtCsd2KPTObkMr_4core7default7Default7default
FNDA:0,_RNCNvMs2_NtNtCsbBf3qmLqCJ0_16wezterm_parallel6config6loaderNtB7_12ConfigLoader14apply_override0Bb_
FNDA:0,_RNCNvMs2_NtNtCsbBf3qmLqCJ0_16wezterm_parallel6config6loaderNtB7_12ConfigLoader14apply_overrides0_0Bb_
FNDA:0,_RNCNvMs2_NtNtCsbBf3qmLqCJ0_16wezterm_parallel6config6loaderNtB7_12ConfigLoader14apply_overrides1_0Bb_
FNDA:0,_RNCNvMs2_NtNtCsbBf3qmLqCJ0_16wezterm_parallel6config6loaderNtB7_12ConfigLoader14apply_overrides_0Bb_
FNDA:0,_RNCNvMs2_NtNtCsbBf3qmLqCJ0_16wezterm_parallel6config6loaderNtB7_12ConfigLoader20find_and_load_config0Bb_
FNDA:0,_RNCNvMs2_NtNtCsbBf3qmLqCJ0_16wezterm_parallel6config6loaderNtB7_12ConfigLoader20find_and_load_configs_0Bb_
FNDA:1,_RNCNvNtNtNtCsbBf3qmLqCJ0_16wezterm_parallel6config6loader5testss_18test_env_overrides0B9_
FNDA:1,_RNCNvNtNtNtCsbBf3qmLqCJ0_16wezterm_parallel6config6loader5testss_24test_load_default_config0B9_
FNDA:1,_RNCNvNtNtNtCsbBf3qmLqCJ0_16wezterm_parallel6config6loader5testss_25test_save_and_load_config0B9_
FNDA:1,_RNvMs2_NtNtCsbBf3qmLqCJ0_16wezterm_parallel6config6loaderNtB5_12ConfigLoader11save_config
FNDA:1,_RNvMs2_NtNtCsbBf3qmLqCJ0_16wezterm_parallel6config6loaderNtB5_12ConfigLoader14apply_override
FNDA:3,_RNvMs2_NtNtCsbBf3qmLqCJ0_16wezterm_parallel6config6loaderNtB5_12ConfigLoader15validate_config
FNDA:3,_RNvMs2_NtNtCsbBf3qmLqCJ0_16wezterm_parallel6config6loaderNtB5_12ConfigLoader17with_search_paths
FNDA:4,_RNvMs2_NtNtCsbBf3qmLqCJ0_16wezterm_parallel6config6loaderNtB5_12ConfigLoader18load_env_overrides
FNDA:3,_RNvMs2_NtNtCsbBf3qmLqCJ0_16wezterm_parallel6config6loaderNtB5_12ConfigLoader19apply_cli_overrides
FNDA:3,_RNvMs2_NtNtCsbBf3qmLqCJ0_16wezterm_parallel6config6loaderNtB5_12ConfigLoader19apply_env_overrides
FNDA:3,_RNvMs2_NtNtCsbBf3qmLqCJ0_16wezterm_parallel6config6loaderNtB5_12ConfigLoader20find_and_load_config
FNDA:1,_RNvMs2_NtNtCsbBf3qmLqCJ0_16wezterm_parallel6config6loaderNtB5_12ConfigLoader3new
FNDA:3,_RNvMs2_NtNtCsbBf3qmLqCJ0_16wezterm_parallel6config6loaderNtB5_12ConfigLoader4load
FNDA:0,_RNvXs0_NtNtCsbBf3qmLqCJ0_16wezterm_parallel6config6loaderNtB5_11ConfigErrorINtNtCsd2KPTObkMr_4core7convert4FromNtNtNtCs9QY0sRQ9KnX_3std2io5error5ErrorE4from
FNDA:0,_RNvXs1_NtNtCsbBf3qmLqCJ0_16wezterm_parallel6config6loaderNtB5_11ConfigErrorINtNtCsd2KPTObkMr_4core7convert4FromNtNtCs3u5ZBO8f4qD_10serde_yaml5error5ErrorE4from
FNF:31
FNH:13
DA:45,0
DA:46,0
DA:47,0
DA:48,0
DA:50,0
DA:51,0
DA:52,0
DA:53,0
DA:55,0
DA:61,0
DA:62,0
DA:63,0
DA:67,0
DA:68,0
DA:69,0
DA:74,1
DA:75,1
DA:78,1
DA:79,1
DA:80,1
DA:81,1
DA:82,1
DA:85,1
DA:86,1
DA:89,1
DA:91,1
DA:92,1
DA:93,1
DA:94,1
DA:95,1
DA:96,1
DA:99,3
DA:100,3
DA:101,3
DA:102,3
DA:103,3
DA:104,3
DA:105,3
DA:108,0
DA:109,0
DA:110,0
DA:113,0
DA:114,0
DA:115,0
DA:118,3
DA:119,3
DA:120,3
DA:121,3
DA:122,3
DA:123,3
DA:128,3
DA:129,1
DA:131,2
DA:132,2
DA:133,2
DA:134,2
DA:136,2
DA:138,0
DA:142,3
DA:145,3
DA:148,3
DA:150,3
DA:151,3
DA:152,3
DA:153,3
DA:155,3
DA:156,3
DA:159,0
DA:160,0
DA:161,0
DA:162,0
DA:163,0
DA:164,0
DA:169,0
DA:170,0
DA:172,0
DA:173,0
DA:174,0
DA:175,0
DA:177,0
DA:179,0
DA:183,0
DA:186,0
DA:189,0
DA:191,0
DA:192,0
DA:193,0
DA:194,0
DA:196,0
DA:197,0
DA:200,3
DA:201,3
DA:203,3
DA:204,1
DA:205,1
DA:206,1
DA:207,1
DA:208,1
DA:209,1
DA:210,1
DA:213,1
DA:214,1
DA:216,0
DA:217,0
DA:218,0
DA:220,1
DA:222,0
DA:223,0
DA:224,0
DA:227,1
DA:228,1
DA:230,1
DA:231,0
DA:235,2
DA:236,2
DA:237,2
DA:239,2
DA:240,2
DA:241,2
DA:242,3
DA:245,0
DA:246,0
DA:247,0
DA:248,0
DA:249,0
DA:250,0
DA:251,0
DA:252,0
DA:253,0
DA:255,0
DA:256,0
DA:257,0
DA:258,0
DA:261,0
DA:262,0
DA:263,0
DA:264,0
DA:267,4
DA:268,4
DA:271,4
DA:272,4
DA:273,4
DA:274,4
DA:275,4
DA:276,4
DA:277,4
DA:278,4
DA:279,4
DA:280,4
DA:281,4
DA:282,4
DA:284,20
DA:285,16
DA:286,1
DA:287,15
DA:290,4
DA:291,4
DA:294,3
DA:295,4
DA:296,1
DA:298,3
DA:299,3
DA:302,3
DA:303,3
DA:304,0
DA:306,3
DA:307,3
DA:310,1
DA:311,1
DA:312,1
DA:313,1
DA:314,1
DA:315,1
DA:316,1
DA:317,1
DA:318,1
DA:319,1
DA:321,1
DA:322,1
DA:323,0
DA:324,0
DA:325,0
DA:326,0
DA:328,0
DA:329,0
DA:330,0
DA:331,0
DA:333,0
DA:334,0
DA:335,0
DA:336,0
DA:337,0
DA:339,0
DA:340,0
DA:341,0
DA:342,0
DA:343,0
DA:345,0
DA:346,0
DA:347,0
DA:348,0
DA:349,0
DA:350,0
DA:351,0
DA:352,0
DA:353,0
DA:356,1
DA:357,1
DA:360,3
DA:362,3
DA:363,0
DA:364,0
DA:365,0
DA:366,3
DA:368,3
DA:369,0
DA:370,0
DA:371,0
DA:372,3
DA:375,3
DA:376,0
DA:377,0
DA:378,0
DA:379,3
DA:381,3
DA:382,0
DA:383,0
DA:384,0
DA:385,3
DA:388,3
DA:389,0
DA:390,0
DA:391,0
DA:392,3
DA:395,3
DA:396,3
DA:397,0
DA:398,0
DA:399,0
DA:400,0
DA:401,3
DA:404,3
DA:405,0
DA:406,0
DA:407,0
DA:408,3
DA:410,3
DA:411,3
DA:412,0
DA:413,0
DA:414,0
DA:415,0
DA:416,3
DA:418,3
DA:419,3
DA:422,1
DA:423,1
DA:426,1
DA:427,1
DA:428,0
DA:430,1
DA:431,1
DA:432,1
DA:433,1
DA:435,1
DA:436,1
DA:439,0
DA:440,0
DA:443,0
DA:444,0
DA:445,0
DA:447,0
DA:448,0
DA:449,0
DA:450,0
DA:451,0
DA:452,0
DA:453,0
DA:456,0
DA:457,0
DA:461,0
DA:462,0
DA:463,0
DA:474,1
DA:476,1
DA:477,1
DA:478,1
DA:479,1
DA:481,1
DA:482,1
DA:484,1
DA:485,1
DA:489,1
DA:490,0
DA:491,1
DA:498,1
DA:499,1
DA:500,1
DA:502,1
DA:503,1
DA:505,1
DA:507,1
DA:508,1
DA:510,1
DA:515,1
DA:517,1
DA:520,1
DA:521,1
DA:522,1
DA:525,1
DA:526,1
DA:527,1
DA:529,1
DA:530,1
DA:532,1
DA:536,1
DA:537,0
DA:538,1
BRF:0
BRH:0
LF:333
LH:175
end_of_record
SF:/Users/aiq/work/wezterm-parallel/src/config/mod.rs
FN:212,_RNvXNtCsezqlaDlZ1Zy_16wezterm_parallel6configNtB2_12ServerConfigNtNtCsd2KPTObkMr_4core7default7Default7default
FN:236,_RNvXs0_NtCsezqlaDlZ1Zy_16wezterm_parallel6configNtB5_13ProcessConfigNtNtCsd2KPTObkMr_4core7default7Default7default
FN:250,_RNvXs1_NtCsezqlaDlZ1Zy_16wezterm_parallel6configNtB5_15DashboardConfigNtNtCsd2KPTObkMr_4core7default7Default7default
FN:262,_RNvXs2_NtCsezqlaDlZ1Zy_16wezterm_parallel6configNtB5_11ThemeConfigNtNtCsd2KPTObkMr_4core7default7Default7default
FN:277,_RNvXs3_NtCsezqlaDlZ1Zy_16wezterm_parallel6configNtB5_16KeybindingConfigNtNtCsd2KPTObkMr_4core7default7Default7default
FN:289,_RNvXs4_NtCsezqlaDlZ1Zy_16wezterm_parallel6configNtB5_13LoggingConfigNtNtCsd2KPTObkMr_4core7default7Default7default
FN:224,_RNvXs_NtCsezqlaDlZ1Zy_16wezterm_parallel6configNtB4_15WorkspaceConfigNtNtCsd2KPTObkMr_4core7default7Default7default
FN:212,_RNvXNtCsbBf3qmLqCJ0_16wezterm_parallel6configNtB2_12ServerConfigNtNtCsd2KPTObkMr_4core7default7Default7default
FN:236,_RNvXs0_NtCsbBf3qmLqCJ0_16wezterm_parallel6configNtB5_13ProcessConfigNtNtCsd2KPTObkMr_4core7default7Default7default
FN:250,_RNvXs1_NtCsbBf3qmLqCJ0_16wezterm_parallel6configNtB5_15DashboardConfigNtNtCsd2KPTObkMr_4core7default7Default7default
FN:262,_RNvXs2_NtCsbBf3qmLqCJ0_16wezterm_parallel6configNtB5_11ThemeConfigNtNtCsd2KPTObkMr_4core7default7Default7default
FN:277,_RNvXs3_NtCsbBf3qmLqCJ0_16wezterm_parallel6configNtB5_16KeybindingConfigNtNtCsd2KPTObkMr_4core7default7Default7default
FN:289,_RNvXs4_NtCsbBf3qmLqCJ0_16wezterm_parallel6configNtB5_13LoggingConfigNtNtCsd2KPTObkMr_4core7default7Default7default
FN:224,_RNvXs_NtCsbBf3qmLqCJ0_16wezterm_parallel6configNtB4_15WorkspaceConfigNtNtCsd2KPTObkMr_4core7default7Default7default
FNDA:0,_RNvXNtCsezqlaDlZ1Zy_16wezterm_parallel6configNtB2_12ServerConfigNtNtCsd2KPTObkMr_4core7default7Default7default
FNDA:0,_RNvXs0_NtCsezqlaDlZ1Zy_16wezterm_parallel6configNtB5_13ProcessConfigNtNtCsd2KPTObkMr_4core7default7Default7default
FNDA:0,_RNvXs1_NtCsezqlaDlZ1Zy_16wezterm_parallel6configNtB5_15DashboardConfigNtNtCsd2KPTObkMr_4core7default7Default7default
FNDA:0,_RNvXs2_NtCsezqlaDlZ1Zy_16wezterm_parallel6configNtB5_11ThemeConfigNtNtCsd2KPTObkMr_4core7default7Default7default
FNDA:0,_RNvXs3_NtCsezqlaDlZ1Zy_16wezterm_parallel6configNtB5_16KeybindingConfigNtNtCsd2KPTObkMr_4core7default7Default7default
FNDA:0,_RNvXs4_NtCsezqlaDlZ1Zy_16wezterm_parallel6configNtB5_13LoggingConfigNtNtCsd2KPTObkMr_4core7default7Default7default
FNDA:0,_RNvXs_NtCsezqlaDlZ1Zy_16wezterm_parallel6configNtB4_15WorkspaceConfigNtNtCsd2KPTObkMr_4core7default7Default7default
FNDA:3,_RNvXNtCsbBf3qmLqCJ0_16wezterm_parallel6configNtB2_12ServerConfigNtNtCsd2KPTObkMr_4core7default7Default7default
FNDA:3,_RNvXs0_NtCsbBf3qmLqCJ0_16wezterm_parallel6configNtB5_13ProcessConfigNtNtCsd2KPTObkMr_4core7default7Default7default
FNDA:3,_RNvXs1_NtCsbBf3qmLqCJ0_16wezterm_parallel6configNtB5_15DashboardConfigNtNtCsd2KPTObkMr_4core7default7Default7default
FNDA:3,_RNvXs2_NtCsbBf3qmLqCJ0_16wezterm_parallel6configNtB5_11ThemeConfigNtNtCsd2KPTObkMr_4core7default7Default7default
FNDA:3,_RNvXs3_NtCsbBf3qmLqCJ0_16wezterm_parallel6configNtB5_16KeybindingConfigNtNtCsd2KPTObkMr_4core7default7Default7default
FNDA:3,_RNvXs4_NtCsbBf3qmLqCJ0_16wezterm_parallel6configNtB5_13LoggingConfigNtNtCsd2KPTObkMr_4core7default7Default7default
FNDA:3,_RNvXs_NtCsbBf3qmLqCJ0_16wezterm_parallel6configNtB4_15WorkspaceConfigNtNtCsd2KPTObkMr_4core7default7Default7default
FNF:7
FNH:7
DA:212,3
DA:213,3
DA:214,3
DA:215,3
DA:216,3
DA:217,3
DA:218,3
DA:219,3
DA:220,3
DA:224,3
DA:225,3
DA:226,3
DA:227,3
DA:228,3
DA:229,3
DA:230,3
DA:231,3
DA:232,3
DA:236,3
DA:237,3
DA:238,3
DA:239,3
DA:240,3
DA:241,3
DA:242,3
DA:243,3
DA:244,3
DA:245,3
DA:246,3
DA:250,3
DA:251,3
DA:252,3
DA:253,3
DA:254,3
DA:255,3
DA:256,3
DA:257,3
DA:258,3
DA:262,3
DA:263,3
DA:264,3
DA:265,3
DA:266,3
DA:267,3
DA:268,3
DA:269,3
DA:270,3
DA:271,3
DA:272,3
DA:273,3
DA:277,3
DA:278,3
DA:279,3
DA:280,3
DA:281,3
DA:282,3
DA:283,3
DA:284,3
DA:285,3
DA:289,3
DA:290,3
DA:291,3
DA:292,3
DA:293,3
DA:294,3
DA:295,3
DA:296,3
DA:297,3
DA:298,3
DA:299,3
DA:300,3
BRF:0
BRH:0
LF:71
LH:71
end_of_record
SF:/Users/aiq/work/wezterm-parallel/src/config/validator.rs
FN:42,_RNvMNtNtCsbBf3qmLqCJ0_16wezterm_parallel6config9validatorNtB2_15ConfigValidator18validate_ui_config
FN:15,_RNvMNtNtCsbBf3qmLqCJ0_16wezterm_parallel6config9validatorNtB2_15ConfigValidator22validate_server_config
FN:46,_RNvMNtNtCsbBf3qmLqCJ0_16wezterm_parallel6config9validatorNtB2_15ConfigValidator23validate_logging_config
FN:35,_RNvMNtNtCsbBf3qmLqCJ0_16wezterm_parallel6config9validatorNtB2_15ConfigValidator23validate_process_config
FN:25,_RNvMNtNtCsbBf3qmLqCJ0_16wezterm_parallel6config9validatorNtB2_15ConfigValidator25validate_workspace_config
FN:6,_RNvMNtNtCsbBf3qmLqCJ0_16wezterm_parallel6config9validatorNtB2_15ConfigValidator8validate
FNDA:0,_RNvMNtNtCsbBf3qmLqCJ0_16wezterm_parallel6config9validatorNtB2_15ConfigValidator18validate_ui_config
FNDA:0,_RNvMNtNtCsbBf3qmLqCJ0_16wezterm_parallel6config9validatorNtB2_15ConfigValidator22validate_server_config
FNDA:0,_RNvMNtNtCsbBf3qmLqCJ0_16wezterm_parallel6config9validatorNtB2_15ConfigValidator23validate_logging_config
FNDA:0,_RNvMNtNtCsbBf3qmLqCJ0_16wezterm_parallel6config9validatorNtB2_15ConfigValidator23validate_process_config
FNDA:0,_RNvMNtNtCsbBf3qmLqCJ0_16wezterm_parallel6config9validatorNtB2_15ConfigValidator25validate_workspace_config
FNDA:0,_RNvMNtNtCsbBf3qmLqCJ0_16wezterm_parallel6config9validatorNtB2_15ConfigValidator8validate
FNF:6
FNH:0
DA:6,0
DA:7,0
DA:8,0
DA:9,0
DA:10,0
DA:11,0
DA:12,0
DA:13,0
DA:15,0
DA:16,0
DA:17,0
DA:18,0
DA:19,0
DA:20,0
DA:21,0
DA:22,0
DA:23,0
DA:25,0
DA:26,0
DA:27,0
DA:28,0
DA:29,0
DA:30,0
DA:31,0
DA:32,0
DA:33,0
DA:35,0
DA:36,0
DA:37,0
DA:38,0
DA:39,0
DA:40,0
DA:42,0
DA:43,0
DA:44,0
DA:46,0
DA:47,0
DA:48,0
DA:49,0
DA:51,0
BRF:0
BRH:0
LF:40
LH:0
end_of_record
SF:/Users/aiq/work/wezterm-parallel/src/dashboard/broadcast.rs
FN:22,_RNCNCNvMs_NtNtCsezqlaDlZ1Zy_16wezterm_parallel9dashboard9broadcastNtB8_16BroadcastManager9broadcast00Bc_
FN:19,_RNCNvMs_NtNtCsezqlaDlZ1Zy_16wezterm_parallel9dashboard9broadcastNtB6_16BroadcastManager9broadcast0Ba_
FN:26,_RNCNvMs_NtNtCsezqlaDlZ1Zy_16wezterm_parallel9dashboard9broadcastNtB6_16BroadcastManager9subscribe0Ba_
FN:14,_RNvMs_NtNtCsezqlaDlZ1Zy_16wezterm_parallel9dashboard9broadcastNtB4_16BroadcastManager3new
FN:19,_RNvMs_NtNtCsezqlaDlZ1Zy_16wezterm_parallel9dashboard9broadcastNtB4_16BroadcastManager9broadcast
FN:26,_RNvMs_NtNtCsezqlaDlZ1Zy_16wezterm_parallel9dashboard9broadcastNtB4_16BroadcastManager9subscribe
FN:8,_RNvXNtNtCsezqlaDlZ1Zy_16wezterm_parallel9dashboard9broadcastNtB2_16BroadcastManagerNtNtCsd2KPTObkMr_4core7default7Default7default
FN:22,_RNCNCNvMs_NtNtCsbBf3qmLqCJ0_16wezterm_parallel9dashboard9broadcastNtB8_16BroadcastManager9broadcast00Bc_
FN:19,_RNCNvMs_NtNtCsbBf3qmLqCJ0_16wezterm_parallel9dashboard9broadcastNtB6_16BroadcastManager9broadcast0Ba_
FN:26,_RNCNvMs_NtNtCsbBf3qmLqCJ0_16wezterm_parallel9dashboard9broadcastNtB6_16BroadcastManager9subscribe0Ba_
FN:14,_RNvMs_NtNtCsbBf3qmLqCJ0_16wezterm_parallel9dashboard9broadcastNtB4_16BroadcastManager3new
FN:19,_RNvMs_NtNtCsbBf3qmLqCJ0_16wezterm_parallel9dashboard9broadcastNtB4_16BroadcastManager9broadcast
FN:26,_RNvMs_NtNtCsbBf3qmLqCJ0_16wezterm_parallel9dashboard9broadcastNtB4_16BroadcastManager9subscribe
FN:8,_RNvXNtNtCsbBf3qmLqCJ0_16wezterm_parallel9dashboard9broadcastNtB2_16BroadcastManagerNtNtCsd2KPTObkMr_4core7default7Default7default
FNDA:0,_RNCNCNvMs_NtNtCsezqlaDlZ1Zy_16wezterm_parallel9dashboard9broadcastNtB8_16BroadcastManager9broadcast00Bc_
FNDA:0,_RNCNvMs_NtNtCsezqlaDlZ1Zy_16wezterm_parallel9dashboard9broadcastNtB6_16BroadcastManager9broadcast0Ba_
FNDA:0,_RNCNvMs_NtNtCsezqlaDlZ1Zy_16wezterm_parallel9dashboard9broadcastNtB6_16BroadcastManager9subscribe0Ba_
FNDA:0,_RNvMs_NtNtCsezqlaDlZ1Zy_16wezterm_parallel9dashboard9broadcastNtB4_16BroadcastManager3new
FNDA:0,_RNvMs_NtNtCsezqlaDlZ1Zy_16wezterm_parallel9dashboard9broadcastNtB4_16BroadcastManager9broadcast
FNDA:0,_RNvMs_NtNtCsezqlaDlZ1Zy_16wezterm_parallel9dashboard9broadcastNtB4_16BroadcastManager9subscribe
FNDA:0,_RNvXNtNtCsezqlaDlZ1Zy_16wezterm_parallel9dashboard9broadcastNtB2_16BroadcastManagerNtNtCsd2KPTObkMr_4core7default7Default7default
FNDA:0,_RNCNCNvMs_NtNtCsbBf3qmLqCJ0_16wezterm_parallel9dashboard9broadcastNtB8_16BroadcastManager9broadcast00Bc_
FNDA:0,_RNCNvMs_NtNtCsbBf3qmLqCJ0_16wezterm_parallel9dashboard9broadcastNtB6_16BroadcastManager9broadcast0Ba_
FNDA:0,_RNCNvMs_NtNtCsbBf3qmLqCJ0_16wezterm_parallel9dashboard9broadcastNtB6_16BroadcastManager9subscribe0Ba_
FNDA:0,_RNvMs_NtNtCsbBf3qmLqCJ0_16wezterm_parallel9dashboard9broadcastNtB4_16BroadcastManager3new
FNDA:0,_RNvMs_NtNtCsbBf3qmLqCJ0_16wezterm_parallel9dashboard9broadcastNtB4_16BroadcastManager9broadcast
FNDA:0,_RNvMs_NtNtCsbBf3qmLqCJ0_16wezterm_parallel9dashboard9broadcastNtB4_16BroadcastManager9subscribe
FNDA:0,_RNvXNtNtCsbBf3qmLqCJ0_16wezterm_parallel9dashboard9broadcastNtB2_16BroadcastManagerNtNtCsd2KPTObkMr_4core7default7Default7default
FNF:7
FNH:0
DA:8,0
DA:9,0
DA:10,0
DA:14,0
DA:15,0
DA:16,0
DA:17,0
DA:19,0
DA:20,0
DA:21,0
DA:22,0
DA:23,0
DA:24,0
DA:26,0
DA:27,0
DA:28,0
BRF:0
BRH:0
LF:19
LH:0
end_of_record
SF:/Users/aiq/work/wezterm-parallel/src/dashboard/handlers.rs
FN:7,_RINvNtNtCsezqlaDlZ1Zy_16wezterm_parallel9dashboard8handlers16handle_websocketpEB6_
FN:13,_RNCINvNtNtCsezqlaDlZ1Zy_16wezterm_parallel9dashboard8handlers16handle_websocketpE0B8_
FN:22,_RNCNCINvNtNtCsezqlaDlZ1Zy_16wezterm_parallel9dashboard8handlers16handle_websocketpE00Ba_
FN:33,_RNCNCINvNtNtCsezqlaDlZ1Zy_16wezterm_parallel9dashboard8handlers16handle_websocketpE0s_0Ba_
FN:65,_RNCNvNtNtCsezqlaDlZ1Zy_16wezterm_parallel9dashboard8handlers19handle_static_files0B7_
FN:65,_RNvNtNtCsezqlaDlZ1Zy_16wezterm_parallel9dashboard8handlers19handle_static_files
FN:7,_RINvNtNtCsbBf3qmLqCJ0_16wezterm_parallel9dashboard8handlers16handle_websocketpEB6_
FN:13,_RNCINvNtNtCsbBf3qmLqCJ0_16wezterm_parallel9dashboard8handlers16handle_websocketpE0B8_
FN:22,_RNCNCINvNtNtCsbBf3qmLqCJ0_16wezterm_parallel9dashboard8handlers16handle_websocketpE00Ba_
FN:33,_RNCNCINvNtNtCsbBf3qmLqCJ0_16wezterm_parallel9dashboard8handlers16handle_websocketpE0s_0Ba_
FN:65,_RNCNvNtNtCsbBf3qmLqCJ0_16wezterm_parallel9dashboard8handlers19handle_static_files0B7_
FN:65,_RNvNtNtCsbBf3qmLqCJ0_16wezterm_parallel9dashboard8handlers19handle_static_files
FNDA:0,_RINvNtNtCsezqlaDlZ1Zy_16wezterm_parallel9dashboard8handlers16handle_websocketpEB6_
FNDA:0,_RNCINvNtNtCsezqlaDlZ1Zy_16wezterm_parallel9dashboard8handlers16handle_websocketpE0B8_
FNDA:0,_RNCNCINvNtNtCsezqlaDlZ1Zy_16wezterm_parallel9dashboard8handlers16handle_websocketpE00Ba_
FNDA:0,_RNCNCINvNtNtCsezqlaDlZ1Zy_16wezterm_parallel9dashboard8handlers16handle_websocketpE0s_0Ba_
FNDA:0,_RNCNvNtNtCsezqlaDlZ1Zy_16wezterm_parallel9dashboard8handlers19handle_static_files0B7_
FNDA:0,_RNvNtNtCsezqlaDlZ1Zy_16wezterm_parallel9dashboard8handlers19handle_static_files
FNDA:0,_RINvNtNtCsbBf3qmLqCJ0_16wezterm_parallel9dashboard8handlers16handle_websocketpEB6_
FNDA:0,_RNCINvNtNtCsbBf3qmLqCJ0_16wezterm_parallel9dashboard8handlers16handle_websocketpE0B8_
FNDA:0,_RNCNCINvNtNtCsbBf3qmLqCJ0_16wezterm_parallel9dashboard8handlers16handle_websocketpE00Ba_
FNDA:0,_RNCNCINvNtNtCsbBf3qmLqCJ0_16wezterm_parallel9dashboard8handlers16handle_websocketpE0s_0Ba_
FNDA:0,_RNCNvNtNtCsbBf3qmLqCJ0_16wezterm_parallel9dashboard8handlers19handle_static_files0B7_
FNDA:0,_RNvNtNtCsbBf3qmLqCJ0_16wezterm_parallel9dashboard8handlers19handle_static_files
FNF:6
FNH:0
DA:7,0
DA:8,0
DA:9,0
DA:10,0
DA:11,0
DA:12,0
DA:13,0
DA:14,0
DA:15,0
DA:18,0
DA:19,0
DA:22,0
DA:23,0
DA:24,0
DA:25,0
DA:26,0
DA:27,0
DA:28,0
DA:30,0
DA:33,0
DA:34,0
DA:35,0
DA:36,0
DA:37,0
DA:41,0
DA:42,0
DA:44,0
DA:45,0
DA:46,0
DA:48,0
DA:51,0
DA:53,0
DA:54,0
DA:55,0
DA:57,0
DA:58,0
DA:62,0
DA:63,0
DA:65,0
DA:67,0
DA:68,0
BRF:0
BRH:0
LF:44
LH:0
end_of_record
SF:/Users/aiq/work/wezterm-parallel/src/dashboard/mod.rs
FN:448,_RNCNCNvMs_NtCsezqlaDlZ1Zy_16wezterm_parallel9dashboardNtB8_14DashboardState18should_send_update00Ba_
FN:453,_RNCNCNvMs_NtCsezqlaDlZ1Zy_16wezterm_parallel9dashboardNtB8_14DashboardState18should_send_update0s_0Ba_
FN:471,_RNCNCNvMs_NtCsezqlaDlZ1Zy_16wezterm_parallel9dashboardNtB8_14DashboardState24get_client_subscriptions00Ba_
FN:427,_RNCNvMs_NtCsezqlaDlZ1Zy_16wezterm_parallel9dashboardNtB6_14DashboardState12client_count0B8_
FN:432,_RNCNvMs_NtCsezqlaDlZ1Zy_16wezterm_parallel9dashboardNtB6_14DashboardState14update_metrics0B8_
FN:415,_RNCNvMs_NtCsezqlaDlZ1Zy_16wezterm_parallel9dashboardNtB6_14DashboardState15register_client0B8_
FN:421,_RNCNvMs_NtCsezqlaDlZ1Zy_16wezterm_parallel9dashboardNtB6_14DashboardState17unregister_client0B8_
FN:438,_RNCNvMs_NtCsezqlaDlZ1Zy_16wezterm_parallel9dashboardNtB6_14DashboardState18should_send_update0B8_
FN:466,_RNCNvMs_NtCsezqlaDlZ1Zy_16wezterm_parallel9dashboardNtB6_14DashboardState24get_client_subscriptions0B8_
FN:481,_RNCNvMs_NtCsezqlaDlZ1Zy_16wezterm_parallel9dashboardNtB6_14DashboardState9get_stats0B8_
FN:427,_RNCNvMs_NtCsezqlaDlZ1Zy_16wezterm_parallel9dashboardNtB6_14DashboardState12client_count0CspnWSjikcw4_22end_to_end_integration
FN:481,_RNCNvMs_NtCsezqlaDlZ1Zy_16wezterm_parallel9dashboardNtB6_14DashboardState9get_stats0CspnWSjikcw4_22end_to_end_integration
FN:600,_RNvMs0_NtCsezqlaDlZ1Zy_16wezterm_parallel9dashboardNtB5_13MetricsUpdate11incremental
FN:577,_RNvMs0_NtCsezqlaDlZ1Zy_16wezterm_parallel9dashboardNtB5_13MetricsUpdate4full
FN:616,_RNvMs0_NtCsezqlaDlZ1Zy_16wezterm_parallel9dashboardNtB5_13MetricsUpdate8priority
FN:427,_RNvMs_NtCsezqlaDlZ1Zy_16wezterm_parallel9dashboardNtB4_14DashboardState12client_count
FN:432,_RNvMs_NtCsezqlaDlZ1Zy_16wezterm_parallel9dashboardNtB4_14DashboardState14update_metrics
FN:415,_RNvMs_NtCsezqlaDlZ1Zy_16wezterm_parallel9dashboardNtB4_14DashboardState15register_client
FN:421,_RNvMs_NtCsezqlaDlZ1Zy_16wezterm_parallel9dashboardNtB4_14DashboardState17unregister_client
FN:438,_RNvMs_NtCsezqlaDlZ1Zy_16wezterm_parallel9dashboardNtB4_14DashboardState18should_send_update
FN:466,_RNvMs_NtCsezqlaDlZ1Zy_16wezterm_parallel9dashboardNtB4_14DashboardState24get_client_subscriptions
FN:396,_RNvMs_NtCsezqlaDlZ1Zy_16wezterm_parallel9dashboardNtB4_14DashboardState3new
FN:476,_RNvMs_NtCsezqlaDlZ1Zy_16wezterm_parallel9dashboardNtB4_14DashboardState9broadcast
FN:481,_RNvMs_NtCsezqlaDlZ1Zy_16wezterm_parallel9dashboardNtB4_14DashboardState9get_stats
FN:45,_RNvXNtCsezqlaDlZ1Zy_16wezterm_parallel9dashboardNtB2_15DashboardConfigNtNtCsd2KPTObkMr_4core7default7Default7default
FN:448,_RNCNCNvMs_NtCsezqlaDlZ1Zy_16wezterm_parallel9dashboardNtB8_14DashboardState18should_send_update00CsjIgq8mvfQLP_16wezterm_parallel
FN:453,_RNCNCNvMs_NtCsezqlaDlZ1Zy_16wezterm_parallel9dashboardNtB8_14DashboardState18should_send_update0s_0CsjIgq8mvfQLP_16wezterm_parallel
FN:427,_RNCNvMs_NtCsezqlaDlZ1Zy_16wezterm_parallel9dashboardNtB6_14DashboardState12client_count0CsjIgq8mvfQLP_16wezterm_parallel
FN:415,_RNCNvMs_NtCsezqlaDlZ1Zy_16wezterm_parallel9dashboardNtB6_14DashboardState15register_client0CsjIgq8mvfQLP_16wezterm_parallel
FN:421,_RNCNvMs_NtCsezqlaDlZ1Zy_16wezterm_parallel9dashboardNtB6_14DashboardState17unregister_client0CsjIgq8mvfQLP_16wezterm_parallel
FN:438,_RNCNvMs_NtCsezqlaDlZ1Zy_16wezterm_parallel9dashboardNtB6_14DashboardState18should_send_update0CsjIgq8mvfQLP_16wezterm_parallel
FN:471,_RNCNCNvMs_NtCsbBf3qmLqCJ0_16wezterm_parallel9dashboardNtB8_14DashboardState24get_client_subscriptions00Ba_
FN:432,_RNCNvMs_NtCsbBf3qmLqCJ0_16wezterm_parallel9dashboardNtB6_14DashboardState14update_metrics0B8_
FN:466,_RNCNvMs_NtCsbBf3qmLqCJ0_16wezterm_parallel9dashboardNtB6_14DashboardState24get_client_subscriptions0B8_
FN:600,_RNvMs0_NtCsbBf3qmLqCJ0_16wezterm_parallel9dashboardNtB5_13MetricsUpdate11incremental
FN:616,_RNvMs0_NtCsbBf3qmLqCJ0_16wezterm_parallel9dashboardNtB5_13MetricsUpdate8priority
FN:432,_RNvMs_NtCsbBf3qmLqCJ0_16wezterm_parallel9dashboardNtB4_14DashboardState14update_metrics
FN:466,_RNvMs_NtCsbBf3qmLqCJ0_16wezterm_parallel9dashboardNtB4_14DashboardState24get_client_subscriptions
FN:448,_RNCNCNvMs_NtCsbBf3qmLqCJ0_16wezterm_parallel9dashboardNtB8_14DashboardState18should_send_update00Ba_
FN:453,_RNCNCNvMs_NtCsbBf3qmLqCJ0_16wezterm_parallel9dashboardNtB8_14DashboardState18should_send_update0s_0Ba_
FN:427,_RNCNvMs_NtCsbBf3qmLqCJ0_16wezterm_parallel9dashboardNtB6_14DashboardState12client_count0B8_
FN:415,_RNCNvMs_NtCsbBf3qmLqCJ0_16wezterm_parallel9dashboardNtB6_14DashboardState15register_client0B8_
FN:421,_RNCNvMs_NtCsbBf3qmLqCJ0_16wezterm_parallel9dashboardNtB6_14DashboardState17unregister_client0B8_
FN:438,_RNCNvMs_NtCsbBf3qmLqCJ0_16wezterm_parallel9dashboardNtB6_14DashboardState18should_send_update0B8_
FN:481,_RNCNvMs_NtCsbBf3qmLqCJ0_16wezterm_parallel9dashboardNtB6_14DashboardState9get_stats0B8_
FN:577,_RNvMs0_NtCsbBf3qmLqCJ0_16wezterm_parallel9dashboardNtB5_13MetricsUpdate4full
FN:427,_RNvMs_NtCsbBf3qmLqCJ0_16wezterm_parallel9dashboardNtB4_14DashboardState12client_count
FN:415,_RNvMs_NtCsbBf3qmLqCJ0_16wezterm_parallel9dashboardNtB4_14DashboardState15register_client
FN:421,_RNvMs_NtCsbBf3qmLqCJ0_16wezterm_parallel9dashboardNtB4_14DashboardState17unregister_client
FN:438,_RNvMs_NtCsbBf3qmLqCJ0_16wezterm_parallel9dashboardNtB4_14DashboardState18should_send_update
FN:396,_RNvMs_NtCsbBf3qmLqCJ0_16wezterm_parallel9dashboardNtB4_14DashboardState3new
FN:476,_RNvMs_NtCsbBf3qmLqCJ0_16wezterm_parallel9dashboardNtB4_14DashboardState9broadcast
FN:481,_RNvMs_NtCsbBf3qmLqCJ0_16wezterm_parallel9dashboardNtB4_14DashboardState9get_stats
FN:45,_RNvXNtCsbBf3qmLqCJ0_16wezterm_parallel9dashboardNtB2_15DashboardConfigNtNtCsd2KPTObkMr_4core7default7Default7default
FNDA:0,_RNCNCNvMs_NtCsezqlaDlZ1Zy_16wezterm_parallel9dashboardNtB8_14DashboardState18should_send_update00Ba_
FNDA:0,_RNCNCNvMs_NtCsezqlaDlZ1Zy_16wezterm_parallel9dashboardNtB8_14DashboardState18should_send_update0s_0Ba_
FNDA:0,_RNCNCNvMs_NtCsezqlaDlZ1Zy_16wezterm_parallel9dashboardNtB8_14DashboardState24get_client_subscriptions00Ba_
FNDA:0,_RNCNvMs_NtCsezqlaDlZ1Zy_16wezterm_parallel9dashboardNtB6_14DashboardState12client_count0B8_
FNDA:0,_RNCNvMs_NtCsezqlaDlZ1Zy_16wezterm_parallel9dashboardNtB6_14DashboardState14update_metrics0B8_
FNDA:0,_RNCNvMs_NtCsezqlaDlZ1Zy_16wezterm_parallel9dashboardNtB6_14DashboardState15register_client0B8_
FNDA:0,_RNCNvMs_NtCsezqlaDlZ1Zy_16wezterm_parallel9dashboardNtB6_14DashboardState17unregister_client0B8_
FNDA:0,_RNCNvMs_NtCsezqlaDlZ1Zy_16wezterm_parallel9dashboardNtB6_14DashboardState18should_send_update0B8_
FNDA:0,_RNCNvMs_NtCsezqlaDlZ1Zy_16wezterm_parallel9dashboardNtB6_14DashboardState24get_client_subscriptions0B8_
FNDA:0,_RNCNvMs_NtCsezqlaDlZ1Zy_16wezterm_parallel9dashboardNtB6_14DashboardState9get_stats0B8_
FNDA:1,_RNCNvMs_NtCsezqlaDlZ1Zy_16wezterm_parallel9dashboardNtB6_14DashboardState12client_count0CspnWSjikcw4_22end_to_end_integration
FNDA:2,_RNCNvMs_NtCsezqlaDlZ1Zy_16wezterm_parallel9dashboardNtB6_14DashboardState9get_stats0CspnWSjikcw4_22end_to_end_integration
FNDA:0,_RNvMs0_NtCsezqlaDlZ1Zy_16wezterm_parallel9dashboardNtB5_13MetricsUpdate11incremental
FNDA:0,_RNvMs0_NtCsezqlaDlZ1Zy_16wezterm_parallel9dashboardNtB5_13MetricsUpdate4full
FNDA:0,_RNvMs0_NtCsezqlaDlZ1Zy_16wezterm_parallel9dashboardNtB5_13MetricsUpdate8priority
FNDA:1,_RNvMs_NtCsezqlaDlZ1Zy_16wezterm_parallel9dashboardNtB4_14DashboardState12client_count
FNDA:0,_RNvMs_NtCsezqlaDlZ1Zy_16wezterm_parallel9dashboardNtB4_14DashboardState14update_metrics
FNDA:0,_RNvMs_NtCsezqlaDlZ1Zy_16wezterm_parallel9dashboardNtB4_14DashboardState15register_client
FNDA:0,_RNvMs_NtCsezqlaDlZ1Zy_16wezterm_parallel9dashboardNtB4_14DashboardState17unregister_client
FNDA:0,_RNvMs_NtCsezqlaDlZ1Zy_16wezterm_parallel9dashboardNtB4_14DashboardState18should_send_update
FNDA:0,_RNvMs_NtCsezqlaDlZ1Zy_16wezterm_parallel9dashboardNtB4_14DashboardState24get_client_subscriptions
FNDA:2,_RNvMs_NtCsezqlaDlZ1Zy_16wezterm_parallel9dashboardNtB4_14DashboardState3new
FNDA:0,_RNvMs_NtCsezqlaDlZ1Zy_16wezterm_parallel9dashboardNtB4_14DashboardState9broadcast
FNDA:2,_RNvMs_NtCsezqlaDlZ1Zy_16wezterm_parallel9dashboardNtB4_14DashboardState9get_stats
FNDA:0,_RNvXNtCsezqlaDlZ1Zy_16wezterm_parallel9dashboardNtB2_15DashboardConfigNtNtCsd2KPTObkMr_4core7default7Default7default
FNDA:0,_RNCNCNvMs_NtCsezqlaDlZ1Zy_16wezterm_parallel9dashboardNtB8_14DashboardState18should_send_update00CsjIgq8mvfQLP_16wezterm_parallel
FNDA:0,_RNCNCNvMs_NtCsezqlaDlZ1Zy_16wezterm_parallel9dashboardNtB8_14DashboardState18should_send_update0s_0CsjIgq8mvfQLP_16wezterm_parallel
FNDA:0,_RNCNvMs_NtCsezqlaDlZ1Zy_16wezterm_parallel9dashboardNtB6_14DashboardState12client_count0CsjIgq8mvfQLP_16wezterm_parallel
FNDA:0,_RNCNvMs_NtCsezqlaDlZ1Zy_16wezterm_parallel9dashboardNtB6_14DashboardState15register_client0CsjIgq8mvfQLP_16wezterm_parallel
FNDA:0,_RNCNvMs_NtCsezqlaDlZ1Zy_16wezterm_parallel9dashboardNtB6_14DashboardState17unregister_client0CsjIgq8mvfQLP_16wezterm_parallel
FNDA:0,_RNCNvMs_NtCsezqlaDlZ1Zy_16wezterm_parallel9dashboardNtB6_14DashboardState18should_send_update0CsjIgq8mvfQLP_16wezterm_parallel
FNDA:0,_RNCNCNvMs_NtCsbBf3qmLqCJ0_16wezterm_parallel9dashboardNtB8_14DashboardState24get_client_subscriptions00Ba_
FNDA:0,_RNCNvMs_NtCsbBf3qmLqCJ0_16wezterm_parallel9dashboardNtB6_14DashboardState14update_metrics0B8_
FNDA:0,_RNCNvMs_NtCsbBf3qmLqCJ0_16wezterm_parallel9dashboardNtB6_14DashboardState24get_client_subscriptions0B8_
FNDA:0,_RNvMs0_NtCsbBf3qmLqCJ0_16wezterm_parallel9dashboardNtB5_13MetricsUpdate11incremental
FNDA:0,_RNvMs0_NtCsbBf3qmLqCJ0_16wezterm_parallel9dashboardNtB5_13MetricsUpdate8priority
FNDA:0,_RNvMs_NtCsbBf3qmLqCJ0_16wezterm_parallel9dashboardNtB4_14DashboardState14update_metrics
FNDA:0,_RNvMs_NtCsbBf3qmLqCJ0_16wezterm_parallel9dashboardNtB4_14DashboardState24get_client_subscriptions
FNDA:0,_RNCNCNvMs_NtCsbBf3qmLqCJ0_16wezterm_parallel9dashboardNtB8_14DashboardState18should_send_update00Ba_
FNDA:0,_RNCNCNvMs_NtCsbBf3qmLqCJ0_16wezterm_parallel9dashboardNtB8_14DashboardState18should_send_update0s_0Ba_
FNDA:0,_RNCNvMs_NtCsbBf3qmLqCJ0_16wezterm_parallel9dashboardNtB6_14DashboardState12client_count0B8_
FNDA:0,_RNCNvMs_NtCsbBf3qmLqCJ0_16wezterm_parallel9dashboardNtB6_14DashboardState15register_client0B8_
FNDA:0,_RNCNvMs_NtCsbBf3qmLqCJ0_16wezterm_parallel9dashboardNtB6_14DashboardState17unregister_client0B8_
FNDA:0,_RNCNvMs_NtCsbBf3qmLqCJ0_16wezterm_parallel9dashboardNtB6_14DashboardState18should_send_update0B8_
FNDA:1,_RNCNvMs_NtCsbBf3qmLqCJ0_16wezterm_parallel9dashboardNtB6_14DashboardState9get_stats0B8_
FNDA:0,_RNvMs0_NtCsbBf3qmLqCJ0_16wezterm_parallel9dashboardNtB5_13MetricsUpdate4full
FNDA:0,_RNvMs_NtCsbBf3qmLqCJ0_16wezterm_parallel9dashboardNtB4_14DashboardState12client_count
FNDA:0,_RNvMs_NtCsbBf3qmLqCJ0_16wezterm_parallel9dashboardNtB4_14DashboardState15register_client
FNDA:0,_RNvMs_NtCsbBf3qmLqCJ0_16wezterm_parallel9dashboardNtB4_14DashboardState17unregister_client
FNDA:0,_RNvMs_NtCsbBf3qmLqCJ0_16wezterm_parallel9dashboardNtB4_14DashboardState18should_send_update
FNDA:3,_RNvMs_NtCsbBf3qmLqCJ0_16wezterm_parallel9dashboardNtB4_14DashboardState3new
FNDA:0,_RNvMs_NtCsbBf3qmLqCJ0_16wezterm_parallel9dashboardNtB4_14DashboardState9broadcast
FNDA:1,_RNvMs_NtCsbBf3qmLqCJ0_16wezterm_parallel9dashboardNtB4_14DashboardState9get_stats
FNDA:3,_RNvXNtCsbBf3qmLqCJ0_16wezterm_parallel9dashboardNtB2_15DashboardConfigNtNtCsd2KPTObkMr_4core7default7Default7default
FNF:23
FNH:6
DA:45,3
DA:46,3
DA:47,3
DA:48,3
DA:49,3
DA:50,3
DA:51,3
DA:52,3
DA:53,3
DA:54,3
DA:55,3
DA:396,5
DA:397,5
DA:398,5
DA:401,5
DA:403,5
DA:404,5
DA:405,5
DA:406,5
DA:407,5
DA:408,5
DA:409,5
DA:411,5
DA:412,5
DA:415,0
DA:416,0
DA:417,0
DA:418,0
DA:421,0
DA:422,0
DA:423,0
DA:424,0
DA:427,1
DA:428,1
DA:429,1
DA:432,0
DA:433,0
DA:434,0
DA:435,0
DA:438,0
DA:439,0
DA:441,0
DA:443,0
DA:444,0
DA:445,0
DA:446,0
DA:447,0
DA:448,0
DA:449,0
DA:450,0
DA:452,0
DA:453,0
DA:454,0
DA:455,0
DA:457,0
DA:460,0
DA:462,0
DA:463,0
DA:466,0
DA:467,0
DA:469,0
DA:470,0
DA:471,0
DA:472,0
DA:473,0
DA:476,0
DA:477,0
DA:478,0
DA:481,3
DA:482,3
DA:483,3
DA:485,3
DA:486,3
DA:487,3
DA:488,3
DA:489,3
DA:490,3
DA:491,3
DA:492,3
DA:577,0
DA:578,0
DA:579,0
DA:582,0
DA:583,0
DA:584,0
DA:585,0
DA:586,0
DA:589,0
DA:590,0
DA:591,0
DA:592,0
DA:593,0
DA:594,0
DA:595,0
DA:596,0
DA:597,0
DA:600,0
DA:601,0
DA:602,0
DA:603,0
DA:604,0
DA:605,0
DA:606,0
DA:607,0
DA:608,0
DA:609,0
DA:610,0
DA:611,0
DA:612,0
DA:613,0
DA:616,0
DA:617,0
DA:618,0
DA:619,0
DA:620,0
DA:621,0
DA:622,0
DA:623,0
DA:624,0
DA:625,0
BRF:0
BRH:0
LF:130
LH:40
end_of_record
SF:/Users/aiq/work/wezterm-parallel/src/dashboard/server.rs
FN:33,_RNCNCNvMNtNtCsezqlaDlZ1Zy_16wezterm_parallel9dashboard6serverNtB6_15DashboardServer5start00Ba_
FN:23,_RNCNvMNtNtCsezqlaDlZ1Zy_16wezterm_parallel9dashboard6serverNtB4_15DashboardServer5start0B8_
FN:50,_RNvMNtNtCsezqlaDlZ1Zy_16wezterm_parallel9dashboard6serverNtB2_15DashboardServer21get_broadcast_manager
FN:16,_RNvMNtNtCsezqlaDlZ1Zy_16wezterm_parallel9dashboard6serverNtB2_15DashboardServer3new
FN:23,_RNvMNtNtCsezqlaDlZ1Zy_16wezterm_parallel9dashboard6serverNtB2_15DashboardServer5start
FN:33,_RNCNCNvMNtNtCsbBf3qmLqCJ0_16wezterm_parallel9dashboard6serverNtB6_15DashboardServer5start00Ba_
FN:23,_RNCNvMNtNtCsbBf3qmLqCJ0_16wezterm_parallel9dashboard6serverNtB4_15DashboardServer5start0B8_
FN:50,_RNvMNtNtCsbBf3qmLqCJ0_16wezterm_parallel9dashboard6serverNtB2_15DashboardServer21get_broadcast_manager
FN:16,_RNvMNtNtCsbBf3qmLqCJ0_16wezterm_parallel9dashboard6serverNtB2_15DashboardServer3new
FN:23,_RNvMNtNtCsbBf3qmLqCJ0_16wezterm_parallel9dashboard6serverNtB2_15DashboardServer5start
FNDA:0,_RNCNCNvMNtNtCsezqlaDlZ1Zy_16wezterm_parallel9dashboard6serverNtB6_15DashboardServer5start00Ba_
FNDA:0,_RNCNvMNtNtCsezqlaDlZ1Zy_16wezterm_parallel9dashboard6serverNtB4_15DashboardServer5start0B8_
FNDA:0,_RNvMNtNtCsezqlaDlZ1Zy_16wezterm_parallel9dashboard6serverNtB2_15DashboardServer21get_broadcast_manager
FNDA:0,_RNvMNtNtCsezqlaDlZ1Zy_16wezterm_parallel9dashboard6serverNtB2_15DashboardServer3new
FNDA:0,_RNvMNtNtCsezqlaDlZ1Zy_16wezterm_parallel9dashboard6serverNtB2_15DashboardServer5start
FNDA:0,_RNCNCNvMNtNtCsbBf3qmLqCJ0_16wezterm_parallel9dashboard6serverNtB6_15DashboardServer5start00Ba_
FNDA:0,_RNCNvMNtNtCsbBf3qmLqCJ0_16wezterm_parallel9dashboard6serverNtB4_15DashboardServer5start0B8_
FNDA:0,_RNvMNtNtCsbBf3qmLqCJ0_16wezterm_parallel9dashboard6serverNtB2_15DashboardServer21get_broadcast_manager
FNDA:0,_RNvMNtNtCsbBf3qmLqCJ0_16wezterm_parallel9dashboard6serverNtB2_15DashboardServer3new
FNDA:0,_RNvMNtNtCsbBf3qmLqCJ0_16wezterm_parallel9dashboard6serverNtB2_15DashboardServer5start
FNF:5
FNH:0
DA:16,0
DA:17,0
DA:18,0
DA:19,0
DA:20,0
DA:21,0
DA:23,0
DA:24,0
DA:25,0
DA:26,0
DA:28,0
DA:29,0
DA:31,0
DA:33,0
DA:34,0
DA:35,0
DA:36,0
DA:37,0
DA:38,0
DA:40,0
DA:41,0
DA:44,0
DA:47,0
DA:48,0
DA:50,0
DA:51,0
DA:52,0
BRF:0
BRH:0
LF:29
LH:0
end_of_record
SF:/Users/aiq/work/wezterm-parallel/src/dashboard/task_board.rs
FN:228,_RNCNCNCNvMNtNtCsezqlaDlZ1Zy_16wezterm_parallel9dashboard10task_boardNtB8_16TaskBoardManager15get_board_state0s_00Bc_
FN:235,_RNCNCNCNvMNtNtCsezqlaDlZ1Zy_16wezterm_parallel9dashboard10task_boardNtB8_16TaskBoardManager15get_board_state0s_0s0_0Bc_
FN:229,_RNCNCNCNvMNtNtCsezqlaDlZ1Zy_16wezterm_parallel9dashboard10task_boardNtB8_16TaskBoardManager15get_board_state0s_0s_0Bc_
FN:198,_RNCNCNvMNtNtCsezqlaDlZ1Zy_16wezterm_parallel9dashboard10task_boardNtB6_16TaskBoardManager15get_board_state00Ba_
FN:227,_RNCNCNvMNtNtCsezqlaDlZ1Zy_16wezterm_parallel9dashboard10task_boardNtB6_16TaskBoardManager15get_board_state0s_0Ba_
FN:341,_RNCNCNvMNtNtCsezqlaDlZ1Zy_16wezterm_parallel9dashboard10task_boardNtB6_16TaskBoardManager20update_task_progress00Ba_
FN:349,_RNCNCNvMNtNtCsezqlaDlZ1Zy_16wezterm_parallel9dashboard10task_boardNtB6_16TaskBoardManager20update_task_progress0s_0Ba_
FN:560,_RNCNCNvMNtNtCsezqlaDlZ1Zy_16wezterm_parallel9dashboard10task_boardNtB6_16TaskBoardManager23start_real_time_updates00Ba_
FN:394,_RNCNCNvMNtNtCsezqlaDlZ1Zy_16wezterm_parallel9dashboard10task_boardNtB6_16TaskBoardManager26create_task_from_dashboard00Ba_
FN:401,_RNCNCNvMNtNtCsezqlaDlZ1Zy_16wezterm_parallel9dashboard10task_boardNtB6_16TaskBoardManager26create_task_from_dashboard0s_0Ba_
FN:465,_RNCNCNvMNtNtCsezqlaDlZ1Zy_16wezterm_parallel9dashboard10task_boardNtB6_16TaskBoardManager26delete_task_from_dashboard00Ba_
FN:432,_RNCNCNvMNtNtCsezqlaDlZ1Zy_16wezterm_parallel9dashboard10task_boardNtB6_16TaskBoardManager26update_task_from_dashboard00Ba_
FN:443,_RNCNCNvMNtNtCsezqlaDlZ1Zy_16wezterm_parallel9dashboard10task_boardNtB6_16TaskBoardManager26update_task_from_dashboard0s_0Ba_
FN:263,_RNCNCNvMNtNtCsezqlaDlZ1Zy_16wezterm_parallel9dashboard10task_boardNtB6_16TaskBoardManager9move_task00Ba_
FN:285,_RNCNCNvMNtNtCsezqlaDlZ1Zy_16wezterm_parallel9dashboard10task_boardNtB6_16TaskBoardManager9move_task0s_0Ba_
FN:45,_RNCNvMNtNtCsezqlaDlZ1Zy_16wezterm_parallel9dashboard10task_boardNtB4_16TaskBoardManager10initialize0B8_
FN:550,_RNCNvMNtNtCsezqlaDlZ1Zy_16wezterm_parallel9dashboard10task_boardNtB4_16TaskBoardManager11list_boards0B8_
FN:117,_RNCNvMNtNtCsezqlaDlZ1Zy_16wezterm_parallel9dashboard10task_boardNtB4_16TaskBoardManager12create_board0B8_
FN:175,_RNCNvMNtNtCsezqlaDlZ1Zy_16wezterm_parallel9dashboard10task_boardNtB4_16TaskBoardManager12delete_board0B8_
FN:146,_RNCNvMNtNtCsezqlaDlZ1Zy_16wezterm_parallel9dashboard10task_boardNtB4_16TaskBoardManager12update_board0B8_
FN:194,_RNCNvMNtNtCsezqlaDlZ1Zy_16wezterm_parallel9dashboard10task_boardNtB4_16TaskBoardManager15get_board_state0B8_
FN:335,_RNCNvMNtNtCsezqlaDlZ1Zy_16wezterm_parallel9dashboard10task_boardNtB4_16TaskBoardManager20update_task_progress0B8_
FN:506,_RNCNvMNtNtCsezqlaDlZ1Zy_16wezterm_parallel9dashboard10task_boardNtB4_16TaskBoardManager21broadcast_task_update0B8_
FN:492,_RNCNvMNtNtCsezqlaDlZ1Zy_16wezterm_parallel9dashboard10task_boardNtB4_16TaskBoardManager22broadcast_board_update0B8_
FN:556,_RNCNvMNtNtCsezqlaDlZ1Zy_16wezterm_parallel9dashboard10task_boardNtB4_16TaskBoardManager23start_real_time_updates0B8_
FN:391,_RNCNvMNtNtCsezqlaDlZ1Zy_16wezterm_parallel9dashboard10task_boardNtB4_16TaskBoardManager26create_task_from_dashboard0B8_
FN:459,_RNCNvMNtNtCsezqlaDlZ1Zy_16wezterm_parallel9dashboard10task_boardNtB4_16TaskBoardManager26delete_task_from_dashboard0B8_
FN:429,_RNCNvMNtNtCsezqlaDlZ1Zy_16wezterm_parallel9dashboard10task_boardNtB4_16TaskBoardManager26update_task_from_dashboard0B8_
FN:111,_RNCNvMNtNtCsezqlaDlZ1Zy_16wezterm_parallel9dashboard10task_boardNtB4_16TaskBoardManager9get_board0B8_
FN:257,_RNCNvMNtNtCsezqlaDlZ1Zy_16wezterm_parallel9dashboard10task_boardNtB4_16TaskBoardManager9move_task0B8_
FN:45,_RNvMNtNtCsezqlaDlZ1Zy_16wezterm_parallel9dashboard10task_boardNtB2_16TaskBoardManager10initialize
FN:550,_RNvMNtNtCsezqlaDlZ1Zy_16wezterm_parallel9dashboard10task_boardNtB2_16TaskBoardManager11list_boards
FN:117,_RNvMNtNtCsezqlaDlZ1Zy_16wezterm_parallel9dashboard10task_boardNtB2_16TaskBoardManager12create_board
FN:175,_RNvMNtNtCsezqlaDlZ1Zy_16wezterm_parallel9dashboard10task_boardNtB2_16TaskBoardManager12delete_board
FN:146,_RNvMNtNtCsezqlaDlZ1Zy_16wezterm_parallel9dashboard10task_boardNtB2_16TaskBoardManager12update_board
FN:194,_RNvMNtNtCsezqlaDlZ1Zy_16wezterm_parallel9dashboard10task_boardNtB2_16TaskBoardManager15get_board_state
FN:536,_RNvMNtNtCsezqlaDlZ1Zy_16wezterm_parallel9dashboard10task_boardNtB2_16TaskBoardManager19status_to_column_id
FN:335,_RNvMNtNtCsezqlaDlZ1Zy_16wezterm_parallel9dashboard10task_boardNtB2_16TaskBoardManager20update_task_progress
FN:506,_RNvMNtNtCsezqlaDlZ1Zy_16wezterm_parallel9dashboard10task_boardNtB2_16TaskBoardManager21broadcast_task_update
FN:489,_RNvMNtNtCsezqlaDlZ1Zy_16wezterm_parallel9dashboard10task_boardNtB2_16TaskBoardManager22broadcast_board_update
FN:556,_RNvMNtNtCsezqlaDlZ1Zy_16wezterm_parallel9dashboard10task_boardNtB2_16TaskBoardManager23start_real_time_updates
FN:388,_RNvMNtNtCsezqlaDlZ1Zy_16wezterm_parallel9dashboard10task_boardNtB2_16TaskBoardManager26create_task_from_dashboard
FN:459,_RNvMNtNtCsezqlaDlZ1Zy_16wezterm_parallel9dashboard10task_boardNtB2_16TaskBoardManager26delete_task_from_dashboard
FN:425,_RNvMNtNtCsezqlaDlZ1Zy_16wezterm_parallel9dashboard10task_boardNtB2_16TaskBoardManager26update_task_from_dashboard
FN:66,_RNvMNtNtCsezqlaDlZ1Zy_16wezterm_parallel9dashboard10task_boardNtB2_16TaskBoardManager27create_default_board_config
FN:30,_RNvMNtNtCsezqlaDlZ1Zy_16wezterm_parallel9dashboard10task_boardNtB2_16TaskBoardManager3new
FN:111,_RNvMNtNtCsezqlaDlZ1Zy_16wezterm_parallel9dashboard10task_boardNtB2_16TaskBoardManager9get_board
FN:251,_RNvMNtNtCsezqlaDlZ1Zy_16wezterm_parallel9dashboard10task_boardNtB2_16TaskBoardManager9move_task
FN:228,_RNCNCNCNvMNtNtCsezqlaDlZ1Zy_16wezterm_parallel9dashboard10task_boardNtB8_16TaskBoardManager15get_board_state0s_00CsjIgq8mvfQLP_16wezterm_parallel
FN:235,_RNCNCNCNvMNtNtCsezqlaDlZ1Zy_16wezterm_parallel9dashboard10task_boardNtB8_16TaskBoardManager15get_board_state0s_0s0_0CsjIgq8mvfQLP_16wezterm_parallel
FN:229,_RNCNCNCNvMNtNtCsezqlaDlZ1Zy_16wezterm_parallel9dashboard10task_boardNtB8_16TaskBoardManager15get_board_state0s_0s_0CsjIgq8mvfQLP_16wezterm_parallel
FN:198,_RNCNCNvMNtNtCsezqlaDlZ1Zy_16wezterm_parallel9dashboard10task_boardNtB6_16TaskBoardManager15get_board_state00CsjIgq8mvfQLP_16wezterm_parallel
FN:227,_RNCNCNvMNtNtCsezqlaDlZ1Zy_16wezterm_parallel9dashboard10task_boardNtB6_16TaskBoardManager15get_board_state0s_0CsjIgq8mvfQLP_16wezterm_parallel
FN:341,_RNCNCNvMNtNtCsezqlaDlZ1Zy_16wezterm_parallel9dashboard10task_boardNtB6_16TaskBoardManager20update_task_progress00CsjIgq8mvfQLP_16wezterm_parallel
FN:349,_RNCNCNvMNtNtCsezqlaDlZ1Zy_16wezterm_parallel9dashboard10task_boardNtB6_16TaskBoardManager20update_task_progress0s_0CsjIgq8mvfQLP_16wezterm_parallel
FN:394,_RNCNCNvMNtNtCsezqlaDlZ1Zy_16wezterm_parallel9dashboard10task_boardNtB6_16TaskBoardManager26create_task_from_dashboard00CsjIgq8mvfQLP_16wezterm_parallel
FN:401,_RNCNCNvMNtNtCsezqlaDlZ1Zy_16wezterm_parallel9dashboard10task_boardNtB6_16TaskBoardManager26create_task_from_dashboard0s_0CsjIgq8mvfQLP_16wezterm_parallel
FN:465,_RNCNCNvMNtNtCsezqlaDlZ1Zy_16wezterm_parallel9dashboard10task_boardNtB6_16TaskBoardManager26delete_task_from_dashboard00CsjIgq8mvfQLP_16wezterm_parallel
FN:432,_RNCNCNvMNtNtCsezqlaDlZ1Zy_16wezterm_parallel9dashboard10task_boardNtB6_16TaskBoardManager26update_task_from_dashboard00CsjIgq8mvfQLP_16wezterm_parallel
FN:443,_RNCNCNvMNtNtCsezqlaDlZ1Zy_16wezterm_parallel9dashboard10task_boardNtB6_16TaskBoardManager26update_task_from_dashboard0s_0CsjIgq8mvfQLP_16wezterm_parallel
FN:263,_RNCNCNvMNtNtCsezqlaDlZ1Zy_16wezterm_parallel9dashboard10task_boardNtB6_16TaskBoardManager9move_task00CsjIgq8mvfQLP_16wezterm_parallel
FN:285,_RNCNCNvMNtNtCsezqlaDlZ1Zy_16wezterm_parallel9dashboard10task_boardNtB6_16TaskBoardManager9move_task0s_0CsjIgq8mvfQLP_16wezterm_parallel
FN:45,_RNCNvMNtNtCsezqlaDlZ1Zy_16wezterm_parallel9dashboard10task_boardNtB4_16TaskBoardManager10initialize0CsjIgq8mvfQLP_16wezterm_parallel
FN:194,_RNCNvMNtNtCsezqlaDlZ1Zy_16wezterm_parallel9dashboard10task_boardNtB4_16TaskBoardManager15get_board_state0CsjIgq8mvfQLP_16wezterm_parallel
FN:335,_RNCNvMNtNtCsezqlaDlZ1Zy_16wezterm_parallel9dashboard10task_boardNtB4_16TaskBoardManager20update_task_progress0CsjIgq8mvfQLP_16wezterm_parallel
FN:506,_RNCNvMNtNtCsezqlaDlZ1Zy_16wezterm_parallel9dashboard10task_boardNtB4_16TaskBoardManager21broadcast_task_update0CsjIgq8mvfQLP_16wezterm_parallel
FN:492,_RNCNvMNtNtCsezqlaDlZ1Zy_16wezterm_parallel9dashboard10task_boardNtB4_16TaskBoardManager22broadcast_board_update0CsjIgq8mvfQLP_16wezterm_parallel
FN:391,_RNCNvMNtNtCsezqlaDlZ1Zy_16wezterm_parallel9dashboard10task_boardNtB4_16TaskBoardManager26create_task_from_dashboard0CsjIgq8mvfQLP_16wezterm_parallel
FN:459,_RNCNvMNtNtCsezqlaDlZ1Zy_16wezterm_parallel9dashboard10task_boardNtB4_16TaskBoardManager26delete_task_from_dashboard0CsjIgq8mvfQLP_16wezterm_parallel
FN:429,_RNCNvMNtNtCsezqlaDlZ1Zy_16wezterm_parallel9dashboard10task_boardNtB4_16TaskBoardManager26update_task_from_dashboard0CsjIgq8mvfQLP_16wezterm_parallel
FN:111,_RNCNvMNtNtCsezqlaDlZ1Zy_16wezterm_parallel9dashboard10task_boardNtB4_16TaskBoardManager9get_board0CsjIgq8mvfQLP_16wezterm_parallel
FN:257,_RNCNvMNtNtCsezqlaDlZ1Zy_16wezterm_parallel9dashboard10task_boardNtB4_16TaskBoardManager9move_task0CsjIgq8mvfQLP_16wezterm_parallel
FN:613,_RNvNtNtNtCsbBf3qmLqCJ0_16wezterm_parallel9dashboard10task_board5tests24create_test_task_manager
FN:732,_RNvNtNtNtCsbBf3qmLqCJ0_16wezterm_parallel9dashboard10task_board5testss_25test_update_task_progress
FN:654,_RNvNtNtNtCsbBf3qmLqCJ0_16wezterm_parallel9dashboard10task_board5testss_27test_board_state_with_tasks
FN:700,_RNvNtNtNtCsbBf3qmLqCJ0_16wezterm_parallel9dashboard10task_board5testss_30test_move_task_between_columns
FN:629,_RNvNtNtNtCsbBf3qmLqCJ0_16wezterm_parallel9dashboard10task_board5testss_32test_task_board_manager_creation
FN:560,_RNCNCNvMNtNtCsbBf3qmLqCJ0_16wezterm_parallel9dashboard10task_boardNtB6_16TaskBoardManager23start_real_time_updates00Ba_
FN:550,_RNCNvMNtNtCsbBf3qmLqCJ0_16wezterm_parallel9dashboard10task_boardNtB4_16TaskBoardManager11list_boards0B8_
FN:117,_RNCNvMNtNtCsbBf3qmLqCJ0_16wezterm_parallel9dashboard10task_boardNtB4_16TaskBoardManager12create_board0B8_
FN:175,_RNCNvMNtNtCsbBf3qmLqCJ0_16wezterm_parallel9dashboard10task_boardNtB4_16TaskBoardManager12delete_board0B8_
FN:146,_RNCNvMNtNtCsbBf3qmLqCJ0_16wezterm_parallel9dashboard10task_boardNtB4_16TaskBoardManager12update_board0B8_
FN:556,_RNCNvMNtNtCsbBf3qmLqCJ0_16wezterm_parallel9dashboard10task_boardNtB4_16TaskBoardManager23start_real_time_updates0B8_
FN:550,_RNvMNtNtCsbBf3qmLqCJ0_16wezterm_parallel9dashboard10task_boardNtB2_16TaskBoardManager11list_boards
FN:117,_RNvMNtNtCsbBf3qmLqCJ0_16wezterm_parallel9dashboard10task_boardNtB2_16TaskBoardManager12create_board
FN:175,_RNvMNtNtCsbBf3qmLqCJ0_16wezterm_parallel9dashboard10task_boardNtB2_16TaskBoardManager12delete_board
FN:146,_RNvMNtNtCsbBf3qmLqCJ0_16wezterm_parallel9dashboard10task_boardNtB2_16TaskBoardManager12update_board
FN:556,_RNvMNtNtCsbBf3qmLqCJ0_16wezterm_parallel9dashboard10task_boardNtB2_16TaskBoardManager23start_real_time_updates
FN:45,_RNvMNtNtCsbBf3qmLqCJ0_16wezterm_parallel9dashboard10task_boardNtB2_16TaskBoardManager10initialize
FN:194,_RNvMNtNtCsbBf3qmLqCJ0_16wezterm_parallel9dashboard10task_boardNtB2_16TaskBoardManager15get_board_state
FN:536,_RNvMNtNtCsbBf3qmLqCJ0_16wezterm_parallel9dashboard10task_boardNtB2_16TaskBoardManager19status_to_column_id
FN:335,_RNvMNtNtCsbBf3qmLqCJ0_16wezterm_parallel9dashboard10task_boardNtB2_16TaskBoardManager20update_task_progress
FN:506,_RNvMNtNtCsbBf3qmLqCJ0_16wezterm_parallel9dashboard10task_boardNtB2_16TaskBoardManager21broadcast_task_update
FN:489,_RNvMNtNtCsbBf3qmLqCJ0_16wezterm_parallel9dashboard10task_boardNtB2_16TaskBoardManager22broadcast_board_update
FN:388,_RNvMNtNtCsbBf3qmLqCJ0_16wezterm_parallel9dashboard10task_boardNtB2_16TaskBoardManager26create_task_from_dashboard
FN:459,_RNvMNtNtCsbBf3qmLqCJ0_16wezterm_parallel9dashboard10task_boardNtB2_16TaskBoardManager26delete_task_from_dashboard
FN:425,_RNvMNtNtCsbBf3qmLqCJ0_16wezterm_parallel9dashboard10task_boardNtB2_16TaskBoardManager26update_task_from_dashboard
FN:66,_RNvMNtNtCsbBf3qmLqCJ0_16wezterm_parallel9dashboard10task_boardNtB2_16TaskBoardManager27create_default_board_config
FN:30,_RNvMNtNtCsbBf3qmLqCJ0_16wezterm_parallel9dashboard10task_boardNtB2_16TaskBoardManager3new
FN:111,_RNvMNtNtCsbBf3qmLqCJ0_16wezterm_parallel9dashboard10task_boardNtB2_16TaskBoardManager9get_board
FN:251,_RNvMNtNtCsbBf3qmLqCJ0_16wezterm_parallel9dashboard10task_boardNtB2_16TaskBoardManager9move_task
FN:739,_RNCNCNvNtNtNtCsbBf3qmLqCJ0_16wezterm_parallel9dashboard10task_board5testss_25test_update_task_progress00Bb_
FN:661,_RNCNCNvNtNtNtCsbBf3qmLqCJ0_16wezterm_parallel9dashboard10task_board5testss_27test_board_state_with_tasks00Bb_
FN:692,_RNCNCNvNtNtNtCsbBf3qmLqCJ0_16wezterm_parallel9dashboard10task_board5testss_27test_board_state_with_tasks0s0_0Bb_
FN:688,_RNCNCNvNtNtNtCsbBf3qmLqCJ0_16wezterm_parallel9dashboard10task_board5testss_27test_board_state_with_tasks0s_0Bb_
FN:707,_RNCNCNvNtNtNtCsbBf3qmLqCJ0_16wezterm_parallel9dashboard10task_board5testss_30test_move_task_between_columns00Bb_
FN:636,_RNCNCNvNtNtNtCsbBf3qmLqCJ0_16wezterm_parallel9dashboard10task_board5testss_32test_task_board_manager_creation00Bb_
FN:732,_RNCNvNtNtNtCsbBf3qmLqCJ0_16wezterm_parallel9dashboard10task_board5testss_25test_update_task_progress0B9_
FN:654,_RNCNvNtNtNtCsbBf3qmLqCJ0_16wezterm_parallel9dashboard10task_board5testss_27test_board_state_with_tasks0B9_
FN:700,_RNCNvNtNtNtCsbBf3qmLqCJ0_16wezterm_parallel9dashboard10task_board5testss_30test_move_task_between_columns0B9_
FN:629,_RNCNvNtNtNtCsbBf3qmLqCJ0_16wezterm_parallel9dashboard10task_board5testss_32test_task_board_manager_creation0B9_
FN:228,_RNCNCNCNvMNtNtCsbBf3qmLqCJ0_16wezterm_parallel9dashboard10task_boardNtB8_16TaskBoardManager15get_board_state0s_00Bc_
FN:235,_RNCNCNCNvMNtNtCsbBf3qmLqCJ0_16wezterm_parallel9dashboard10task_boardNtB8_16TaskBoardManager15get_board_state0s_0s0_0Bc_
FN:229,_RNCNCNCNvMNtNtCsbBf3qmLqCJ0_16wezterm_parallel9dashboard10task_boardNtB8_16TaskBoardManager15get_board_state0s_0s_0Bc_
FN:198,_RNCNCNvMNtNtCsbBf3qmLqCJ0_16wezterm_parallel9dashboard10task_boardNtB6_16TaskBoardManager15get_board_state00Ba_
FN:227,_RNCNCNvMNtNtCsbBf3qmLqCJ0_16wezterm_parallel9dashboard10task_boardNtB6_16TaskBoardManager15get_board_state0s_0Ba_
FN:341,_RNCNCNvMNtNtCsbBf3qmLqCJ0_16wezterm_parallel9dashboard10task_boardNtB6_16TaskBoardManager20update_task_progress00Ba_
FN:349,_RNCNCNvMNtNtCsbBf3qmLqCJ0_16wezterm_parallel9dashboard10task_boardNtB6_16TaskBoardManager20update_task_progress0s_0Ba_
FN:394,_RNCNCNvMNtNtCsbBf3qmLqCJ0_16wezterm_parallel9dashboard10task_boardNtB6_16TaskBoardManager26create_task_from_dashboard00Ba_
FN:401,_RNCNCNvMNtNtCsbBf3qmLqCJ0_16wezterm_parallel9dashboard10task_boardNtB6_16TaskBoardManager26create_task_from_dashboard0s_0Ba_
FN:465,_RNCNCNvMNtNtCsbBf3qmLqCJ0_16wezterm_parallel9dashboard10task_boardNtB6_16TaskBoardManager26delete_task_from_dashboard00Ba_
FN:432,_RNCNCNvMNtNtCsbBf3qmLqCJ0_16wezterm_parallel9dashboard10task_boardNtB6_16TaskBoardManager26update_task_from_dashboard00Ba_
FN:443,_RNCNCNvMNtNtCsbBf3qmLqCJ0_16wezterm_parallel9dashboard10task_boardNtB6_16TaskBoardManager26update_task_from_dashboard0s_0Ba_
FN:263,_RNCNCNvMNtNtCsbBf3qmLqCJ0_16wezterm_parallel9dashboard10task_boardNtB6_16TaskBoardManager9move_task00Ba_
FN:285,_RNCNCNvMNtNtCsbBf3qmLqCJ0_16wezterm_parallel9dashboard10task_boardNtB6_16TaskBoardManager9move_task0s_0Ba_
FN:45,_RNCNvMNtNtCsbBf3qmLqCJ0_16wezterm_parallel9dashboard10task_boardNtB4_16TaskBoardManager10initialize0B8_
FN:194,_RNCNvMNtNtCsbBf3qmLqCJ0_16wezterm_parallel9dashboard10task_boardNtB4_16TaskBoardManager15get_board_state0B8_
FN:335,_RNCNvMNtNtCsbBf3qmLqCJ0_16wezterm_parallel9dashboard10task_boardNtB4_16TaskBoardManager20update_task_progress0B8_
FN:506,_RNCNvMNtNtCsbBf3qmLqCJ0_16wezterm_parallel9dashboard10task_boardNtB4_16TaskBoardManager21broadcast_task_update0B8_
FN:492,_RNCNvMNtNtCsbBf3qmLqCJ0_16wezterm_parallel9dashboard10task_boardNtB4_16TaskBoardManager22broadcast_board_update0B8_
FN:391,_RNCNvMNtNtCsbBf3qmLqCJ0_16wezterm_parallel9dashboard10task_boardNtB4_16TaskBoardManager26create_task_from_dashboard0B8_
FN:459,_RNCNvMNtNtCsbBf3qmLqCJ0_16wezterm_parallel9dashboard10task_boardNtB4_16TaskBoardManager26delete_task_from_dashboard0B8_
FN:429,_RNCNvMNtNtCsbBf3qmLqCJ0_16wezterm_parallel9dashboard10task_boardNtB4_16TaskBoardManager26update_task_from_dashboard0B8_
FN:111,_RNCNvMNtNtCsbBf3qmLqCJ0_16wezterm_parallel9dashboard10task_boardNtB4_16TaskBoardManager9get_board0B8_
FN:257,_RNCNvMNtNtCsbBf3qmLqCJ0_16wezterm_parallel9dashboard10task_boardNtB4_16TaskBoardManager9move_task0B8_
FNDA:0,_RNCNCNCNvMNtNtCsezqlaDlZ1Zy_16wezterm_parallel9dashboard10task_boardNtB8_16TaskBoardManager15get_board_state0s_00Bc_
FNDA:0,_RNCNCNCNvMNtNtCsezqlaDlZ1Zy_16wezterm_parallel9dashboard10task_boardNtB8_16TaskBoardManager15get_board_state0s_0s0_0Bc_
FNDA:0,_RNCNCNCNvMNtNtCsezqlaDlZ1Zy_16wezterm_parallel9dashboard10task_boardNtB8_16TaskBoardManager15get_board_state0s_0s_0Bc_
FNDA:0,_RNCNCNvMNtNtCsezqlaDlZ1Zy_16wezterm_parallel9dashboard10task_boardNtB6_16TaskBoardManager15get_board_state00Ba_
FNDA:0,_RNCNCNvMNtNtCsezqlaDlZ1Zy_16wezterm_parallel9dashboard10task_boardNtB6_16TaskBoardManager15get_board_state0s_0Ba_
FNDA:0,_RNCNCNvMNtNtCsezqlaDlZ1Zy_16wezterm_parallel9dashboard10task_boardNtB6_16TaskBoardManager20update_task_progress00Ba_
FNDA:0,_RNCNCNvMNtNtCsezqlaDlZ1Zy_16wezterm_parallel9dashboard10task_boardNtB6_16TaskBoardManager20update_task_progress0s_0Ba_
FNDA:0,_RNCNCNvMNtNtCsezqlaDlZ1Zy_16wezterm_parallel9dashboard10task_boardNtB6_16TaskBoardManager23start_real_time_updates00Ba_
FNDA:0,_RNCNCNvMNtNtCsezqlaDlZ1Zy_16wezterm_parallel9dashboard10task_boardNtB6_16TaskBoardManager26create_task_from_dashboard00Ba_
FNDA:0,_RNCNCNvMNtNtCsezqlaDlZ1Zy_16wezterm_parallel9dashboard10task_boardNtB6_16TaskBoardManager26create_task_from_dashboard0s_0Ba_
FNDA:0,_RNCNCNvMNtNtCsezqlaDlZ1Zy_16wezterm_parallel9dashboard10task_boardNtB6_16TaskBoardManager26delete_task_from_dashboard00Ba_
FNDA:0,_RNCNCNvMNtNtCsezqlaDlZ1Zy_16wezterm_parallel9dashboard10task_boardNtB6_16TaskBoardManager26update_task_from_dashboard00Ba_
FNDA:0,_RNCNCNvMNtNtCsezqlaDlZ1Zy_16wezterm_parallel9dashboard10task_boardNtB6_16TaskBoardManager26update_task_from_dashboard0s_0Ba_
FNDA:0,_RNCNCNvMNtNtCsezqlaDlZ1Zy_16wezterm_parallel9dashboard10task_boardNtB6_16TaskBoardManager9move_task00Ba_
FNDA:0,_RNCNCNvMNtNtCsezqlaDlZ1Zy_16wezterm_parallel9dashboard10task_boardNtB6_16TaskBoardManager9move_task0s_0Ba_
FNDA:0,_RNCNvMNtNtCsezqlaDlZ1Zy_16wezterm_parallel9dashboard10task_boardNtB4_16TaskBoardManager10initialize0B8_
FNDA:0,_RNCNvMNtNtCsezqlaDlZ1Zy_16wezterm_parallel9dashboard10task_boardNtB4_16TaskBoardManager11list_boards0B8_
FNDA:0,_RNCNvMNtNtCsezqlaDlZ1Zy_16wezterm_parallel9dashboard10task_boardNtB4_16TaskBoardManager12create_board0B8_
FNDA:0,_RNCNvMNtNtCsezqlaDlZ1Zy_16wezterm_parallel9dashboard10task_boardNtB4_16TaskBoardManager12delete_board0B8_
FNDA:0,_RNCNvMNtNtCsezqlaDlZ1Zy_16wezterm_parallel9dashboard10task_boardNtB4_16TaskBoardManager12update_board0B8_
FNDA:0,_RNCNvMNtNtCsezqlaDlZ1Zy_16wezterm_parallel9dashboard10task_boardNtB4_16TaskBoardManager15get_board_state0B8_
FNDA:0,_RNCNvMNtNtCsezqlaDlZ1Zy_16wezterm_parallel9dashboard10task_boardNtB4_16TaskBoardManager20update_task_progress0B8_
FNDA:0,_RNCNvMNtNtCsezqlaDlZ1Zy_16wezterm_parallel9dashboard10task_boardNtB4_16TaskBoardManager21broadcast_task_update0B8_
FNDA:0,_RNCNvMNtNtCsezqlaDlZ1Zy_16wezterm_parallel9dashboard10task_boardNtB4_16TaskBoardManager22broadcast_board_update0B8_
FNDA:0,_RNCNvMNtNtCsezqlaDlZ1Zy_16wezterm_parallel9dashboard10task_boardNtB4_16TaskBoardManager23start_real_time_updates0B8_
FNDA:0,_RNCNvMNtNtCsezqlaDlZ1Zy_16wezterm_parallel9dashboard10task_boardNtB4_16TaskBoardManager26create_task_from_dashboard0B8_
FNDA:0,_RNCNvMNtNtCsezqlaDlZ1Zy_16wezterm_parallel9dashboard10task_boardNtB4_16TaskBoardManager26delete_task_from_dashboard0B8_
FNDA:0,_RNCNvMNtNtCsezqlaDlZ1Zy_16wezterm_parallel9dashboard10task_boardNtB4_16TaskBoardManager26update_task_from_dashboard0B8_
FNDA:0,_RNCNvMNtNtCsezqlaDlZ1Zy_16wezterm_parallel9dashboard10task_boardNtB4_16TaskBoardManager9get_board0B8_
FNDA:0,_RNCNvMNtNtCsezqlaDlZ1Zy_16wezterm_parallel9dashboard10task_boardNtB4_16TaskBoardManager9move_task0B8_
FNDA:0,_RNvMNtNtCsezqlaDlZ1Zy_16wezterm_parallel9dashboard10task_boardNtB2_16TaskBoardManager10initialize
FNDA:0,_RNvMNtNtCsezqlaDlZ1Zy_16wezterm_parallel9dashboard10task_boardNtB2_16TaskBoardManager11list_boards
FNDA:0,_RNvMNtNtCsezqlaDlZ1Zy_16wezterm_parallel9dashboard10task_boardNtB2_16TaskBoardManager12create_board
FNDA:0,_RNvMNtNtCsezqlaDlZ1Zy_16wezterm_parallel9dashboard10task_boardNtB2_16TaskBoardManager12delete_board
FNDA:0,_RNvMNtNtCsezqlaDlZ1Zy_16wezterm_parallel9dashboard10task_boardNtB2_16TaskBoardManager12update_board
FNDA:0,_RNvMNtNtCsezqlaDlZ1Zy_16wezterm_parallel9dashboard10task_boardNtB2_16TaskBoardManager15get_board_state
FNDA:0,_RNvMNtNtCsezqlaDlZ1Zy_16wezterm_parallel9dashboard10task_boardNtB2_16TaskBoardManager19status_to_column_id
FNDA:0,_RNvMNtNtCsezqlaDlZ1Zy_16wezterm_parallel9dashboard10task_boardNtB2_16TaskBoardManager20update_task_progress
FNDA:0,_RNvMNtNtCsezqlaDlZ1Zy_16wezterm_parallel9dashboard10task_boardNtB2_16TaskBoardManager21broadcast_task_update
FNDA:0,_RNvMNtNtCsezqlaDlZ1Zy_16wezterm_parallel9dashboard10task_boardNtB2_16TaskBoardManager22broadcast_board_update
FNDA:0,_RNvMNtNtCsezqlaDlZ1Zy_16wezterm_parallel9dashboard10task_boardNtB2_16TaskBoardManager23start_real_time_updates
FNDA:0,_RNvMNtNtCsezqlaDlZ1Zy_16wezterm_parallel9dashboard10task_boardNtB2_16TaskBoardManager26create_task_from_dashboard
FNDA:0,_RNvMNtNtCsezqlaDlZ1Zy_16wezterm_parallel9dashboard10task_boardNtB2_16TaskBoardManager26delete_task_from_dashboard
FNDA:0,_RNvMNtNtCsezqlaDlZ1Zy_16wezterm_parallel9dashboard10task_boardNtB2_16TaskBoardManager26update_task_from_dashboard
FNDA:0,_RNvMNtNtCsezqlaDlZ1Zy_16wezterm_parallel9dashboard10task_boardNtB2_16TaskBoardManager27create_default_board_config
FNDA:0,_RNvMNtNtCsezqlaDlZ1Zy_16wezterm_parallel9dashboard10task_boardNtB2_16TaskBoardManager3new
FNDA:0,_RNvMNtNtCsezqlaDlZ1Zy_16wezterm_parallel9dashboard10task_boardNtB2_16TaskBoardManager9get_board
FNDA:0,_RNvMNtNtCsezqlaDlZ1Zy_16wezterm_parallel9dashboard10task_boardNtB2_16TaskBoardManager9move_task
FNDA:0,_RNCNCNCNvMNtNtCsezqlaDlZ1Zy_16wezterm_parallel9dashboard10task_boardNtB8_16TaskBoardManager15get_board_state0s_00CsjIgq8mvfQLP_16wezterm_parallel
FNDA:0,_RNCNCNCNvMNtNtCsezqlaDlZ1Zy_16wezterm_parallel9dashboard10task_boardNtB8_16TaskBoardManager15get_board_state0s_0s0_0CsjIgq8mvfQLP_16wezterm_parallel
FNDA:0,_RNCNCNCNvMNtNtCsezqlaDlZ1Zy_16wezterm_parallel9dashboard10task_boardNtB8_16TaskBoardManager15get_board_state0s_0s_0CsjIgq8mvfQLP_16wezterm_parallel
FNDA:0,_RNCNCNvMNtNtCsezqlaDlZ1Zy_16wezterm_parallel9dashboard10task_boardNtB6_16TaskBoardManager15get_board_state00CsjIgq8mvfQLP_16wezterm_parallel
FNDA:0,_RNCNCNvMNtNtCsezqlaDlZ1Zy_16wezterm_parallel9dashboard10task_boardNtB6_16TaskBoardManager15get_board_state0s_0CsjIgq8mvfQLP_16wezterm_parallel
FNDA:0,_RNCNCNvMNtNtCsezqlaDlZ1Zy_16wezterm_parallel9dashboard10task_boardNtB6_16TaskBoardManager20update_task_progress00CsjIgq8mvfQLP_16wezterm_parallel
FNDA:0,_RNCNCNvMNtNtCsezqlaDlZ1Zy_16wezterm_parallel9dashboard10task_boardNtB6_16TaskBoardManager20update_task_progress0s_0CsjIgq8mvfQLP_16wezterm_parallel
FNDA:0,_RNCNCNvMNtNtCsezqlaDlZ1Zy_16wezterm_parallel9dashboard10task_boardNtB6_16TaskBoardManager26create_task_from_dashboard00CsjIgq8mvfQLP_16wezterm_parallel
FNDA:0,_RNCNCNvMNtNtCsezqlaDlZ1Zy_16wezterm_parallel9dashboard10task_boardNtB6_16TaskBoardManager26create_task_from_dashboard0s_0CsjIgq8mvfQLP_16wezterm_parallel
FNDA:0,_RNCNCNvMNtNtCsezqlaDlZ1Zy_16wezterm_parallel9dashboard10task_boardNtB6_16TaskBoardManager26delete_task_from_dashboard00CsjIgq8mvfQLP_16wezterm_parallel
FNDA:0,_RNCNCNvMNtNtCsezqlaDlZ1Zy_16wezterm_parallel9dashboard10task_boardNtB6_16TaskBoardManager26update_task_from_dashboard00CsjIgq8mvfQLP_16wezterm_parallel
FNDA:0,_RNCNCNvMNtNtCsezqlaDlZ1Zy_16wezterm_parallel9dashboard10task_boardNtB6_16TaskBoardManager26update_task_from_dashboard0s_0CsjIgq8mvfQLP_16wezterm_parallel
FNDA:0,_RNCNCNvMNtNtCsezqlaDlZ1Zy_16wezterm_parallel9dashboard10task_boardNtB6_16TaskBoardManager9move_task00CsjIgq8mvfQLP_16wezterm_parallel
FNDA:0,_RNCNCNvMNtNtCsezqlaDlZ1Zy_16wezterm_parallel9dashboard10task_boardNtB6_16TaskBoardManager9move_task0s_0CsjIgq8mvfQLP_16wezterm_parallel
FNDA:0,_RNCNvMNtNtCsezqlaDlZ1Zy_16wezterm_parallel9dashboard10task_boardNtB4_16TaskBoardManager10initialize0CsjIgq8mvfQLP_16wezterm_parallel
FNDA:0,_RNCNvMNtNtCsezqlaDlZ1Zy_16wezterm_parallel9dashboard10task_boardNtB4_16TaskBoardManager15get_board_state0CsjIgq8mvfQLP_16wezterm_parallel
FNDA:0,_RNCNvMNtNtCsezqlaDlZ1Zy_16wezterm_parallel9dashboard10task_boardNtB4_16TaskBoardManager20update_task_progress0CsjIgq8mvfQLP_16wezterm_parallel
FNDA:0,_RNCNvMNtNtCsezqlaDlZ1Zy_16wezterm_parallel9dashboard10task_boardNtB4_16TaskBoardManager21broadcast_task_update0CsjIgq8mvfQLP_16wezterm_parallel
FNDA:0,_RNCNvMNtNtCsezqlaDlZ1Zy_16wezterm_parallel9dashboard10task_boardNtB4_16TaskBoardManager22broadcast_board_update0CsjIgq8mvfQLP_16wezterm_parallel
FNDA:0,_RNCNvMNtNtCsezqlaDlZ1Zy_16wezterm_parallel9dashboard10task_boardNtB4_16TaskBoardManager26create_task_from_dashboard0CsjIgq8mvfQLP_16wezterm_parallel
FNDA:0,_RNCNvMNtNtCsezqlaDlZ1Zy_16wezterm_parallel9dashboard10task_boardNtB4_16TaskBoardManager26delete_task_from_dashboard0CsjIgq8mvfQLP_16wezterm_parallel
FNDA:0,_RNCNvMNtNtCsezqlaDlZ1Zy_16wezterm_parallel9dashboard10task_boardNtB4_16TaskBoardManager26update_task_from_dashboard0CsjIgq8mvfQLP_16wezterm_parallel
FNDA:0,_RNCNvMNtNtCsezqlaDlZ1Zy_16wezterm_parallel9dashboard10task_boardNtB4_16TaskBoardManager9get_board0CsjIgq8mvfQLP_16wezterm_parallel
FNDA:0,_RNCNvMNtNtCsezqlaDlZ1Zy_16wezterm_parallel9dashboard10task_boardNtB4_16TaskBoardManager9move_task0CsjIgq8mvfQLP_16wezterm_parallel
FNDA:4,_RNvNtNtNtCsbBf3qmLqCJ0_16wezterm_parallel9dashboard10task_board5tests24create_test_task_manager
FNDA:1,_RNvNtNtNtCsbBf3qmLqCJ0_16wezterm_parallel9dashboard10task_board5testss_25test_update_task_progress
FNDA:1,_RNvNtNtNtCsbBf3qmLqCJ0_16wezterm_parallel9dashboard10task_board5testss_27test_board_state_with_tasks
FNDA:1,_RNvNtNtNtCsbBf3qmLqCJ0_16wezterm_parallel9dashboard10task_board5testss_30test_move_task_between_columns
FNDA:1,_RNvNtNtNtCsbBf3qmLqCJ0_16wezterm_parallel9dashboard10task_board5testss_32test_task_board_manager_creation
FNDA:0,_RNCNCNvMNtNtCsbBf3qmLqCJ0_16wezterm_parallel9dashboard10task_boardNtB6_16TaskBoardManager23start_real_time_updates00Ba_
FNDA:0,_RNCNvMNtNtCsbBf3qmLqCJ0_16wezterm_parallel9dashboard10task_boardNtB4_16TaskBoardManager11list_boards0B8_
FNDA:0,_RNCNvMNtNtCsbBf3qmLqCJ0_16wezterm_parallel9dashboard10task_boardNtB4_16TaskBoardManager12create_board0B8_
FNDA:0,_RNCNvMNtNtCsbBf3qmLqCJ0_16wezterm_parallel9dashboard10task_boardNtB4_16TaskBoardManager12delete_board0B8_
FNDA:0,_RNCNvMNtNtCsbBf3qmLqCJ0_16wezterm_parallel9dashboard10task_boardNtB4_16TaskBoardManager12update_board0B8_
FNDA:0,_RNCNvMNtNtCsbBf3qmLqCJ0_16wezterm_parallel9dashboard10task_boardNtB4_16TaskBoardManager23start_real_time_updates0B8_
FNDA:0,_RNvMNtNtCsbBf3qmLqCJ0_16wezterm_parallel9dashboard10task_boardNtB2_16TaskBoardManager11list_boards
FNDA:0,_RNvMNtNtCsbBf3qmLqCJ0_16wezterm_parallel9dashboard10task_boardNtB2_16TaskBoardManager12create_board
FNDA:0,_RNvMNtNtCsbBf3qmLqCJ0_16wezterm_parallel9dashboard10task_boardNtB2_16TaskBoardManager12delete_board
FNDA:0,_RNvMNtNtCsbBf3qmLqCJ0_16wezterm_parallel9dashboard10task_boardNtB2_16TaskBoardManager12update_board
FNDA:0,_RNvMNtNtCsbBf3qmLqCJ0_16wezterm_parallel9dashboard10task_boardNtB2_16TaskBoardManager23start_real_time_updates
FNDA:4,_RNvMNtNtCsbBf3qmLqCJ0_16wezterm_parallel9dashboard10task_boardNtB2_16TaskBoardManager10initialize
FNDA:6,_RNvMNtNtCsbBf3qmLqCJ0_16wezterm_parallel9dashboard10task_boardNtB2_16TaskBoardManager15get_board_state
FNDA:3,_RNvMNtNtCsbBf3qmLqCJ0_16wezterm_parallel9dashboard10task_boardNtB2_16TaskBoardManager19status_to_column_id
FNDA:1,_RNvMNtNtCsbBf3qmLqCJ0_16wezterm_parallel9dashboard10task_boardNtB2_16TaskBoardManager20update_task_progress
FNDA:0,_RNvMNtNtCsbBf3qmLqCJ0_16wezterm_parallel9dashboard10task_boardNtB2_16TaskBoardManager21broadcast_task_update
FNDA:5,_RNvMNtNtCsbBf3qmLqCJ0_16wezterm_parallel9dashboard10task_boardNtB2_16TaskBoardManager22broadcast_board_update
FNDA:0,_RNvMNtNtCsbBf3qmLqCJ0_16wezterm_parallel9dashboard10task_boardNtB2_16TaskBoardManager26create_task_from_dashboard
FNDA:0,_RNvMNtNtCsbBf3qmLqCJ0_16wezterm_parallel9dashboard10task_boardNtB2_16TaskBoardManager26delete_task_from_dashboard
FNDA:0,_RNvMNtNtCsbBf3qmLqCJ0_16wezterm_parallel9dashboard10task_boardNtB2_16TaskBoardManager26update_task_from_dashboard
FNDA:4,_RNvMNtNtCsbBf3qmLqCJ0_16wezterm_parallel9dashboard10task_boardNtB2_16TaskBoardManager27create_default_board_config
FNDA:4,_RNvMNtNtCsbBf3qmLqCJ0_16wezterm_parallel9dashboard10task_boardNtB2_16TaskBoardManager3new
FNDA:7,_RNvMNtNtCsbBf3qmLqCJ0_16wezterm_parallel9dashboard10task_boardNtB2_16TaskBoardManager9get_board
FNDA:1,_RNvMNtNtCsbBf3qmLqCJ0_16wezterm_parallel9dashboard10task_boardNtB2_16TaskBoardManager9move_task
FNDA:0,_RNCNCNvNtNtNtCsbBf3qmLqCJ0_16wezterm_parallel9dashboard10task_board5testss_25test_update_task_progress00Bb_
FNDA:0,_RNCNCNvNtNtNtCsbBf3qmLqCJ0_16wezterm_parallel9dashboard10task_board5testss_27test_board_state_with_tasks00Bb_
FNDA:2,_RNCNCNvNtNtNtCsbBf3qmLqCJ0_16wezterm_parallel9dashboard10task_board5testss_27test_board_state_with_tasks0s0_0Bb_
FNDA:1,_RNCNCNvNtNtNtCsbBf3qmLqCJ0_16wezterm_parallel9dashboard10task_board5testss_27test_board_state_with_tasks0s_0Bb_
FNDA:0,_RNCNCNvNtNtNtCsbBf3qmLqCJ0_16wezterm_parallel9dashboard10task_board5testss_30test_move_task_between_columns00Bb_
FNDA:0,_RNCNCNvNtNtNtCsbBf3qmLqCJ0_16wezterm_parallel9dashboard10task_board5testss_32test_task_board_manager_creation00Bb_
FNDA:1,_RNCNvNtNtNtCsbBf3qmLqCJ0_16wezterm_parallel9dashboard10task_board5testss_25test_update_task_progress0B9_
FNDA:1,_RNCNvNtNtNtCsbBf3qmLqCJ0_16wezterm_parallel9dashboard10task_board5testss_27test_board_state_with_tasks0B9_
FNDA:1,_RNCNvNtNtNtCsbBf3qmLqCJ0_16wezterm_parallel9dashboard10task_board5testss_30test_move_task_between_columns0B9_
FNDA:1,_RNCNvNtNtNtCsbBf3qmLqCJ0_16wezterm_parallel9dashboard10task_board5testss_32test_task_board_manager_creation0B9_
FNDA:0,_RNCNCNCNvMNtNtCsbBf3qmLqCJ0_16wezterm_parallel9dashboard10task_boardNtB8_16TaskBoardManager15get_board_state0s_00Bc_
FNDA:0,_RNCNCNCNvMNtNtCsbBf3qmLqCJ0_16wezterm_parallel9dashboard10task_boardNtB8_16TaskBoardManager15get_board_state0s_0s0_0Bc_
FNDA:0,_RNCNCNCNvMNtNtCsbBf3qmLqCJ0_16wezterm_parallel9dashboard10task_boardNtB8_16TaskBoardManager15get_board_state0s_0s_0Bc_
FNDA:0,_RNCNCNvMNtNtCsbBf3qmLqCJ0_16wezterm_parallel9dashboard10task_boardNtB6_16TaskBoardManager15get_board_state00Ba_
FNDA:0,_RNCNCNvMNtNtCsbBf3qmLqCJ0_16wezterm_parallel9dashboard10task_boardNtB6_16TaskBoardManager15get_board_state0s_0Ba_
FNDA:0,_RNCNCNvMNtNtCsbBf3qmLqCJ0_16wezterm_parallel9dashboard10task_boardNtB6_16TaskBoardManager20update_task_progress00Ba_
FNDA:0,_RNCNCNvMNtNtCsbBf3qmLqCJ0_16wezterm_parallel9dashboard10task_boardNtB6_16TaskBoardManager20update_task_progress0s_0Ba_
FNDA:0,_RNCNCNvMNtNtCsbBf3qmLqCJ0_16wezterm_parallel9dashboard10task_boardNtB6_16TaskBoardManager26create_task_from_dashboard00Ba_
FNDA:0,_RNCNCNvMNtNtCsbBf3qmLqCJ0_16wezterm_parallel9dashboard10task_boardNtB6_16TaskBoardManager26create_task_from_dashboard0s_0Ba_
FNDA:0,_RNCNCNvMNtNtCsbBf3qmLqCJ0_16wezterm_parallel9dashboard10task_boardNtB6_16TaskBoardManager26delete_task_from_dashboard00Ba_
FNDA:0,_RNCNCNvMNtNtCsbBf3qmLqCJ0_16wezterm_parallel9dashboard10task_boardNtB6_16TaskBoardManager26update_task_from_dashboard00Ba_
FNDA:0,_RNCNCNvMNtNtCsbBf3qmLqCJ0_16wezterm_parallel9dashboard10task_boardNtB6_16TaskBoardManager26update_task_from_dashboard0s_0Ba_
FNDA:0,_RNCNCNvMNtNtCsbBf3qmLqCJ0_16wezterm_parallel9dashboard10task_boardNtB6_16TaskBoardManager9move_task00Ba_
FNDA:0,_RNCNCNvMNtNtCsbBf3qmLqCJ0_16wezterm_parallel9dashboard10task_boardNtB6_16TaskBoardManager9move_task0s_0Ba_
FNDA:4,_RNCNvMNtNtCsbBf3qmLqCJ0_16wezterm_parallel9dashboard10task_boardNtB4_16TaskBoardManager10initialize0B8_
FNDA:6,_RNCNvMNtNtCsbBf3qmLqCJ0_16wezterm_parallel9dashboard10task_boardNtB4_16TaskBoardManager15get_board_state0B8_
FNDA:1,_RNCNvMNtNtCsbBf3qmLqCJ0_16wezterm_parallel9dashboard10task_boardNtB4_16TaskBoardManager20update_task_progress0B8_
FNDA:0,_RNCNvMNtNtCsbBf3qmLqCJ0_16wezterm_parallel9dashboard10task_boardNtB4_16TaskBoardManager21broadcast_task_update0B8_
FNDA:5,_RNCNvMNtNtCsbBf3qmLqCJ0_16wezterm_parallel9dashboard10task_boardNtB4_16TaskBoardManager22broadcast_board_update0B8_
FNDA:0,_RNCNvMNtNtCsbBf3qmLqCJ0_16wezterm_parallel9dashboard10task_boardNtB4_16TaskBoardManager26create_task_from_dashboard0B8_
FNDA:0,_RNCNvMNtNtCsbBf3qmLqCJ0_16wezterm_parallel9dashboard10task_boardNtB4_16TaskBoardManager26delete_task_from_dashboard0B8_
FNDA:0,_RNCNvMNtNtCsbBf3qmLqCJ0_16wezterm_parallel9dashboard10task_boardNtB4_16TaskBoardManager26update_task_from_dashboard0B8_
FNDA:7,_RNCNvMNtNtCsbBf3qmLqCJ0_16wezterm_parallel9dashboard10task_boardNtB4_16TaskBoardManager9get_board0B8_
FNDA:1,_RNCNvMNtNtCsbBf3qmLqCJ0_16wezterm_parallel9dashboard10task_boardNtB4_16TaskBoardManager9move_task0B8_
FNF:63
FNH:26
DA:30,4
DA:31,4
DA:32,4
DA:33,4
DA:34,4
DA:36,4
DA:37,4
DA:38,4
DA:39,4
DA:40,4
DA:41,4
DA:42,4
DA:45,4
DA:46,4
DA:49,4
DA:50,4
DA:54,4
DA:56,4
DA:57,4
DA:58,4
DA:59,4
DA:60,4
DA:62,4
DA:63,4
DA:66,4
DA:67,4
DA:68,4
DA:69,4
DA:70,4
DA:71,4
DA:72,4
DA:73,4
DA:74,4
DA:75,4
DA:76,4
DA:77,4
DA:78,4
DA:79,4
DA:80,4
DA:81,4
DA:82,4
DA:83,4
DA:84,4
DA:85,4
DA:86,4
DA:87,4
DA:88,4
DA:89,4
DA:90,4
DA:91,4
DA:92,4
DA:93,4
DA:94,4
DA:95,4
DA:96,4
DA:97,4
DA:98,4
DA:99,4
DA:100,4
DA:101,4
DA:102,4
DA:103,4
DA:104,4
[...]
FNDA:2,_RNCNvMs_NtNtCsbBf3qmLqCJ0_16wezterm_parallel4task7trackerNtB6_11TaskTracker9get_stats0Ba_
FNDA:3,_RNCNvMs_NtNtCsbBf3qmLqCJ0_16wezterm_parallel4task7trackerNtB6_11TaskTracker9stop_task0Ba_
FNDA:0,_RNCNCNvMs_NtNtCsbBf3qmLqCJ0_16wezterm_parallel4task7trackerNtB8_11TaskTracker16get_task_history00Bc_
FNDA:0,_RNCNCNvMs_NtNtCsbBf3qmLqCJ0_16wezterm_parallel4task7trackerNtB8_11TaskTracker17get_task_insights00Bc_
FNDA:0,_RNCNCNvMs_NtNtCsbBf3qmLqCJ0_16wezterm_parallel4task7trackerNtB8_11TaskTracker37generate_enhanced_productivity_report00Bc_
FNDA:0,_RNCNCNvMs_NtNtCsbBf3qmLqCJ0_16wezterm_parallel4task7trackerNtB8_11TaskTracker37generate_enhanced_productivity_report0s1_0Bc_
FNDA:0,_RNCNCNvMs_NtNtCsbBf3qmLqCJ0_16wezterm_parallel4task7trackerNtB8_11TaskTracker37generate_enhanced_productivity_report0s3_0Bc_
FNDA:0,_RNCNCNvMs_NtNtCsbBf3qmLqCJ0_16wezterm_parallel4task7trackerNtB8_11TaskTracker37generate_enhanced_productivity_report0s_0Bc_
FNDA:0,_RNCNvMs_NtNtCsbBf3qmLqCJ0_16wezterm_parallel4task7trackerNtB6_11TaskTracker15update_activity0Ba_
FNDA:0,_RNCNvMs_NtNtCsbBf3qmLqCJ0_16wezterm_parallel4task7trackerNtB6_11TaskTracker16get_task_history0Ba_
FNDA:0,_RNCNvMs_NtNtCsbBf3qmLqCJ0_16wezterm_parallel4task7trackerNtB6_11TaskTracker17get_daily_summary0Ba_
FNDA:0,_RNCNvMs_NtNtCsbBf3qmLqCJ0_16wezterm_parallel4task7trackerNtB6_11TaskTracker17get_task_insights0Ba_
FNDA:0,_RNCNvMs_NtNtCsbBf3qmLqCJ0_16wezterm_parallel4task7trackerNtB6_11TaskTracker23get_productivity_report0Ba_
FNDA:0,_RNCNvMs_NtNtCsbBf3qmLqCJ0_16wezterm_parallel4task7trackerNtB6_11TaskTracker37generate_enhanced_productivity_report0Ba_
FNDA:0,_RNvMs0_NtNtCsbBf3qmLqCJ0_16wezterm_parallel4task7trackerNtB5_15TrackingSession16get_focused_time
FNDA:0,_RNvMs0_NtNtCsbBf3qmLqCJ0_16wezterm_parallel4task7trackerNtB5_15TrackingSession20get_current_duration
FNDA:0,_RNvMs1_NtNtCsbBf3qmLqCJ0_16wezterm_parallel4task7trackerNtB5_16CompletedSession14get_total_time
FNDA:0,_RNvMs1_NtNtCsbBf3qmLqCJ0_16wezterm_parallel4task7trackerNtB5_16CompletedSession16get_focused_time
FNDA:0,_RNvMs_NtNtCsbBf3qmLqCJ0_16wezterm_parallel4task7trackerNtB4_11TaskTracker15update_activity
FNDA:0,_RNvMs_NtNtCsbBf3qmLqCJ0_16wezterm_parallel4task7trackerNtB4_11TaskTracker16get_task_history
FNDA:0,_RNvMs_NtNtCsbBf3qmLqCJ0_16wezterm_parallel4task7trackerNtB4_11TaskTracker17get_daily_summary
FNDA:0,_RNvMs_NtNtCsbBf3qmLqCJ0_16wezterm_parallel4task7trackerNtB4_11TaskTracker17get_task_insights
FNDA:0,_RNvMs_NtNtCsbBf3qmLqCJ0_16wezterm_parallel4task7trackerNtB4_11TaskTracker23get_productivity_report
FNDA:0,_RNvMs_NtNtCsbBf3qmLqCJ0_16wezterm_parallel4task7trackerNtB4_11TaskTracker35calculate_period_productivity_score
FNDA:0,_RNvMs_NtNtCsbBf3qmLqCJ0_16wezterm_parallel4task7trackerNtB4_11TaskTracker37generate_enhanced_productivity_report
FNDA:0,_RNvNtNtCsbBf3qmLqCJ0_16wezterm_parallel4task7tracker23parse_date_to_timestamp
FNDA:0,_RNvXNtNtCsbBf3qmLqCJ0_16wezterm_parallel4task7trackerNtB2_11TaskTrackerNtNtCsd2KPTObkMr_4core7default7Default7default
FNDA:0,_RNvXs3_NtNtCsbBf3qmLqCJ0_16wezterm_parallel4task7trackerNtB5_11TimeTrackerNtNtCsd2KPTObkMr_4core7default7Default7default
FNDA:1,_RNvNtNtNtCsbBf3qmLqCJ0_16wezterm_parallel4task7tracker5testss_17test_time_tracker
FNDA:1,_RNvNtNtNtCsbBf3qmLqCJ0_16wezterm_parallel4task7tracker5testss_24test_record_interruption
FNDA:1,_RNvNtNtNtCsbBf3qmLqCJ0_16wezterm_parallel4task7tracker5testss_24test_start_stop_tracking
FNDA:1,_RNvNtNtNtCsbBf3qmLqCJ0_16wezterm_parallel4task7tracker5testss_25test_productivity_metrics
FNDA:1,_RNvNtNtNtCsbBf3qmLqCJ0_16wezterm_parallel4task7tracker5testss_26test_pause_resume_tracking
FNDA:1,_RNvNtNtNtCsbBf3qmLqCJ0_16wezterm_parallel4task7tracker5testss_26test_task_tracker_creation
FNDA:1,_RNvNtNtNtCsbBf3qmLqCJ0_16wezterm_parallel4task7tracker5testss_31test_format_date_from_timestamp
FNDA:1,_RNCNvNtNtNtCsbBf3qmLqCJ0_16wezterm_parallel4task7tracker5testss_17test_time_tracker0B9_
FNDA:1,_RNCNvNtNtNtCsbBf3qmLqCJ0_16wezterm_parallel4task7tracker5testss_24test_record_interruption0B9_
FNDA:1,_RNCNvNtNtNtCsbBf3qmLqCJ0_16wezterm_parallel4task7tracker5testss_24test_start_stop_tracking0B9_
FNDA:1,_RNCNvNtNtNtCsbBf3qmLqCJ0_16wezterm_parallel4task7tracker5testss_25test_productivity_metrics0B9_
FNDA:1,_RNCNvNtNtNtCsbBf3qmLqCJ0_16wezterm_parallel4task7tracker5testss_26test_pause_resume_tracking0B9_
FNDA:1,_RNCNvNtNtNtCsbBf3qmLqCJ0_16wezterm_parallel4task7tracker5testss_26test_task_tracker_creation0B9_
FNDA:16,_RNvMs2_NtNtCsbBf3qmLqCJ0_16wezterm_parallel4task7trackerNtB5_12TrackerStats3new
FNDA:3,_RNvMs4_NtNtCsbBf3qmLqCJ0_16wezterm_parallel4task7trackerNtB5_11TimeTracker10is_running
FNDA:1,_RNvMs4_NtNtCsbBf3qmLqCJ0_16wezterm_parallel4task7trackerNtB5_11TimeTracker3new
FNDA:1,_RNvMs4_NtNtCsbBf3qmLqCJ0_16wezterm_parallel4task7trackerNtB5_11TimeTracker4stop
FNDA:1,_RNvMs4_NtNtCsbBf3qmLqCJ0_16wezterm_parallel4task7trackerNtB5_11TimeTracker5start
FNDA:2,_RNvMs4_NtNtCsbBf3qmLqCJ0_16wezterm_parallel4task7trackerNtB5_11TimeTracker7elapsed
FNDA:1,_RNvMs_NtNtCsbBf3qmLqCJ0_16wezterm_parallel4task7trackerNtB4_11TaskTracker10pause_task
FNDA:4,_RNvMs_NtNtCsbBf3qmLqCJ0_16wezterm_parallel4task7trackerNtB4_11TaskTracker10start_task
FNDA:1,_RNvMs_NtNtCsbBf3qmLqCJ0_16wezterm_parallel4task7trackerNtB4_11TaskTracker11resume_task
FNDA:4,_RNvMs_NtNtCsbBf3qmLqCJ0_16wezterm_parallel4task7trackerNtB4_11TaskTracker18get_active_session
FNDA:2,_RNvMs_NtNtCsbBf3qmLqCJ0_16wezterm_parallel4task7trackerNtB4_11TaskTracker19get_active_sessions
FNDA:1,_RNvMs_NtNtCsbBf3qmLqCJ0_16wezterm_parallel4task7trackerNtB4_11TaskTracker19record_interruption
FNDA:2,_RNvMs_NtNtCsbBf3qmLqCJ0_16wezterm_parallel4task7trackerNtB4_11TaskTracker20update_daily_summary
FNDA:1,_RNvMs_NtNtCsbBf3qmLqCJ0_16wezterm_parallel4task7trackerNtB4_11TaskTracker24get_productivity_metrics
FNDA:2,_RNvMs_NtNtCsbBf3qmLqCJ0_16wezterm_parallel4task7trackerNtB4_11TaskTracker27update_productivity_metrics
FNDA:2,_RNvMs_NtNtCsbBf3qmLqCJ0_16wezterm_parallel4task7trackerNtB4_11TaskTracker28calculate_productivity_score
FNDA:16,_RNvMs_NtNtCsbBf3qmLqCJ0_16wezterm_parallel4task7trackerNtB4_11TaskTracker3new
FNDA:2,_RNvMs_NtNtCsbBf3qmLqCJ0_16wezterm_parallel4task7trackerNtB4_11TaskTracker9get_stats
FNDA:3,_RNvMs_NtNtCsbBf3qmLqCJ0_16wezterm_parallel4task7trackerNtB4_11TaskTracker9stop_task
FNDA:3,_RNvNtNtCsbBf3qmLqCJ0_16wezterm_parallel4task7tracker26format_date_from_timestamp
FNF:72
FNH:46
DA:32,0
DA:33,0
DA:34,0
DA:39,16
DA:40,16
DA:41,16
DA:42,16
DA:43,16
DA:44,16
DA:45,16
DA:46,16
DA:47,16
DA:50,4
DA:51,4
DA:52,4
DA:53,4
DA:54,4
DA:55,4
DA:56,4
DA:57,4
DA:58,4
DA:59,4
DA:60,4
DA:63,4
DA:64,4
DA:68,4
DA:69,4
DA:72,4
DA:73,4
DA:76,3
DA:77,3
DA:78,3
DA:79,3
DA:82,3
DA:83,2
DA:84,2
DA:87,2
DA:88,2
DA:89,2
DA:90,2
DA:91,2
DA:92,2
DA:93,2
DA:94,2
DA:95,2
DA:96,2
DA:97,2
DA:98,2
DA:100,2
DA:104,2
DA:105,2
DA:109,2
DA:112,2
DA:116,2
DA:117,2
DA:118,2
DA:121,2
DA:122,0
DA:124,0
DA:126,2
DA:128,1
DA:130,3
DA:133,1
DA:134,1
DA:135,1
DA:136,1
DA:137,1
DA:138,1
DA:139,1
DA:142,1
DA:143,1
DA:144,1
DA:145,1
DA:146,1
DA:148,1
DA:149,1
DA:150,0
DA:151,0
DA:152,0
DA:153,1
DA:156,1
DA:157,1
DA:158,1
DA:159,1
DA:160,1
DA:161,1
DA:162,1
DA:163,1
DA:165,1
DA:166,1
DA:167,0
DA:168,0
DA:169,0
DA:170,1
DA:173,1
DA:174,1
DA:175,1
DA:176,1
DA:177,1
DA:180,1
DA:181,1
DA:182,1
DA:183,1
DA:184,1
DA:185,1
DA:187,1
DA:188,0
DA:191,0
DA:192,1
DA:195,0
DA:196,0
DA:197,0
DA:198,0
DA:199,0
DA:200,0
DA:201,0
DA:202,0
DA:205,4
DA:206,4
DA:207,4
DA:208,4
DA:211,2
DA:212,2
DA:213,2
DA:214,2
DA:217,0
DA:218,0
DA:219,0
DA:220,0
DA:221,0
DA:222,0
DA:223,0
DA:224,0
DA:227,1
DA:228,1
DA:229,1
DA:230,1
DA:233,0
DA:234,0
DA:235,0
DA:236,0
DA:239,2
DA:240,2
DA:241,2
DA:242,2
DA:245,0
DA:246,0
DA:247,0
DA:248,0
DA:249,0
DA:250,0
DA:251,0
DA:254,0
DA:255,0
DA:257,0
DA:260,0
DA:261,0
DA:262,0
DA:263,0
DA:264,0
DA:265,0
DA:266,0
DA:267,0
DA:268,0
DA:270,0
DA:271,0
DA:272,0
DA:273,0
DA:274,0
DA:275,0
DA:276,0
DA:277,0
DA:279,0
DA:280,0
DA:281,0
DA:282,0
DA:283,0
DA:285,0
DA:286,0
DA:287,0
DA:288,0
DA:289,0
DA:292,0
DA:293,0
DA:295,0
DA:298,0
DA:299,0
DA:301,0
DA:304,0
DA:305,0
DA:307,0
DA:311,0
DA:312,0
DA:313,0
DA:314,0
DA:315,0
DA:316,0
DA:317,0
DA:318,0
DA:319,0
DA:320,0
DA:321,0
DA:322,0
DA:323,0
DA:324,0
DA:325,0
DA:327,0
DA:329,0
DA:330,0
DA:331,0
DA:332,0
DA:333,0
DA:334,0
DA:335,0
DA:336,0
DA:337,0
DA:338,0
DA:339,0
DA:340,0
DA:341,0
DA:342,0
DA:345,0
DA:346,0
DA:347,0
DA:349,0
DA:351,0
DA:352,0
DA:353,0
DA:355,0
DA:356,0
DA:357,0
DA:360,0
DA:361,0
DA:362,0
DA:363,0
DA:364,0
DA:365,0
DA:366,0
DA:368,0
DA:371,0
DA:373,0
DA:374,0
DA:376,0
DA:379,0
DA:380,0
DA:382,0
DA:385,0
DA:386,0
DA:387,0
DA:388,0
DA:389,0
DA:390,0
DA:391,0
DA:392,0
DA:393,0
DA:394,0
DA:395,0
DA:398,0
DA:399,0
DA:400,0
DA:401,0
DA:402,0
DA:403,0
DA:405,0
DA:406,0
DA:407,0
DA:408,0
DA:410,0
DA:411,0
DA:412,0
DA:413,0
DA:414,0
DA:415,0
DA:416,0
DA:420,0
DA:421,0
DA:422,0
DA:423,0
DA:424,0
DA:425,0
DA:427,0
DA:428,0
DA:430,0
DA:433,0
DA:434,0
DA:436,0
DA:438,0
DA:440,0
DA:443,2
DA:444,2
DA:445,0
DA:446,2
DA:448,2
DA:449,2
DA:452,2
DA:455,2
DA:456,2
DA:459,2
DA:460,0
DA:461,0
DA:462,2
DA:464,2
DA:465,2
DA:469,0
DA:470,0
DA:471,0
DA:472,0
DA:474,0
DA:475,0
DA:476,0
DA:479,2
DA:480,2
DA:482,2
DA:483,2
DA:484,2
DA:485,2
DA:486,2
DA:493,2
DA:494,2
DA:496,2
DA:497,2
DA:498,2
DA:499,2
DA:500,2
DA:503,2
DA:504,2
DA:505,2
DA:506,2
DA:509,2
DA:510,2
DA:513,2
DA:514,2
DA:515,2
DA:516,2
DA:517,2
DA:518,2
DA:526,2
DA:528,2
DA:529,2
DA:530,2
DA:531,2
DA:532,2
DA:533,2
DA:534,2
DA:535,2
DA:538,2
DA:539,2
DA:540,2
DA:541,2
DA:542,2
DA:560,0
DA:561,0
DA:562,0
DA:563,0
DA:565,0
DA:567,0
DA:570,0
DA:572,0
DA:573,0
DA:574,0
DA:593,0
DA:594,0
DA:595,0
DA:598,0
DA:600,0
DA:601,0
DA:602,0
DA:697,16
DA:698,16
DA:699,16
DA:700,16
DA:701,16
DA:702,16
DA:703,16
DA:704,16
DA:705,16
DA:715,0
DA:716,0
DA:717,0
DA:721,1
DA:722,1
DA:723,1
DA:725,1
DA:726,1
DA:727,1
DA:729,1
DA:730,1
DA:731,1
DA:732,1
DA:734,0
DA:736,1
DA:738,2
DA:739,2
DA:740,1
DA:741,1
DA:743,1
DA:745,2
DA:747,3
DA:748,3
DA:749,3
DA:753,3
DA:754,3
DA:755,3
DA:756,3
DA:757,3
DA:760,0
DA:763,0
DA:764,0
DA:772,1
DA:773,1
DA:774,1
DA:776,1
DA:777,1
DA:778,1
DA:779,1
DA:782,1
DA:783,1
DA:784,1
DA:787,1
DA:789,1
DA:790,1
DA:791,1
DA:794,1
DA:797,1
DA:798,1
DA:799,1
DA:801,1
DA:802,1
DA:804,1
DA:805,1
DA:806,1
DA:807,1
DA:810,1
DA:811,1
DA:812,1
DA:814,1
DA:816,1
DA:817,1
DA:820,1
DA:821,1
DA:823,1
DA:824,1
DA:827,1
DA:828,1
DA:830,1
DA:831,1
DA:832,1
DA:835,1
DA:836,1
DA:837,1
DA:839,1
DA:840,1
DA:842,1
DA:843,1
DA:844,1
DA:845,1
DA:846,1
DA:847,1
DA:850,1
DA:851,1
DA:852,1
DA:855,1
DA:856,1
DA:857,1
DA:859,1
DA:860,1
DA:862,1
DA:863,1
DA:864,1
DA:865,1
DA:866,1
DA:867,1
DA:870,1
DA:871,1
DA:873,1
DA:874,1
DA:876,1
DA:877,1
DA:878,1
DA:880,1
DA:882,1
DA:883,1
DA:884,1
DA:885,1
DA:886,1
DA:889,1
DA:890,1
DA:891,1
DA:892,1
DA:893,1
BRF:0
BRH:0
LF:525
LH:303
end_of_record
SF:/Users/aiq/work/wezterm-parallel/src/task/types.rs
FN:205,_RNCNvMNtNtCsezqlaDlZ1Zy_16wezterm_parallel4task5typesNtB4_4Task9can_start0B8_
FN:179,_RNvMNtNtCsezqlaDlZ1Zy_16wezterm_parallel4task5typesNtB2_4Task10is_overdue
FN:209,_RNvMNtNtCsezqlaDlZ1Zy_16wezterm_parallel4task5typesNtB2_4Task12get_duration
FN:192,_RNvMNtNtCsezqlaDlZ1Zy_16wezterm_parallel4task5typesNtB2_4Task12is_completed
FN:116,_RNvMNtNtCsezqlaDlZ1Zy_16wezterm_parallel4task5typesNtB2_4Task13update_status
FN:197,_RNvMNtNtCsezqlaDlZ1Zy_16wezterm_parallel4task5typesNtB2_4Task14is_in_progress
FN:166,_RNvMNtNtCsezqlaDlZ1Zy_16wezterm_parallel4task5typesNtB2_4Task15update_progress
FN:83,_RNvMNtNtCsezqlaDlZ1Zy_16wezterm_parallel4task5typesNtB2_4Task3new
FN:148,_RNvMNtNtCsezqlaDlZ1Zy_16wezterm_parallel4task5typesNtB2_4Task8add_note
FN:202,_RNvMNtNtCsezqlaDlZ1Zy_16wezterm_parallel4task5typesNtB2_4Task9can_start
FN:281,_RNvXs0_NtNtCsezqlaDlZ1Zy_16wezterm_parallel4task5typesNtB5_12TaskPriorityNtNtCsd2KPTObkMr_4core3fmt7Display3fmt
FN:333,_RNvXs1_NtNtCsezqlaDlZ1Zy_16wezterm_parallel4task5typesNtB5_12TaskCategoryNtNtCsd2KPTObkMr_4core3fmt7Display3fmt
FN:377,_RNvXs2_NtNtCsezqlaDlZ1Zy_16wezterm_parallel4task5typesNtB5_13TaskExecutionNtNtCsd2KPTObkMr_4core7default7Default7default
FN:407,_RNvXs3_NtNtCsezqlaDlZ1Zy_16wezterm_parallel4task5typesNtB5_11RetryConfigNtNtCsd2KPTObkMr_4core7default7Default7default
FN:247,_RNvXs_NtNtCsezqlaDlZ1Zy_16wezterm_parallel4task5typesNtB4_10TaskStatusNtNtCsd2KPTObkMr_4core3fmt7Display3fmt
FN:561,_RNvNtNtNtCsbBf3qmLqCJ0_16wezterm_parallel4task5types5testss_18test_task_creation
FN:601,_RNvNtNtNtCsbBf3qmLqCJ0_16wezterm_parallel4task5types5testss_23test_task_note_addition
FN:573,_RNvNtNtNtCsbBf3qmLqCJ0_16wezterm_parallel4task5types5testss_23test_task_status_update
FN:633,_RNvNtNtNtCsbBf3qmLqCJ0_16wezterm_parallel4task5types5testss_24test_task_status_display
FN:588,_RNvNtNtNtCsbBf3qmLqCJ0_16wezterm_parallel4task5types5testss_25test_task_progress_update
FN:614,_RNvNtNtNtCsbBf3qmLqCJ0_16wezterm_parallel4task5types5testss_26test_task_dependency_check
FN:626,_RNvNtNtNtCsbBf3qmLqCJ0_16wezterm_parallel4task5types5testss_27test_task_priority_ordering
FN:209,_RNvMNtNtCsbBf3qmLqCJ0_16wezterm_parallel4task5typesNtB2_4Task12get_duration
FN:197,_RNvMNtNtCsbBf3qmLqCJ0_16wezterm_parallel4task5typesNtB2_4Task14is_in_progress
FN:281,_RNvXs0_NtNtCsbBf3qmLqCJ0_16wezterm_parallel4task5typesNtB5_12TaskPriorityNtNtCsd2KPTObkMr_4core3fmt7Display3fmt
FN:333,_RNvXs1_NtNtCsbBf3qmLqCJ0_16wezterm_parallel4task5typesNtB5_12TaskCategoryNtNtCsd2KPTObkMr_4core3fmt7Display3fmt
FN:205,_RNCNvMNtNtCsbBf3qmLqCJ0_16wezterm_parallel4task5typesNtB4_4Task9can_start0B8_
FN:179,_RNvMNtNtCsbBf3qmLqCJ0_16wezterm_parallel4task5typesNtB2_4Task10is_overdue
FN:192,_RNvMNtNtCsbBf3qmLqCJ0_16wezterm_parallel4task5typesNtB2_4Task12is_completed
FN:116,_RNvMNtNtCsbBf3qmLqCJ0_16wezterm_parallel4task5typesNtB2_4Task13update_status
FN:166,_RNvMNtNtCsbBf3qmLqCJ0_16wezterm_parallel4task5typesNtB2_4Task15update_progress
FN:83,_RNvMNtNtCsbBf3qmLqCJ0_16wezterm_parallel4task5typesNtB2_4Task3new
FN:148,_RNvMNtNtCsbBf3qmLqCJ0_16wezterm_parallel4task5typesNtB2_4Task8add_note
FN:202,_RNvMNtNtCsbBf3qmLqCJ0_16wezterm_parallel4task5typesNtB2_4Task9can_start
FN:377,_RNvXs2_NtNtCsbBf3qmLqCJ0_16wezterm_parallel4task5typesNtB5_13TaskExecutionNtNtCsd2KPTObkMr_4core7default7Default7default
FN:407,_RNvXs3_NtNtCsbBf3qmLqCJ0_16wezterm_parallel4task5typesNtB5_11RetryConfigNtNtCsd2KPTObkMr_4core7default7Default7default
FN:247,_RNvXs_NtNtCsbBf3qmLqCJ0_16wezterm_parallel4task5typesNtB4_10TaskStatusNtNtCsd2KPTObkMr_4core3fmt7Display3fmt
FNDA:0,_RNCNvMNtNtCsezqlaDlZ1Zy_16wezterm_parallel4task5typesNtB4_4Task9can_start0B8_
FNDA:0,_RNvMNtNtCsezqlaDlZ1Zy_16wezterm_parallel4task5typesNtB2_4Task10is_overdue
FNDA:0,_RNvMNtNtCsezqlaDlZ1Zy_16wezterm_parallel4task5typesNtB2_4Task12get_duration
FNDA:0,_RNvMNtNtCsezqlaDlZ1Zy_16wezterm_parallel4task5typesNtB2_4Task12is_completed
FNDA:0,_RNvMNtNtCsezqlaDlZ1Zy_16wezterm_parallel4task5typesNtB2_4Task13update_status
FNDA:0,_RNvMNtNtCsezqlaDlZ1Zy_16wezterm_parallel4task5typesNtB2_4Task14is_in_progress
FNDA:0,_RNvMNtNtCsezqlaDlZ1Zy_16wezterm_parallel4task5typesNtB2_4Task15update_progress
FNDA:23,_RNvMNtNtCsezqlaDlZ1Zy_16wezterm_parallel4task5typesNtB2_4Task3new
FNDA:0,_RNvMNtNtCsezqlaDlZ1Zy_16wezterm_parallel4task5typesNtB2_4Task8add_note
FNDA:0,_RNvMNtNtCsezqlaDlZ1Zy_16wezterm_parallel4task5typesNtB2_4Task9can_start
FNDA:0,_RNvXs0_NtNtCsezqlaDlZ1Zy_16wezterm_parallel4task5typesNtB5_12TaskPriorityNtNtCsd2KPTObkMr_4core3fmt7Display3fmt
FNDA:0,_RNvXs1_NtNtCsezqlaDlZ1Zy_16wezterm_parallel4task5typesNtB5_12TaskCategoryNtNtCsd2KPTObkMr_4core3fmt7Display3fmt
FNDA:23,_RNvXs2_NtNtCsezqlaDlZ1Zy_16wezterm_parallel4task5typesNtB5_13TaskExecutionNtNtCsd2KPTObkMr_4core7default7Default7default
FNDA:23,_RNvXs3_NtNtCsezqlaDlZ1Zy_16wezterm_parallel4task5typesNtB5_11RetryConfigNtNtCsd2KPTObkMr_4core7default7Default7default
FNDA:0,_RNvXs_NtNtCsezqlaDlZ1Zy_16wezterm_parallel4task5typesNtB4_10TaskStatusNtNtCsd2KPTObkMr_4core3fmt7Display3fmt
FNDA:1,_RNvNtNtNtCsbBf3qmLqCJ0_16wezterm_parallel4task5types5testss_18test_task_creation
FNDA:1,_RNvNtNtNtCsbBf3qmLqCJ0_16wezterm_parallel4task5types5testss_23test_task_note_addition
FNDA:1,_RNvNtNtNtCsbBf3qmLqCJ0_16wezterm_parallel4task5types5testss_23test_task_status_update
FNDA:1,_RNvNtNtNtCsbBf3qmLqCJ0_16wezterm_parallel4task5types5testss_24test_task_status_display
FNDA:1,_RNvNtNtNtCsbBf3qmLqCJ0_16wezterm_parallel4task5types5testss_25test_task_progress_update
FNDA:1,_RNvNtNtNtCsbBf3qmLqCJ0_16wezterm_parallel4task5types5testss_26test_task_dependency_check
FNDA:1,_RNvNtNtNtCsbBf3qmLqCJ0_16wezterm_parallel4task5types5testss_27test_task_priority_ordering
FNDA:0,_RNvMNtNtCsbBf3qmLqCJ0_16wezterm_parallel4task5typesNtB2_4Task12get_duration
FNDA:0,_RNvMNtNtCsbBf3qmLqCJ0_16wezterm_parallel4task5typesNtB2_4Task14is_in_progress
FNDA:0,_RNvXs0_NtNtCsbBf3qmLqCJ0_16wezterm_parallel4task5typesNtB5_12TaskPriorityNtNtCsd2KPTObkMr_4core3fmt7Display3fmt
FNDA:0,_RNvXs1_NtNtCsbBf3qmLqCJ0_16wezterm_parallel4task5typesNtB5_12TaskCategoryNtNtCsd2KPTObkMr_4core3fmt7Display3fmt
FNDA:2,_RNCNvMNtNtCsbBf3qmLqCJ0_16wezterm_parallel4task5typesNtB4_4Task9can_start0B8_
FNDA:0,_RNvMNtNtCsbBf3qmLqCJ0_16wezterm_parallel4task5typesNtB2_4Task10is_overdue
FNDA:0,_RNvMNtNtCsbBf3qmLqCJ0_16wezterm_parallel4task5typesNtB2_4Task12is_completed
FNDA:15,_RNvMNtNtCsbBf3qmLqCJ0_16wezterm_parallel4task5typesNtB2_4Task13update_status
FNDA:3,_RNvMNtNtCsbBf3qmLqCJ0_16wezterm_parallel4task5typesNtB2_4Task15update_progress
FNDA:31,_RNvMNtNtCsbBf3qmLqCJ0_16wezterm_parallel4task5typesNtB2_4Task3new
FNDA:1,_RNvMNtNtCsbBf3qmLqCJ0_16wezterm_parallel4task5typesNtB2_4Task8add_note
FNDA:2,_RNvMNtNtCsbBf3qmLqCJ0_16wezterm_parallel4task5typesNtB2_4Task9can_start
FNDA:32,_RNvXs2_NtNtCsbBf3qmLqCJ0_16wezterm_parallel4task5typesNtB5_13TaskExecutionNtNtCsd2KPTObkMr_4core7default7Default7default
FNDA:32,_RNvXs3_NtNtCsbBf3qmLqCJ0_16wezterm_parallel4task5typesNtB5_11RetryConfigNtNtCsd2KPTObkMr_4core7default7Default7default
FNDA:3,_RNvXs_NtNtCsbBf3qmLqCJ0_16wezterm_parallel4task5typesNtB4_10TaskStatusNtNtCsd2KPTObkMr_4core3fmt7Display3fmt
FNF:22
FNH:16
DA:83,54
DA:84,54
DA:85,54
DA:86,54
DA:87,54
DA:89,54
DA:90,54
DA:91,54
DA:92,54
DA:93,54
DA:94,54
DA:95,54
DA:96,54
DA:97,54
DA:98,54
DA:99,54
DA:100,54
DA:101,54
DA:102,54
DA:103,54
DA:104,54
DA:105,54
DA:106,54
DA:107,54
DA:108,54
DA:109,54
DA:110,54
DA:111,54
DA:112,54
DA:113,54
DA:116,15
DA:117,15
DA:118,15
DA:119,15
DA:120,15
DA:122,15
DA:124,3
DA:125,3
DA:126,3
DA:129,2
DA:130,2
DA:131,1
DA:132,1
DA:133,2
DA:136,0
DA:137,0
DA:138,0
DA:139,0
DA:141,10
DA:144,15
DA:145,15
DA:148,1
DA:149,1
DA:150,1
DA:151,1
DA:152,1
DA:153,1
DA:154,1
DA:155,1
DA:156,1
DA:157,1
DA:158,1
DA:159,1
DA:160,1
DA:161,1
DA:162,1
DA:163,1
DA:166,3
DA:167,3
DA:168,3
DA:169,3
DA:170,3
DA:171,3
DA:173,3
DA:174,1
DA:175,2
DA:176,3
DA:179,0
DA:180,0
DA:181,0
DA:182,0
DA:183,0
DA:184,0
DA:185,0
DA:187,0
DA:189,0
DA:192,0
DA:193,0
DA:194,0
DA:197,0
DA:198,0
DA:199,0
DA:202,2
DA:203,2
DA:204,2
DA:205,2
DA:206,2
DA:209,0
DA:210,0
DA:211,0
DA:213,0
DA:215,0
DA:247,3
DA:248,3
DA:249,1
DA:250,1
DA:251,0
DA:252,0
DA:253,0
DA:254,1
DA:255,0
DA:256,0
DA:258,3
DA:281,0
DA:282,0
DA:283,0
DA:284,0
DA:285,0
DA:286,0
DA:287,0
DA:289,0
DA:333,0
DA:334,0
DA:335,0
DA:336,0
DA:337,0
DA:338,0
DA:339,0
DA:340,0
DA:341,0
DA:342,0
DA:343,0
DA:344,0
DA:345,0
DA:346,0
DA:348,0
DA:377,55
DA:378,55
DA:379,55
DA:380,55
DA:381,55
DA:382,55
DA:383,55
DA:384,55
DA:385,55
DA:386,55
DA:387,55
DA:407,55
DA:408,55
DA:409,55
DA:410,55
DA:411,55
DA:412,55
DA:413,55
DA:414,55
DA:561,1
DA:562,1
DA:564,1
DA:565,1
DA:566,1
DA:567,1
DA:568,1
DA:569,1
DA:570,1
DA:573,1
DA:574,1
DA:576,1
DA:577,1
DA:578,1
DA:580,1
DA:581,1
DA:582,1
DA:583,1
DA:584,1
DA:585,1
DA:588,1
DA:589,1
DA:591,1
DA:592,1
DA:593,1
DA:595,1
DA:596,1
DA:597,1
DA:598,1
DA:601,1
DA:602,1
DA:604,1
DA:605,1
DA:606,1
DA:608,1
DA:609,1
DA:610,1
DA:611,1
DA:614,1
DA:615,1
DA:617,1
DA:618,1
DA:620,1
DA:621,1
DA:622,1
DA:623,1
DA:626,1
DA:627,1
DA:628,1
DA:629,1
DA:630,1
DA:633,1
DA:634,1
DA:635,1
DA:636,1
DA:637,1
BRF:0
BRH:0
LF:212
LH:160
end_of_record